#
# There is insufficient memory for the Java Runtime Environment to continue.
# Native memory allocation (malloc) failed to allocate 618936 bytes. Error detail: Chunk::new
# Possible reasons:
#   The system is out of physical RAM or swap space
#   This process is running with CompressedOops enabled, and the Java Heap may be blocking the growth of the native heap
# Possible solutions:
#   Reduce memory load on the system
#   Increase physical memory or swap space
#   Check if swap backing store is full
#   Decrease Java heap size (-Xmx/-Xms)
#   Decrease number of Java threads
#   Decrease Java thread stack sizes (-Xss)
#   Set larger code cache with -XX:ReservedCodeCacheSize=
#   JVM is running with Unscaled Compressed Oops mode in which the Java heap is
#     placed in the first 4GB address space. The Java Heap base address is the
#     maximum limit for the native heap growth. Please use -XX:HeapBaseMinAddress
#     to set the Java Heap base and to place the Java Heap above 4GB virtual address.
# This output file may be truncated or incomplete.
#
#  Out of Memory Error (arena.cpp:186), pid=17084, tid=17860
#
# JRE version: Java(TM) SE Runtime Environment (25.0.2+10) (build 25.0.2+10-LTS-69)
# Java VM: Java HotSpot(TM) 64-Bit Server VM (25.0.2+10-LTS-69, mixed mode, sharing, tiered, compressed oops, compressed class ptrs, g1 gc, windows-amd64)
# No core dump will be written. Minidumps are not enabled by default on client versions of Windows
#

---------------  S U M M A R Y ------------

Command Line: -Dfile.encoding=IBM437 --module-path=C:\Users\USER\.m2\repository\org\openjfx\javafx-base\21.0.2\javafx-base-21.0.2-win.jar;C:\Users\USER\.m2\repository\org\openjfx\javafx-base\21.0.2\javafx-base-21.0.2.jar;C:\Users\USER\.m2\repository\org\openjfx\javafx-controls\21.0.2\javafx-controls-21.0.2-win.jar;C:\Users\USER\.m2\repository\org\openjfx\javafx-controls\21.0.2\javafx-controls-21.0.2.jar;C:\Users\USER\.m2\repository\org\openjfx\javafx-fxml\21.0.2\javafx-fxml-21.0.2-win.jar;C:\Users\USER\.m2\repository\org\openjfx\javafx-fxml\21.0.2\javafx-fxml-21.0.2.jar;C:\Users\USER\.m2\repository\org\openjfx\javafx-graphics\21.0.2\javafx-graphics-21.0.2-win.jar;C:\Users\USER\.m2\repository\org\openjfx\javafx-graphics\21.0.2\javafx-graphics-21.0.2.jar --add-modules=javafx.base,javafx.controls,javafx.fxml,javafx.graphics org.kostlink.Main

Host: AMD Athlon Gold 3150U with Radeon Graphics     , 4 cores, 3G,  Windows 11 , 64 bit Build 22621 (10.0.22621.5415)
Time: Thu May 28 21:01:07 2026 SE Asia Standard Time elapsed time: 103.907253 seconds (0d 0h 1m 43s)

---------------  T H R E A D  ---------------

Current thread (0x000001e6578e1320):  JavaThread "C2 CompilerThread0" daemon [_thread_in_native, id=17860, stack(0x0000003cc8500000,0x0000003cc8600000) (1024K)]


Current CompileTask:
C2:103907 4551       4       com.sun.javafx.css.StyleManager$Cache::getStyleMap (400 bytes)

Stack: [0x0000003cc8500000,0x0000003cc8600000]
Native frames: (J=compiled Java code, j=interpreted, Vv=VM code, C=native code)
V  [jvm.dll+0x7a70f9]  (no source info available)
V  [jvm.dll+0x772d6d]  (no source info available)
V  [jvm.dll+0x965d53]  (no source info available)
V  [jvm.dll+0x968351]  (no source info available)
V  [jvm.dll+0x968a63]  (no source info available)
V  [jvm.dll+0x2fc846]  (no source info available)
V  [jvm.dll+0x111b16]  (no source info available)
V  [jvm.dll+0x111e3e]  (no source info available)
V  [jvm.dll+0x45276d]  (no source info available)
V  [jvm.dll+0x421aa2]  (no source info available)
V  [jvm.dll+0x420eba]  (no source info available)
V  [jvm.dll+0x2c0979]  (no source info available)
V  [jvm.dll+0x2bfb5f]  (no source info available)
V  [jvm.dll+0x2379a0]  (no source info available)
V  [jvm.dll+0x2cfc86]  (no source info available)
V  [jvm.dll+0x2cdf05]  (no source info available)
V  [jvm.dll+0x48e9d1]  (no source info available)
V  [jvm.dll+0x906fcd]  (no source info available)
V  [jvm.dll+0x7a56d5]  (no source info available)
C  [ucrtbase.dll+0x29333]  (no source info available)
C  [KERNEL32.DLL+0x1259d]  (no source info available)
C  [ntdll.dll+0x5af78]  (no source info available)

Lock stack of current Java thread (top to bottom):


---------------  P R O C E S S  ---------------

Threads class SMR info:
_java_thread_list=0x000001e657ccc0b0, length=18, elements={
0x000001e63a873590, 0x000001e6578d8550, 0x000001e6578d9110, 0x000001e6578d9cd0,
0x000001e6578da890, 0x000001e6578db450, 0x000001e6578dc010, 0x000001e6578e1320,
0x000001e6579540b0, 0x000001e6579b4b70, 0x000001e657c6e2a0, 0x000001e65c60e500,
0x000001e65c68c3d0, 0x000001e65c59c620, 0x000001e661be4c40, 0x000001e661c01770,
0x000001e661cdc260, 0x000001e661cde1a0
}

Java Threads: ( => current thread )
  0x000001e63a873590 JavaThread "main"                              [_thread_blocked, id=17516, stack(0x0000003cc7700000,0x0000003cc7800000) (1024K)]
  0x000001e6578d8550 JavaThread "Reference Handler"          daemon [_thread_blocked, id=18264, stack(0x0000003cc7f00000,0x0000003cc8000000) (1024K)]
  0x000001e6578d9110 JavaThread "Finalizer"                  daemon [_thread_blocked, id=18120, stack(0x0000003cc8000000,0x0000003cc8100000) (1024K)]
  0x000001e6578d9cd0 JavaThread "Signal Dispatcher"          daemon [_thread_blocked, id=18892, stack(0x0000003cc8100000,0x0000003cc8200000) (1024K)]
  0x000001e6578da890 JavaThread "Attach Listener"            daemon [_thread_blocked, id=18404, stack(0x0000003cc8200000,0x0000003cc8300000) (1024K)]
  0x000001e6578db450 JavaThread "Service Thread"             daemon [_thread_blocked, id=14768, stack(0x0000003cc8300000,0x0000003cc8400000) (1024K)]
  0x000001e6578dc010 JavaThread "Monitor Deflation Thread"   daemon [_thread_blocked, id=18760, stack(0x0000003cc8400000,0x0000003cc8500000) (1024K)]
=>0x000001e6578e1320 JavaThread "C2 CompilerThread0"         daemon [_thread_in_native, id=17860, stack(0x0000003cc8500000,0x0000003cc8600000) (1024K)]
  0x000001e6579540b0 JavaThread "C1 CompilerThread0"         daemon [_thread_blocked, id=19180, stack(0x0000003cc8600000,0x0000003cc8700000) (1024K)]
  0x000001e6579b4b70 JavaThread "Common-Cleaner"             daemon [_thread_blocked, id=1096, stack(0x0000003cc8700000,0x0000003cc8800000) (1024K)]
  0x000001e657c6e2a0 JavaThread "Notification Thread"        daemon [_thread_blocked, id=17296, stack(0x0000003cc8800000,0x0000003cc8900000) (1024K)]
  0x000001e65c60e500 JavaThread "QuantumRenderer-0"          daemon [_thread_blocked, id=14148, stack(0x0000003cc8900000,0x0000003cc8a00000) (1024K)]
  0x000001e65c68c3d0 JavaThread "InvokeLaterDispatcher"      daemon [_thread_blocked, id=18032, stack(0x0000003cc8c00000,0x0000003cc8d00000) (1024K)]
  0x000001e65c59c620 JavaThread "JavaFX Application Thread"         [_thread_in_native, id=14164, stack(0x0000003cc8d00000,0x0000003cc8e00000) (1024K)]
  0x000001e661be4c40 JavaThread "Thread-1"                   daemon [_thread_in_native, id=5324, stack(0x0000003cc9200000,0x0000003cc9300000) (1024K)]
  0x000001e661c01770 JavaThread "JavaFX-Launcher"                   [_thread_blocked, id=18452, stack(0x0000003cc9300000,0x0000003cc9400000) (1024K)]
  0x000001e661cdc260 JavaThread "Prism Font Disposer"        daemon [_thread_blocked, id=18612, stack(0x0000003cc9800000,0x0000003cc9900000) (1024K)]
  0x000001e661cde1a0 JavaThread "Cleaner-0"                  daemon [_thread_blocked, id=18560, stack(0x0000003cc9900000,0x0000003cc9a00000) (1024K)]
Total: 18

Other Threads:
  0x000001e6578c9050 VMThread "VM Thread"                           [id=1728, stack(0x0000003cc7e00000,0x0000003cc7f00000) (1024K)]
  0x000001e63cb8bea0 WatcherThread "VM Periodic Task Thread"        [id=13564, stack(0x0000003cc7d00000,0x0000003cc7e00000) (1024K)]
  0x000001e63cb06c90 WorkerThread "GC Thread#0"                     [id=7984, stack(0x0000003cc7800000,0x0000003cc7900000) (1024K)]
  0x000001e661c5b460 WorkerThread "GC Thread#1"                     [id=19112, stack(0x0000003cc9400000,0x0000003cc9500000) (1024K)]
  0x000001e661c6bce0 WorkerThread "GC Thread#2"                     [id=19440, stack(0x0000003cc9500000,0x0000003cc9600000) (1024K)]
  0x000001e661c6c110 WorkerThread "GC Thread#3"                     [id=18716, stack(0x0000003cc9600000,0x0000003cc9700000) (1024K)]
  0x000001e63cb12320 ConcurrentGCThread "G1 Main Marker"            [id=13964, stack(0x0000003cc7900000,0x0000003cc7a00000) (1024K)]
  0x000001e63cb13040 WorkerThread "G1 Conc#0"                       [id=356, stack(0x0000003cc7a00000,0x0000003cc7b00000) (1024K)]
  0x000001e63cb38d70 ConcurrentGCThread "G1 Refine#0"               [id=17748, stack(0x0000003cc7b00000,0x0000003cc7c00000) (1024K)]
  0x000001e63cb39980 ConcurrentGCThread "G1 Service"                [id=12044, stack(0x0000003cc7c00000,0x0000003cc7d00000) (1024K)]
Total: 10

Threads with active compile tasks:
C2 CompilerThread0  104072 4551       4       com.sun.javafx.css.StyleManager$Cache::getStyleMap (400 bytes)
Total: 1

VM state: not at safepoint (normal execution)

VM Mutex/Monitor currently owned by a thread: None

Heap address: 0x00000000c8c00000, size: 884 MB, Compressed Oops mode: 32-bit

CDS archive(s) mapped at: [0x000000000a000000-0x000000000add0000-0x000000000add0000), size 14483456, SharedBaseAddress: 0x000000000a000000, ArchiveRelocationMode: 1.
Compressed class space mapped at: 0x000000000b000000-0x000000004b000000, reserved size: 1073741824
UseCompressedClassPointers 1, UseCompactObjectHeaders 0
Narrow klass pointer bits 32, Max shift 3
Narrow klass base: 0x000000000a000000, Narrow klass shift: 0
Encoding Range: [0x000000000a000000 - 0x000000010a000000), (4294967296 bytes)
Klass Range:    [0x000000000a010000 - 0x000000004b000000), (1090453504 bytes)
Klass ID Range:  [65536 - 1090519033) (1090453497)
Protection zone: [0x000000000a000000 - 0x000000000a010000), (65536 bytes)

GC Precious Log:
 CardTable entry size: 512
 Card Set container configuration: InlinePtr #cards 5 size 8 Array Of Cards #cards 10 size 36 Howl #buckets 4 coarsen threshold 1843 Howl Bitmap #cards 512 size 80 coarsen threshold 460 Card regions per heap region 1 cards per card region 2048
 CPUs: 4 total, 4 available
 Memory: 3534M
 Large Page Support: Disabled
 NUMA Support: Disabled
 Compressed Oops: Enabled (32-bit)
 Heap Region Size: 1M
 Heap Min Capacity: 8M
 Heap Initial Capacity: 56M
 Heap Max Capacity: 884M
 Pre-touch: Disabled
 Parallel Workers: 4
 Concurrent Workers: 1
 Concurrent Refinement Workers: 4
 Periodic GC: Disabled

Heap:
 garbage-first heap   total reserved 905216K, committed 59392K, used 34363K [0x00000000c8c00000, 0x0000000100000000)
  region size 1024K, 29 young (29696K), 3 survivors (3072K)

Heap Regions: E=young(eden), S=young(survivor), O=old, HS=humongous(starts), HC=humongous(continues), CS=collection set, F=free, TAMS=top-at-mark-start, PB=parsable bottom
|   0|0x00000000c8c00000, 0x00000000c8d00000, 0x00000000c8d00000|100%| O|  |TAMS 0x00000000c8c00000| PB 0x00000000c8c00000| Untracked |  0
|   1|0x00000000c8d00000, 0x00000000c8e00000, 0x00000000c8e00000|100%| O|  |TAMS 0x00000000c8d00000| PB 0x00000000c8d00000| Untracked |  0
|   2|0x00000000c8e00000, 0x00000000c8f00000, 0x00000000c8f00000|100%| O|  |TAMS 0x00000000c8e00000| PB 0x00000000c8e00000| Untracked |  0
|   3|0x00000000c8f00000, 0x00000000c9000000, 0x00000000c9000000|100%|HS|  |TAMS 0x00000000c8f00000| PB 0x00000000c8f00000| Complete |  0
|   4|0x00000000c9000000, 0x00000000c9100000, 0x00000000c9100000|100%|HC|  |TAMS 0x00000000c9000000| PB 0x00000000c9000000| Complete |  0
|   5|0x00000000c9100000, 0x00000000c9200000, 0x00000000c9200000|100%| O|  |TAMS 0x00000000c9100000| PB 0x00000000c9100000| Untracked |  0
|   6|0x00000000c9200000, 0x00000000c92140b0, 0x00000000c9300000|  7%| O|  |TAMS 0x00000000c9200000| PB 0x00000000c9200000| Untracked |  0
|   7|0x00000000c9300000, 0x00000000c9300000, 0x00000000c9400000|  0%| F|  |TAMS 0x00000000c9300000| PB 0x00000000c9300000| Untracked |  0
|   8|0x00000000c9400000, 0x00000000c9400000, 0x00000000c9500000|  0%| F|  |TAMS 0x00000000c9400000| PB 0x00000000c9400000| Untracked |  0
|   9|0x00000000c9500000, 0x00000000c9500000, 0x00000000c9600000|  0%| F|  |TAMS 0x00000000c9500000| PB 0x00000000c9500000| Untracked |  0
|  10|0x00000000c9600000, 0x00000000c9600000, 0x00000000c9700000|  0%| F|  |TAMS 0x00000000c9600000| PB 0x00000000c9600000| Untracked |  0
|  11|0x00000000c9700000, 0x00000000c9700000, 0x00000000c9800000|  0%| F|  |TAMS 0x00000000c9700000| PB 0x00000000c9700000| Untracked |  0
|  12|0x00000000c9800000, 0x00000000c9800000, 0x00000000c9900000|  0%| F|  |TAMS 0x00000000c9800000| PB 0x00000000c9800000| Untracked |  0
|  13|0x00000000c9900000, 0x00000000c9900000, 0x00000000c9a00000|  0%| F|  |TAMS 0x00000000c9900000| PB 0x00000000c9900000| Untracked |  0
|  14|0x00000000c9a00000, 0x00000000c9a00000, 0x00000000c9b00000|  0%| F|  |TAMS 0x00000000c9a00000| PB 0x00000000c9a00000| Untracked |  0
|  15|0x00000000c9b00000, 0x00000000c9b00000, 0x00000000c9c00000|  0%| F|  |TAMS 0x00000000c9b00000| PB 0x00000000c9b00000| Untracked |  0
|  16|0x00000000c9c00000, 0x00000000c9c00000, 0x00000000c9d00000|  0%| F|  |TAMS 0x00000000c9c00000| PB 0x00000000c9c00000| Untracked |  0
|  17|0x00000000c9d00000, 0x00000000c9d00000, 0x00000000c9e00000|  0%| F|  |TAMS 0x00000000c9d00000| PB 0x00000000c9d00000| Untracked |  0
|  18|0x00000000c9e00000, 0x00000000c9e00000, 0x00000000c9f00000|  0%| F|  |TAMS 0x00000000c9e00000| PB 0x00000000c9e00000| Untracked |  0
|  19|0x00000000c9f00000, 0x00000000c9f00000, 0x00000000ca000000|  0%| F|  |TAMS 0x00000000c9f00000| PB 0x00000000c9f00000| Untracked |  0
|  20|0x00000000ca000000, 0x00000000ca000000, 0x00000000ca100000|  0%| F|  |TAMS 0x00000000ca000000| PB 0x00000000ca000000| Untracked |  0
|  21|0x00000000ca100000, 0x00000000ca100000, 0x00000000ca200000|  0%| F|  |TAMS 0x00000000ca100000| PB 0x00000000ca100000| Untracked |  0
|  22|0x00000000ca200000, 0x00000000ca255680, 0x00000000ca300000| 33%| S|CS|TAMS 0x00000000ca200000| PB 0x00000000ca200000| Complete |  0
|  23|0x00000000ca300000, 0x00000000ca400000, 0x00000000ca400000|100%| S|CS|TAMS 0x00000000ca300000| PB 0x00000000ca300000| Complete |  0
|  24|0x00000000ca400000, 0x00000000ca500000, 0x00000000ca500000|100%| S|CS|TAMS 0x00000000ca400000| PB 0x00000000ca400000| Complete |  0
|  25|0x00000000ca500000, 0x00000000ca500000, 0x00000000ca600000|  0%| F|  |TAMS 0x00000000ca500000| PB 0x00000000ca500000| Untracked |  0
|  26|0x00000000ca600000, 0x00000000ca600000, 0x00000000ca700000|  0%| F|  |TAMS 0x00000000ca600000| PB 0x00000000ca600000| Untracked |  0
|  27|0x00000000ca700000, 0x00000000ca700000, 0x00000000ca800000|  0%| F|  |TAMS 0x00000000ca700000| PB 0x00000000ca700000| Untracked |  0
|  28|0x00000000ca800000, 0x00000000ca800000, 0x00000000ca900000|  0%| F|  |TAMS 0x00000000ca800000| PB 0x00000000ca800000| Untracked |  0
|  29|0x00000000ca900000, 0x00000000ca900000, 0x00000000caa00000|  0%| F|  |TAMS 0x00000000ca900000| PB 0x00000000ca900000| Untracked |  0
|  30|0x00000000caa00000, 0x00000000cab00000, 0x00000000cab00000|100%| E|  |TAMS 0x00000000caa00000| PB 0x00000000caa00000| Complete |  0
|  31|0x00000000cab00000, 0x00000000cac00000, 0x00000000cac00000|100%| E|CS|TAMS 0x00000000cab00000| PB 0x00000000cab00000| Complete |  0
|  32|0x00000000cac00000, 0x00000000cad00000, 0x00000000cad00000|100%| E|CS|TAMS 0x00000000cac00000| PB 0x00000000cac00000| Complete |  0
|  33|0x00000000cad00000, 0x00000000cae00000, 0x00000000cae00000|100%| E|CS|TAMS 0x00000000cad00000| PB 0x00000000cad00000| Complete |  0
|  34|0x00000000cae00000, 0x00000000caf00000, 0x00000000caf00000|100%| E|CS|TAMS 0x00000000cae00000| PB 0x00000000cae00000| Complete |  0
|  35|0x00000000caf00000, 0x00000000cb000000, 0x00000000cb000000|100%| E|CS|TAMS 0x00000000caf00000| PB 0x00000000caf00000| Complete |  0
|  36|0x00000000cb000000, 0x00000000cb100000, 0x00000000cb100000|100%| E|CS|TAMS 0x00000000cb000000| PB 0x00000000cb000000| Complete |  0
|  37|0x00000000cb100000, 0x00000000cb200000, 0x00000000cb200000|100%| E|CS|TAMS 0x00000000cb100000| PB 0x00000000cb100000| Complete |  0
|  38|0x00000000cb200000, 0x00000000cb300000, 0x00000000cb300000|100%| E|CS|TAMS 0x00000000cb200000| PB 0x00000000cb200000| Complete |  0
|  39|0x00000000cb300000, 0x00000000cb400000, 0x00000000cb400000|100%| E|CS|TAMS 0x00000000cb300000| PB 0x00000000cb300000| Complete |  0
|  40|0x00000000cb400000, 0x00000000cb500000, 0x00000000cb500000|100%| E|CS|TAMS 0x00000000cb400000| PB 0x00000000cb400000| Complete |  0
|  41|0x00000000cb500000, 0x00000000cb600000, 0x00000000cb600000|100%| E|CS|TAMS 0x00000000cb500000| PB 0x00000000cb500000| Complete |  0
|  42|0x00000000cb600000, 0x00000000cb700000, 0x00000000cb700000|100%| E|CS|TAMS 0x00000000cb600000| PB 0x00000000cb600000| Complete |  0
|  43|0x00000000cb700000, 0x00000000cb800000, 0x00000000cb800000|100%| E|CS|TAMS 0x00000000cb700000| PB 0x00000000cb700000| Complete |  0
|  44|0x00000000cb800000, 0x00000000cb900000, 0x00000000cb900000|100%| E|CS|TAMS 0x00000000cb800000| PB 0x00000000cb800000| Complete |  0
|  45|0x00000000cb900000, 0x00000000cba00000, 0x00000000cba00000|100%| E|CS|TAMS 0x00000000cb900000| PB 0x00000000cb900000| Complete |  0
|  46|0x00000000cba00000, 0x00000000cbb00000, 0x00000000cbb00000|100%| E|CS|TAMS 0x00000000cba00000| PB 0x00000000cba00000| Complete |  0
|  47|0x00000000cbb00000, 0x00000000cbc00000, 0x00000000cbc00000|100%| E|CS|TAMS 0x00000000cbb00000| PB 0x00000000cbb00000| Complete |  0
|  48|0x00000000cbc00000, 0x00000000cbd00000, 0x00000000cbd00000|100%| E|CS|TAMS 0x00000000cbc00000| PB 0x00000000cbc00000| Complete |  0
|  49|0x00000000cbd00000, 0x00000000cbe00000, 0x00000000cbe00000|100%| E|CS|TAMS 0x00000000cbd00000| PB 0x00000000cbd00000| Complete |  0
|  50|0x00000000cbe00000, 0x00000000cbf00000, 0x00000000cbf00000|100%| E|CS|TAMS 0x00000000cbe00000| PB 0x00000000cbe00000| Complete |  0
|  51|0x00000000cbf00000, 0x00000000cc000000, 0x00000000cc000000|100%| E|CS|TAMS 0x00000000cbf00000| PB 0x00000000cbf00000| Complete |  0
|  52|0x00000000cc000000, 0x00000000cc100000, 0x00000000cc100000|100%| E|CS|TAMS 0x00000000cc000000| PB 0x00000000cc000000| Complete |  0
|  53|0x00000000cc100000, 0x00000000cc200000, 0x00000000cc200000|100%| E|CS|TAMS 0x00000000cc100000| PB 0x00000000cc100000| Complete |  0
|  54|0x00000000cc200000, 0x00000000cc300000, 0x00000000cc300000|100%| E|CS|TAMS 0x00000000cc200000| PB 0x00000000cc200000| Complete |  0
|  55|0x00000000cc300000, 0x00000000cc3ffb10, 0x00000000cc400000| 99%| E|  |TAMS 0x00000000cc300000| PB 0x00000000cc300000| Complete |  0
| 882|0x00000000ffe00000, 0x00000000fff00000, 0x00000000fff00000|100%| O|  |TAMS 0x00000000ffe00000| PB 0x00000000ffe00000| Untracked |  0
| 883|0x00000000fff00000, 0x00000000fff257b8, 0x0000000100000000| 14%| O|  |TAMS 0x00000000fff00000| PB 0x00000000fff00000| Untracked |  0

Card table byte_map: [0x000001e654520000,0x000001e6546e0000] _byte_map_base: 0x000001e653eda000

Marking Bits: (CMBitMap*) 0x000001e63cb07420
 Bits: [0x000001e6546e0000, 0x000001e6554b0000)

Polling page: 0x000001e63c290000

Metaspace:
Metaspace        used 16700K, committed 16960K, reserved 1114112K
 class space     used 2578K, committed 2688K, reserved 1048576K

Usage:
  Non-class:     13.79 MB used.
      Class:      2.52 MB used.
       Both:     16.31 MB used.

Virtual space:
  Non-class space:       64.00 MB reserved,      13.94 MB ( 22%) committed,  1 nodes.
      Class space:        1.00 GB reserved,       2.62 MB ( <1%) committed,  1 nodes.
             Both:        1.06 GB reserved,      16.56 MB (  2%) committed. 

Chunk freelists:
   Non-Class:  1.30 MB
       Class:  13.33 MB
        Both:  14.62 MB

MaxMetaspaceSize: unlimited
CompressedClassSpaceSize: 1.00 GB
Initial GC threshold: 21.00 MB
Current GC threshold: 21.00 MB
CDS: on
 - commit_granule_bytes: 65536.
 - commit_granule_words: 8192.
 - virtual_space_node_default_size: 8388608.
 - enlarge_chunks_in_place: 1.
UseCompressedClassPointers 1, UseCompactObjectHeaders 0
Narrow klass pointer bits 32, Max shift 3
Narrow klass base: 0x000000000a000000, Narrow klass shift: 0
Encoding Range: [0x000000000a000000 - 0x000000010a000000), (4294967296 bytes)
Klass Range:    [0x000000000a010000 - 0x000000004b000000), (1090453504 bytes)
Klass ID Range:  [65536 - 1090519033) (1090453497)
Protection zone: [0x000000000a000000 - 0x000000000a010000), (65536 bytes)


Internal statistics:

num_allocs_failed_limit: 0.
num_arena_births: 156.
num_arena_deaths: 0.
num_vsnodes_births: 2.
num_vsnodes_deaths: 0.
num_space_committed: 265.
num_space_uncommitted: 0.
num_chunks_returned_to_freelist: 0.
num_chunks_taken_from_freelist: 698.
num_chunk_merges: 0.
num_chunk_splits: 515.
num_chunks_enlarged: 440.
num_inconsistent_stats: 0.

CodeHeap 'non-profiled nmethods': size=120064Kb used=1516Kb max_used=1516Kb free=118547Kb
 bounds [0x000001e64ce20000, 0x000001e64d090000, 0x000001e654360000]
CodeHeap 'profiled nmethods': size=120000Kb used=7265Kb max_used=7265Kb free=112735Kb
 bounds [0x000001e645360000, 0x000001e645a80000, 0x000001e64c890000]
CodeHeap 'non-nmethods': size=5696Kb used=1723Kb max_used=1783Kb free=3972Kb
 bounds [0x000001e64c890000, 0x000001e64cb00000, 0x000001e64ce20000]
CodeCache: size=245760Kb, used=10504Kb, max_used=10564Kb, free=235254Kb
 total_blobs=5399, nmethods=4551, adapters=750, full_count=0
Compilation: enabled, stopped_count=0, restarted_count=0

Compilation events (20 events):
Event: 103.232 Thread 0x000001e6578e1320 nmethod 4542 0x000001e64cf9a088 code [0x000001e64cf9a180, 0x000001e64cf9a5b0]
Event: 103.352 Thread 0x000001e6578e1320 4543       4       javafx.scene.Scene$MouseHandler::updateCursorFrame (61 bytes)
Event: 103.356 Thread 0x000001e6578e1320 nmethod 4543 0x000001e64cf9a608 code [0x000001e64cf9a700, 0x000001e64cf9aa18]
Event: 103.728 Thread 0x000001e6579540b0 4544       3       java.util.HashMap$Node::hashCode (16 bytes)
Event: 103.729 Thread 0x000001e6579540b0 nmethod 4544 0x000001e645a73508 code [0x000001e645a73600, 0x000001e645a739e8]
Event: 103.729 Thread 0x000001e6579540b0 4545       3       com.sun.javafx.css.CalculatedValue::hashCode (69 bytes)
Event: 103.729 Thread 0x000001e6579540b0 nmethod 4545 0x000001e645a73a08 code [0x000001e645a73b00, 0x000001e645a74058]
Event: 103.729 Thread 0x000001e6578e1320 4546 %     4       java.lang.StringUTF16::getChars @ 16 (42 bytes)
Event: 103.730 Thread 0x000001e6579540b0 4547       3       com.sun.javafx.geom.DirtyRegionContainer::reset (6 bytes)
Event: 103.730 Thread 0x000001e6579540b0 nmethod 4547 0x000001e645a74088 code [0x000001e645a74180, 0x000001e645a74290]
Event: 103.737 Thread 0x000001e6578e1320 nmethod 4546% 0x000001e64cf9aa88 code [0x000001e64cf9ab80, 0x000001e64cf9ae28]
Event: 103.752 Thread 0x000001e6579540b0 4548       3       javafx.scene.control.Separator::getOrientation (11 bytes)
Event: 103.752 Thread 0x000001e6578e1320 4549       4       javafx.scene.layout.Region::prefHeight (38 bytes)
Event: 103.753 Thread 0x000001e6579540b0 nmethod 4548 0x000001e645a74388 code [0x000001e645a74480, 0x000001e645a74850]
Event: 103.756 Thread 0x000001e6578e1320 nmethod 4549 0x000001e64cf9ae88 code [0x000001e64cf9afa0, 0x000001e64cf9b210]
Event: 103.825 Thread 0x000001e6579540b0 4550       3       javafx.scene.layout.Region$4::invalidated (233 bytes)
Event: 103.825 Thread 0x000001e6578e1320 4551       4       com.sun.javafx.css.StyleManager$Cache::getStyleMap (400 bytes)
Event: 103.828 Thread 0x000001e6579540b0 nmethod 4550 0x000001e645a74888 code [0x000001e645a749a0, 0x000001e645a772f8]
Event: 103.828 Thread 0x000001e6579540b0 4552       3       com.sun.marlin.Renderer::moveTo (41 bytes)
Event: 103.828 Thread 0x000001e6579540b0 nmethod 4552 0x000001e645a77388 code [0x000001e645a774a0, 0x000001e645a77760]

GC Heap Usage History (6 events):
Event: 4.526 {heap Before GC invocations=0 (full 0):
 garbage-first heap   total reserved 905216K, committed 59392K, used 29845K [0x00000000c8c00000, 0x0000000100000000)
  region size 1024K, 28 young (28672K), 0 survivors (0K)
}
Event: 4.552 {heap After GC invocations=1 (full 0):
 garbage-first heap   total reserved 905216K, committed 59392K, used 3349K [0x00000000c8c00000, 0x0000000100000000)
  region size 1024K, 3 young (3072K), 3 survivors (3072K)
}
Event: 6.305 {heap Before GC invocations=1 (full 0):
 garbage-first heap   total reserved 905216K, committed 59392K, used 26901K [0x00000000c8c00000, 0x0000000100000000)
  region size 1024K, 27 young (27648K), 3 survivors (3072K)
}
Event: 6.312 {heap After GC invocations=2 (full 0):
 garbage-first heap   total reserved 905216K, committed 59392K, used 5521K [0x00000000c8c00000, 0x0000000100000000)
  region size 1024K, 3 young (3072K), 3 survivors (3072K)
}
Event: 21.424 {heap Before GC invocations=2 (full 0):
 garbage-first heap   total reserved 905216K, committed 59392K, used 35217K [0x00000000c8c00000, 0x0000000100000000)
  region size 1024K, 31 young (31744K), 3 survivors (3072K)
}
Event: 21.435 {heap After GC invocations=3 (full 0):
 garbage-first heap   total reserved 905216K, committed 59392K, used 9787K [0x00000000c8c00000, 0x0000000100000000)
  region size 1024K, 3 young (3072K), 3 survivors (3072K)
}

Metaspace Usage History (6 events):
Event: 4.526 {metaspace Before GC invocations=0 (full 0):
 Metaspace       used 5302K, committed 5504K, reserved 1114112K
  class space    used 695K, committed 768K, reserved 1048576K
}
Event: 4.552 {metaspace After GC invocations=1 (full 0):
 Metaspace       used 5302K, committed 5504K, reserved 1114112K
  class space    used 695K, committed 768K, reserved 1048576K
}
Event: 6.305 {metaspace Before GC invocations=1 (full 0):
 Metaspace       used 9791K, committed 9920K, reserved 1114112K
  class space    used 1490K, committed 1536K, reserved 1048576K
}
Event: 6.312 {metaspace After GC invocations=2 (full 0):
 Metaspace       used 9791K, committed 9920K, reserved 1114112K
  class space    used 1490K, committed 1536K, reserved 1048576K
}
Event: 21.424 {metaspace Before GC invocations=2 (full 0):
 Metaspace       used 14675K, committed 14848K, reserved 1114112K
  class space    used 2327K, committed 2432K, reserved 1048576K
}
Event: 21.435 {metaspace After GC invocations=3 (full 0):
 Metaspace       used 14675K, committed 14848K, reserved 1114112K
  class space    used 2327K, committed 2432K, reserved 1048576K
}

Dll operation events (20 events):
Event: 1.738 Loaded shared library C:\Users\USER\.openjfx\cache\21.0.2+5\amd64\api-ms-win-crt-locale-l1-1-0.dll
Event: 1.748 Loaded shared library C:\Users\USER\.openjfx\cache\21.0.2+5\amd64\api-ms-win-crt-math-l1-1-0.dll
Event: 1.756 Loaded shared library C:\Users\USER\.openjfx\cache\21.0.2+5\amd64\api-ms-win-crt-multibyte-l1-1-0.dll
Event: 1.767 Loaded shared library C:\Users\USER\.openjfx\cache\21.0.2+5\amd64\api-ms-win-crt-private-l1-1-0.dll
Event: 1.777 Loaded shared library C:\Users\USER\.openjfx\cache\21.0.2+5\amd64\api-ms-win-crt-process-l1-1-0.dll
Event: 1.789 Loaded shared library C:\Users\USER\.openjfx\cache\21.0.2+5\amd64\api-ms-win-crt-runtime-l1-1-0.dll
Event: 1.795 Loaded shared library C:\Users\USER\.openjfx\cache\21.0.2+5\amd64\api-ms-win-crt-stdio-l1-1-0.dll
Event: 1.808 Loaded shared library C:\Users\USER\.openjfx\cache\21.0.2+5\amd64\api-ms-win-crt-string-l1-1-0.dll
Event: 1.820 Loaded shared library C:\Users\USER\.openjfx\cache\21.0.2+5\amd64\api-ms-win-crt-time-l1-1-0.dll
Event: 1.835 Loaded shared library C:\Users\USER\.openjfx\cache\21.0.2+5\amd64\api-ms-win-crt-utility-l1-1-0.dll
Event: 1.885 Loaded shared library C:\Users\USER\.openjfx\cache\21.0.2+5\amd64\ucrtbase.dll
Event: 1.908 Loaded shared library C:\Users\USER\.openjfx\cache\21.0.2+5\amd64\vcruntime140.dll
Event: 1.945 Loaded shared library C:\Users\USER\.openjfx\cache\21.0.2+5\amd64\vcruntime140_1.dll
Event: 1.979 Loaded shared library C:\Users\USER\.openjfx\cache\21.0.2+5\amd64\msvcp140.dll
Event: 1.993 Loaded shared library C:\Users\USER\.openjfx\cache\21.0.2+5\amd64\msvcp140_1.dll
Event: 2.027 Loaded shared library C:\Users\USER\.openjfx\cache\21.0.2+5\amd64\msvcp140_2.dll
Event: 2.151 Loaded shared library C:\Users\USER\.openjfx\cache\21.0.2+5\amd64\prism_d3d.dll
Event: 2.861 Loaded shared library C:\Users\USER\.openjfx\cache\21.0.2+5\amd64\glass.dll
Event: 4.654 Loaded shared library C:\Program Files\Java\jdk-25.0.2\bin\jimage.dll
Event: 4.761 Loaded shared library C:\Users\USER\.openjfx\cache\21.0.2+5\amd64\javafx_font.dll

Deoptimization events (20 events):
Event: 76.013 Thread 0x000001e65c59c620 DEOPT PACKING pc=0x000001e64cf5455c sp=0x0000003cc8dfdae0
Event: 76.013 Thread 0x000001e65c59c620 DEOPT UNPACKING pc=0x000001e64c919102 sp=0x0000003cc8dfd998 mode 2
Event: 76.017 Thread 0x000001e65c59c620 Uncommon trap: trap_request=0xffffffde fr.pc=0x000001e64cf5455c relative=0x0000000000000ebc
Event: 76.017 Thread 0x000001e65c59c620 Uncommon trap: reason=class_check action=maybe_recompile pc=0x000001e64cf5455c method=javafx.scene.Node.intersectsBounds(Lcom/sun/javafx/geom/PickRay;)D @ 818 c2
Event: 76.017 Thread 0x000001e65c59c620 DEOPT PACKING pc=0x000001e64cf5455c sp=0x0000003cc8dfdae0
Event: 76.017 Thread 0x000001e65c59c620 DEOPT UNPACKING pc=0x000001e64c919102 sp=0x0000003cc8dfd998 mode 2
Event: 76.021 Thread 0x000001e65c59c620 Uncommon trap: trap_request=0xffffffde fr.pc=0x000001e64cf5455c relative=0x0000000000000ebc
Event: 76.021 Thread 0x000001e65c59c620 Uncommon trap: reason=class_check action=maybe_recompile pc=0x000001e64cf5455c method=javafx.scene.Node.intersectsBounds(Lcom/sun/javafx/geom/PickRay;)D @ 818 c2
Event: 76.021 Thread 0x000001e65c59c620 DEOPT PACKING pc=0x000001e64cf5455c sp=0x0000003cc8dfdae0
Event: 76.021 Thread 0x000001e65c59c620 DEOPT UNPACKING pc=0x000001e64c919102 sp=0x0000003cc8dfd998 mode 2
Event: 76.234 Thread 0x000001e65c59c620 Uncommon trap: trap_request=0xffffff45 fr.pc=0x000001e64cf5f8a0 relative=0x0000000000000420
Event: 76.234 Thread 0x000001e65c59c620 Uncommon trap: reason=unstable_if action=reinterpret pc=0x000001e64cf5f8a0 method=javafx.scene.Node.updateBounds()V @ 47 c2
Event: 76.234 Thread 0x000001e65c59c620 DEOPT PACKING pc=0x000001e64cf5f8a0 sp=0x0000003cc8dfe720
Event: 76.234 Thread 0x000001e65c59c620 DEOPT UNPACKING pc=0x000001e64c919102 sp=0x0000003cc8dfe6b0 mode 2
Event: 79.017 Thread 0x000001e65c59c620 Uncommon trap: trap_request=0xffffffcc fr.pc=0x000001e64cf8d50c relative=0x000000000000038c
Event: 79.017 Thread 0x000001e65c59c620 Uncommon trap: reason=intrinsic_or_type_checked_inlining action=make_not_entrant pc=0x000001e64cf8d50c method=java.util.Arrays.copyOf([Ljava/lang/Object;ILjava/lang/Class;)[Ljava/lang/Object; @ 35 c2
Event: 79.017 Thread 0x000001e65c59c620 DEOPT PACKING pc=0x000001e64cf8d50c sp=0x0000003cc8dfd2d0
Event: 79.017 Thread 0x000001e65c59c620 DEOPT UNPACKING pc=0x000001e64c919102 sp=0x0000003cc8dfd278 mode 2
Event: 79.033 Thread 0x000001e65c59c620 DEOPT PACKING pc=0x000001e64573f6e8 sp=0x0000003cc8dfc440
Event: 79.033 Thread 0x000001e65c59c620 DEOPT UNPACKING pc=0x000001e64c8e1702 sp=0x0000003cc8dfb8c8 mode 0

Classes loaded (20 events):
Event: 35.935 Loading class sun/text/resources/FormatData_en
Event: 35.935 Loading class sun/text/resources/FormatData_en done
Event: 35.935 Loading class sun/text/resources/FormatData_en_US
Event: 35.935 Loading class sun/text/resources/FormatData_en_US done
Event: 35.935 Loading class sun/util/resources/LocaleData$SupplementaryStrategy
Event: 35.935 Loading class sun/util/resources/LocaleData$SupplementaryStrategy done
Event: 35.936 Loading class sun/text/resources/JavaTimeSupplementary
Event: 35.936 Loading class sun/util/resources/OpenListResourceBundle
Event: 35.936 Loading class sun/util/resources/OpenListResourceBundle done
Event: 35.936 Loading class sun/text/resources/JavaTimeSupplementary done
Event: 35.937 Loading class sun/util/resources/ParallelListResourceBundle$KeySet
Event: 35.937 Loading class sun/util/resources/ParallelListResourceBundle$KeySet done
Event: 35.939 Loading class java/util/regex/Pattern$BnM
Event: 35.939 Loading class java/util/regex/Pattern$BnM done
Event: 35.939 Loading class java/util/regex/Pattern$SliceS
Event: 35.940 Loading class java/util/regex/Pattern$SliceS done
Event: 35.942 Loading class sun/util/locale/provider/CalendarDataUtility$CalendarFieldValueNameGetter
Event: 35.942 Loading class sun/util/locale/provider/CalendarDataUtility$CalendarFieldValueNameGetter done
Event: 75.403 Loading class java/lang/FdLibm$Acos
Event: 75.404 Loading class java/lang/FdLibm$Acos done

Classes unloaded (0 events):
No events

Classes redefined (0 events):
No events

Internal exceptions (20 events):
Event: 7.259 Thread 0x000001e65c59c620 Exception <a 'java/lang/NoSuchMethodError'{0x00000000cb51b0b8}: 'long java.lang.invoke.DirectMethodHandle$Holder.invokeStaticInit(java.lang.Object, java.lang.Object, java.lang.Object)'> (0x00000000cb51b0b8) 
thrown [s\open\src\hotspot\share\interpreter\linkResolver.cpp, line 804]
Event: 7.268 Thread 0x000001e65c59c620 Exception <a 'java/lang/NoSuchMethodError'{0x00000000cb561cc8}: 'java.lang.Object java.lang.invoke.DirectMethodHandle$Holder.newInvokeSpecial(java.lang.Object, java.lang.Object, long)'> (0x00000000cb561cc8) 
thrown [s\open\src\hotspot\share\interpreter\linkResolver.cpp, line 804]
Event: 7.269 Thread 0x000001e65c59c620 Exception <a 'java/lang/NoSuchMethodError'{0x00000000cb56ef68}: 'java.lang.Object java.lang.invoke.Invokers$Holder.linkToTargetMethod(java.lang.Object, long, java.lang.Object)'> (0x00000000cb56ef68) 
thrown [s\open\src\hotspot\share\interpreter\linkResolver.cpp, line 804]
Event: 21.241 Thread 0x000001e65c59c620 Implicit null exception at 0x000001e64ceef4b8 to 0x000001e64ceefe44
Event: 21.531 Thread 0x000001e65c59c620 Exception <a 'java/io/FileNotFoundException'{0x00000000cc353e00}> (0x00000000cc353e00) 
thrown [s\open\src\hotspot\share\prims\jni.cpp, line 516]
Event: 21.532 Thread 0x000001e65c59c620 Exception <a 'java/io/FileNotFoundException'{0x00000000cc355700}> (0x00000000cc355700) 
thrown [s\open\src\hotspot\share\prims\jni.cpp, line 516]
Event: 21.542 Thread 0x000001e65c59c620 Exception <a 'java/io/FileNotFoundException'{0x00000000cc38d920}> (0x00000000cc38d920) 
thrown [s\open\src\hotspot\share\prims\jni.cpp, line 516]
Event: 21.542 Thread 0x000001e65c59c620 Exception <a 'java/io/FileNotFoundException'{0x00000000cc38ecc0}> (0x00000000cc38ecc0) 
thrown [s\open\src\hotspot\share\prims\jni.cpp, line 516]
Event: 21.722 Thread 0x000001e65c59c620 Exception <a 'java/io/FileNotFoundException'{0x00000000cc29c130}> (0x00000000cc29c130) 
thrown [s\open\src\hotspot\share\prims\jni.cpp, line 516]
Event: 21.734 Thread 0x000001e65c59c620 Exception <a 'java/io/FileNotFoundException'{0x00000000cc2d0eb0}> (0x00000000cc2d0eb0) 
thrown [s\open\src\hotspot\share\prims\jni.cpp, line 516]
Event: 21.734 Thread 0x000001e65c59c620 Exception <a 'java/io/FileNotFoundException'{0x00000000cc2d2250}> (0x00000000cc2d2250) 
thrown [s\open\src\hotspot\share\prims\jni.cpp, line 516]
Event: 21.734 Thread 0x000001e65c59c620 Exception <a 'java/io/FileNotFoundException'{0x00000000cc2d3608}> (0x00000000cc2d3608) 
thrown [s\open\src\hotspot\share\prims\jni.cpp, line 516]
Event: 21.734 Thread 0x000001e65c59c620 Exception <a 'java/io/FileNotFoundException'{0x00000000cc2d49a8}> (0x00000000cc2d49a8) 
thrown [s\open\src\hotspot\share\prims\jni.cpp, line 516]
Event: 22.346 Thread 0x000001e65c60e500 Exception <a 'java/lang/NoSuchMethodError'{0x00000000cc06e100}: 'java.lang.Object java.lang.invoke.DirectMethodHandle$Holder.invokeStaticInit(java.lang.Object, int)'> (0x00000000cc06e100) 
thrown [s\open\src\hotspot\share\interpreter\linkResolver.cpp, line 804]
Event: 61.400 Thread 0x000001e65c59c620 Exception <a 'java/io/FileNotFoundException'{0x00000000cb6b08e8}> (0x00000000cb6b08e8) 
thrown [s\open\src\hotspot\share\prims\jni.cpp, line 516]
Event: 73.437 Thread 0x000001e65c59c620 Exception <a 'java/lang/NoSuchMethodError'{0x00000000cb473d38}: 'java.lang.Object java.lang.invoke.DirectMethodHandle$Holder.newInvokeSpecial(java.lang.Object, java.lang.Object, int, int, int, int, int, java.lang.Object)'> (0x00000000cb473d38) 
thrown [s\open\src\hotspot\share\interpreter\linkResolver.cpp, line 804]
Event: 73.447 Thread 0x000001e65c59c620 Exception <a 'java/lang/NoSuchMethodError'{0x00000000cb49ce78}: 'java.lang.Object java.lang.invoke.DirectMethodHandle$Holder.newInvokeSpecial(java.lang.Object, java.lang.Object, java.lang.Object, int, int, int, int, int)'> (0x00000000cb49ce78) 
thrown [s\open\src\hotspot\share\interpreter\linkResolver.cpp, line 804]
Event: 73.450 Thread 0x000001e65c59c620 Exception <a 'java/lang/NoSuchMethodError'{0x00000000cb4ad7f8}: 'java.lang.Object java.lang.invoke.Invokers$Holder.linkToTargetMethod(java.lang.Object, java.lang.Object, int, int, int, int, int, java.lang.Object)'> (0x00000000cb4ad7f8) 
thrown [s\open\src\hotspot\share\interpreter\linkResolver.cpp, line 804]
Event: 75.372 Thread 0x000001e65c59c620 Exception <a 'java/lang/NoSuchMethodError'{0x00000000cad2c0d0}: 'void java.lang.invoke.DirectMethodHandle$Holder.invokeSpecial(java.lang.Object, java.lang.Object, int, int)'> (0x00000000cad2c0d0) 
thrown [s\open\src\hotspot\share\interpreter\linkResolver.cpp, line 804]
Event: 75.375 Thread 0x000001e65c59c620 Exception <a 'java/lang/NoSuchMethodError'{0x00000000cad3b718}: 'java.lang.Object java.lang.invoke.DirectMethodHandle$Holder.newInvokeSpecial(java.lang.Object, java.lang.Object, int, int)'> (0x00000000cad3b718) 
thrown [s\open\src\hotspot\share\interpreter\linkResolver.cpp, line 804]

VM Operations (20 events):
Event: 5.051 Executing non-safepoint VM operation: HandshakeAllThreads (Deoptimize)
Event: 5.051 Executing non-safepoint VM operation: HandshakeAllThreads (Deoptimize) done
Event: 6.305 Executing safepoint VM operation: G1CollectForAllocation (G1 Evacuation Pause)
Event: 6.312 Executing safepoint VM operation: G1CollectForAllocation (G1 Evacuation Pause) done
Event: 7.338 Executing non-safepoint VM operation: HandshakeAllThreads (Deoptimize)
Event: 7.340 Executing non-safepoint VM operation: HandshakeAllThreads (Deoptimize) done
Event: 12.665 Executing non-safepoint VM operation: HandshakeAllThreads (Deoptimize)
Event: 12.665 Executing non-safepoint VM operation: HandshakeAllThreads (Deoptimize) done
Event: 15.460 Executing non-safepoint VM operation: HandshakeAllThreads (Deoptimize)
Event: 15.460 Executing non-safepoint VM operation: HandshakeAllThreads (Deoptimize) done
Event: 21.424 Executing safepoint VM operation: G1CollectForAllocation (G1 Evacuation Pause)
Event: 21.435 Executing safepoint VM operation: G1CollectForAllocation (G1 Evacuation Pause) done
Event: 21.806 Executing non-safepoint VM operation: HandshakeAllThreads (Deoptimize)
Event: 21.806 Executing non-safepoint VM operation: HandshakeAllThreads (Deoptimize) done
Event: 60.268 Executing non-safepoint VM operation: HandshakeAllThreads (HandshakeForDeflation)
Event: 60.268 Executing non-safepoint VM operation: HandshakeAllThreads (HandshakeForDeflation) done
Event: 60.268 Executing non-safepoint VM operation: RendezvousGCThreads
Event: 60.268 Executing non-safepoint VM operation: RendezvousGCThreads done
Event: 75.112 Executing non-safepoint VM operation: HandshakeAllThreads (Deoptimize)
Event: 75.112 Executing non-safepoint VM operation: HandshakeAllThreads (Deoptimize) done

Memory protections (0 events):
No events

Nmethod flushes (0 events):
No events

Events (20 events):
Event: 0.110 Thread 0x000001e63a873590 Thread added: 0x000001e63a873590
Event: 0.142 Thread 0x000001e63a873590 Thread added: 0x000001e6578d8550
Event: 0.142 Thread 0x000001e63a873590 Thread added: 0x000001e6578d9110
Event: 0.143 Thread 0x000001e63a873590 Thread added: 0x000001e6578d9cd0
Event: 0.143 Thread 0x000001e63a873590 Thread added: 0x000001e6578da890
Event: 0.143 Thread 0x000001e63a873590 Thread added: 0x000001e6578db450
Event: 0.143 Thread 0x000001e63a873590 Thread added: 0x000001e6578dc010
Event: 0.143 Thread 0x000001e63a873590 Thread added: 0x000001e6578e1320
Event: 0.176 Thread 0x000001e63a873590 Thread added: 0x000001e6579540b0
Event: 0.275 Thread 0x000001e63a873590 Thread added: 0x000001e6579b4b70
Event: 0.658 Thread 0x000001e63a873590 Thread added: 0x000001e657c6e2a0
Event: 2.112 Thread 0x000001e63a873590 Thread added: 0x000001e65c60e500
Event: 2.872 Thread 0x000001e63a873590 Thread added: 0x000001e65c68c3d0
Event: 2.887 Thread 0x000001e63a873590 Thread added: 0x000001e65c59c620
Event: 4.192 Thread 0x000001e661be4c40 Thread added: 0x000001e661be4c40
Event: 4.225 Thread 0x000001e63a873590 Thread added: 0x000001e661c01770
Event: 6.158 Thread 0x000001e65c59c620 Thread added: 0x000001e661cdc260
Event: 7.303 Thread 0x000001e65c60e500 Thread added: 0x000001e661cde1a0
Event: 35.968 Thread 0x000001e6579540b0 Thread added: 0x000001e65c791090
Event: 38.208 Thread 0x000001e65c791090 Thread exited: 0x000001e65c791090


Dynamic libraries:
0x00007ff656290000 - 0x00007ff6562a0000 	C:\Program Files\Java\jdk-25.0.2\bin\java.exe
0x00007ffc11eb0000 - 0x00007ffc120c8000 	C:\WINDOWS\SYSTEM32\ntdll.dll
0x00007ffc11050000 - 0x00007ffc11114000 	C:\WINDOWS\System32\KERNEL32.DLL
0x00007ffc0f680000 - 0x00007ffc0fa53000 	C:\WINDOWS\System32\KERNELBASE.dll
0x00007ffc0f560000 - 0x00007ffc0f671000 	C:\WINDOWS\System32\ucrtbase.dll
0x00007ffbfae70000 - 0x00007ffbfae87000 	C:\Program Files\Java\jdk-25.0.2\bin\jli.dll
0x00007ffbd4040000 - 0x00007ffbd405e000 	C:\Program Files\Java\jdk-25.0.2\bin\VCRUNTIME140.dll
0x00007ffc106a0000 - 0x00007ffc10852000 	C:\WINDOWS\System32\USER32.dll
0x00007ffc0f390000 - 0x00007ffc0f3b6000 	C:\WINDOWS\System32\win32u.dll
0x00007ffc0fc20000 - 0x00007ffc0fc49000 	C:\WINDOWS\System32\GDI32.dll
0x00007ffc0f440000 - 0x00007ffc0f55b000 	C:\WINDOWS\System32\gdi32full.dll
0x00007ffc0f100000 - 0x00007ffc0f19a000 	C:\WINDOWS\System32\msvcp_win.dll
0x00007ffbfee70000 - 0x00007ffbff10c000 	C:\WINDOWS\WinSxS\amd64_microsoft.windows.common-controls_6595b64144ccf1df_6.0.22621.6060_none_2712eda17382d24b\COMCTL32.dll
0x00007ffc11120000 - 0x00007ffc111c7000 	C:\WINDOWS\System32\msvcrt.dll
0x00007ffc11290000 - 0x00007ffc112c1000 	C:\WINDOWS\System32\IMM32.DLL
0x00007ffbfae60000 - 0x00007ffbfae6c000 	C:\Program Files\Java\jdk-25.0.2\bin\vcruntime140_1.dll
0x00007ffb989b0000 - 0x00007ffb98a3d000 	C:\Program Files\Java\jdk-25.0.2\bin\msvcp140.dll
0x00007ffb2e760000 - 0x00007ffb2f5bf000 	C:\Program Files\Java\jdk-25.0.2\bin\server\jvm.dll
0x00007ffc111d0000 - 0x00007ffc11281000 	C:\WINDOWS\System32\ADVAPI32.dll
0x00007ffc11b80000 - 0x00007ffc11c28000 	C:\WINDOWS\System32\sechost.dll
0x00007ffc0fa60000 - 0x00007ffc0fa88000 	C:\WINDOWS\System32\bcrypt.dll
0x00007ffc10940000 - 0x00007ffc10a58000 	C:\WINDOWS\System32\RPCRT4.dll
0x00007ffc11dc0000 - 0x00007ffc11e31000 	C:\WINDOWS\System32\WS2_32.dll
0x00007ffc0ee90000 - 0x00007ffc0eedd000 	C:\WINDOWS\SYSTEM32\POWRPROF.dll
0x00007ffc0aeb0000 - 0x00007ffc0aee4000 	C:\WINDOWS\SYSTEM32\WINMM.dll
0x00007ffc09050000 - 0x00007ffc0905a000 	C:\WINDOWS\SYSTEM32\VERSION.dll
0x00007ffc0ee70000 - 0x00007ffc0ee83000 	C:\WINDOWS\SYSTEM32\UMPDC.dll
0x00007ffc0df70000 - 0x00007ffc0df88000 	C:\WINDOWS\SYSTEM32\kernel.appcore.dll
0x00007ffbd0ff0000 - 0x00007ffbd0ffa000 	C:\Program Files\Java\jdk-25.0.2\bin\jimage.dll
0x00007ffc0c850000 - 0x00007ffc0ca83000 	C:\WINDOWS\SYSTEM32\DBGHELP.DLL
0x00007ffc10c40000 - 0x00007ffc10fd1000 	C:\WINDOWS\System32\combase.dll
0x00007ffc10860000 - 0x00007ffc10938000 	C:\WINDOWS\System32\OLEAUT32.dll
0x00007ffbf52b0000 - 0x00007ffbf52e2000 	C:\WINDOWS\SYSTEM32\dbgcore.DLL
0x00007ffc0f1a0000 - 0x00007ffc0f21b000 	C:\WINDOWS\System32\bcryptPrimitives.dll
0x00007ffba96c0000 - 0x00007ffba96df000 	C:\Program Files\Java\jdk-25.0.2\bin\java.dll
0x00007ffc10a60000 - 0x00007ffc10c01000 	C:\WINDOWS\System32\ole32.dll
0x00007ffc112d0000 - 0x00007ffc11b6c000 	C:\WINDOWS\System32\SHELL32.dll
0x00007ffc0efc0000 - 0x00007ffc0f0ff000 	C:\WINDOWS\System32\wintypes.dll
0x00007ffc0cd00000 - 0x00007ffc0d61a000 	C:\WINDOWS\SYSTEM32\windows.storage.dll
0x00007ffc10020000 - 0x00007ffc10124000 	C:\WINDOWS\System32\SHCORE.dll
0x00007ffc10fe0000 - 0x00007ffc11049000 	C:\WINDOWS\System32\shlwapi.dll
0x00007ffc0eef0000 - 0x00007ffc0ef15000 	C:\WINDOWS\SYSTEM32\profapi.dll
0x00007ffb9a390000 - 0x00007ffb9a3a2000 	C:\Program Files\Java\jdk-25.0.2\bin\net.dll
0x00007ffc0e460000 - 0x00007ffc0e4c9000 	C:\WINDOWS\system32\mswsock.dll
0x00007ffb99f00000 - 0x00007ffb99f16000 	C:\Program Files\Java\jdk-25.0.2\bin\nio.dll
0x00007ffb98da0000 - 0x00007ffb98db7000 	C:\Program Files\Java\jdk-25.0.2\bin\zip.dll
0x000001e63ca20000 - 0x000001e63ca23000 	C:\Users\USER\.openjfx\cache\21.0.2+5\amd64\api-ms-win-core-console-l1-1-0.dll
0x000001e63ca30000 - 0x000001e63ca33000 	C:\Users\USER\.openjfx\cache\21.0.2+5\amd64\api-ms-win-core-console-l1-2-0.dll
0x000001e63ca40000 - 0x000001e63ca43000 	C:\Users\USER\.openjfx\cache\21.0.2+5\amd64\api-ms-win-core-datetime-l1-1-0.dll
0x000001e63ca50000 - 0x000001e63ca53000 	C:\Users\USER\.openjfx\cache\21.0.2+5\amd64\api-ms-win-core-debug-l1-1-0.dll
0x000001e63ca60000 - 0x000001e63ca63000 	C:\Users\USER\.openjfx\cache\21.0.2+5\amd64\api-ms-win-core-errorhandling-l1-1-0.dll
0x000001e63ca70000 - 0x000001e63ca74000 	C:\Users\USER\.openjfx\cache\21.0.2+5\amd64\api-ms-win-core-file-l1-1-0.dll
0x000001e63ca80000 - 0x000001e63ca83000 	C:\Users\USER\.openjfx\cache\21.0.2+5\amd64\api-ms-win-core-file-l1-2-0.dll
0x000001e657f30000 - 0x000001e657f33000 	C:\Users\USER\.openjfx\cache\21.0.2+5\amd64\api-ms-win-core-file-l2-1-0.dll
0x000001e657f40000 - 0x000001e657f43000 	C:\Users\USER\.openjfx\cache\21.0.2+5\amd64\api-ms-win-core-handle-l1-1-0.dll
0x000001e657f50000 - 0x000001e657f53000 	C:\Users\USER\.openjfx\cache\21.0.2+5\amd64\api-ms-win-core-heap-l1-1-0.dll
0x000001e657f60000 - 0x000001e657f63000 	C:\Users\USER\.openjfx\cache\21.0.2+5\amd64\api-ms-win-core-interlocked-l1-1-0.dll
0x000001e657f70000 - 0x000001e657f73000 	C:\Users\USER\.openjfx\cache\21.0.2+5\amd64\api-ms-win-core-libraryloader-l1-1-0.dll
0x000001e657f80000 - 0x000001e657f83000 	C:\Users\USER\.openjfx\cache\21.0.2+5\amd64\api-ms-win-core-localization-l1-2-0.dll
0x000001e657f90000 - 0x000001e657f93000 	C:\Users\USER\.openjfx\cache\21.0.2+5\amd64\api-ms-win-core-memory-l1-1-0.dll
0x000001e657fa0000 - 0x000001e657fa3000 	C:\Users\USER\.openjfx\cache\21.0.2+5\amd64\api-ms-win-core-namedpipe-l1-1-0.dll
0x000001e657fb0000 - 0x000001e657fb3000 	C:\Users\USER\.openjfx\cache\21.0.2+5\amd64\api-ms-win-core-processenvironment-l1-1-0.dll
0x000001e657fc0000 - 0x000001e657fc3000 	C:\Users\USER\.openjfx\cache\21.0.2+5\amd64\api-ms-win-core-processthreads-l1-1-0.dll
0x000001e657fd0000 - 0x000001e657fd3000 	C:\Users\USER\.openjfx\cache\21.0.2+5\amd64\api-ms-win-core-processthreads-l1-1-1.dll
0x000001e657fe0000 - 0x000001e657fe3000 	C:\Users\USER\.openjfx\cache\21.0.2+5\amd64\api-ms-win-core-profile-l1-1-0.dll
0x000001e657ff0000 - 0x000001e657ff3000 	C:\Users\USER\.openjfx\cache\21.0.2+5\amd64\api-ms-win-core-rtlsupport-l1-1-0.dll
0x000001e65c800000 - 0x000001e65c803000 	C:\Users\USER\.openjfx\cache\21.0.2+5\amd64\api-ms-win-core-string-l1-1-0.dll
0x000001e65c810000 - 0x000001e65c813000 	C:\Users\USER\.openjfx\cache\21.0.2+5\amd64\api-ms-win-core-synch-l1-1-0.dll
0x000001e65c820000 - 0x000001e65c823000 	C:\Users\USER\.openjfx\cache\21.0.2+5\amd64\api-ms-win-core-synch-l1-2-0.dll
0x000001e65c830000 - 0x000001e65c833000 	C:\Users\USER\.openjfx\cache\21.0.2+5\amd64\api-ms-win-core-sysinfo-l1-1-0.dll
0x000001e65c840000 - 0x000001e65c843000 	C:\Users\USER\.openjfx\cache\21.0.2+5\amd64\api-ms-win-core-timezone-l1-1-0.dll
0x000001e65c850000 - 0x000001e65c853000 	C:\Users\USER\.openjfx\cache\21.0.2+5\amd64\api-ms-win-core-util-l1-1-0.dll
0x000001e65c860000 - 0x000001e65c863000 	C:\Users\USER\.openjfx\cache\21.0.2+5\amd64\api-ms-win-crt-conio-l1-1-0.dll
0x000001e65c870000 - 0x000001e65c874000 	C:\Users\USER\.openjfx\cache\21.0.2+5\amd64\api-ms-win-crt-convert-l1-1-0.dll
0x000001e65c880000 - 0x000001e65c883000 	C:\Users\USER\.openjfx\cache\21.0.2+5\amd64\api-ms-win-crt-environment-l1-1-0.dll
0x000001e65c890000 - 0x000001e65c893000 	C:\Users\USER\.openjfx\cache\21.0.2+5\amd64\api-ms-win-crt-filesystem-l1-1-0.dll
0x000001e65c8a0000 - 0x000001e65c8a3000 	C:\Users\USER\.openjfx\cache\21.0.2+5\amd64\api-ms-win-crt-heap-l1-1-0.dll
0x000001e65c8b0000 - 0x000001e65c8b3000 	C:\Users\USER\.openjfx\cache\21.0.2+5\amd64\api-ms-win-crt-locale-l1-1-0.dll
0x000001e65c8c0000 - 0x000001e65c8c5000 	C:\Users\USER\.openjfx\cache\21.0.2+5\amd64\api-ms-win-crt-math-l1-1-0.dll
0x000001e65c8d0000 - 0x000001e65c8d5000 	C:\Users\USER\.openjfx\cache\21.0.2+5\amd64\api-ms-win-crt-multibyte-l1-1-0.dll
0x000001e65c8e0000 - 0x000001e65c8f0000 	C:\Users\USER\.openjfx\cache\21.0.2+5\amd64\api-ms-win-crt-private-l1-1-0.dll
0x000001e65c8f0000 - 0x000001e65c8f3000 	C:\Users\USER\.openjfx\cache\21.0.2+5\amd64\api-ms-win-crt-process-l1-1-0.dll
0x000001e65c900000 - 0x000001e65c904000 	C:\Users\USER\.openjfx\cache\21.0.2+5\amd64\api-ms-win-crt-runtime-l1-1-0.dll
0x000001e65c910000 - 0x000001e65c914000 	C:\Users\USER\.openjfx\cache\21.0.2+5\amd64\api-ms-win-crt-stdio-l1-1-0.dll
0x000001e65c920000 - 0x000001e65c924000 	C:\Users\USER\.openjfx\cache\21.0.2+5\amd64\api-ms-win-crt-string-l1-1-0.dll
0x000001e65c930000 - 0x000001e65c933000 	C:\Users\USER\.openjfx\cache\21.0.2+5\amd64\api-ms-win-crt-time-l1-1-0.dll
0x000001e65c940000 - 0x000001e65c943000 	C:\Users\USER\.openjfx\cache\21.0.2+5\amd64\api-ms-win-crt-utility-l1-1-0.dll
0x00007ffb31710000 - 0x00007ffb3180c000 	C:\Users\USER\.openjfx\cache\21.0.2+5\amd64\ucrtbase.dll
0x00007ffb96b70000 - 0x00007ffb96b8b000 	C:\Users\USER\.openjfx\cache\21.0.2+5\amd64\vcruntime140.dll
0x00007ffbcb260000 - 0x00007ffbcb26c000 	C:\Users\USER\.openjfx\cache\21.0.2+5\amd64\vcruntime140_1.dll
0x00007ffb652a0000 - 0x00007ffb6532e000 	C:\Users\USER\.openjfx\cache\21.0.2+5\amd64\msvcp140.dll
0x00007ffbc9520000 - 0x00007ffbc9529000 	C:\Users\USER\.openjfx\cache\21.0.2+5\amd64\msvcp140_1.dll
0x00007ffb650c0000 - 0x00007ffb65101000 	C:\Users\USER\.openjfx\cache\21.0.2+5\amd64\msvcp140_2.dll
0x00007ffb945f0000 - 0x00007ffb94620000 	C:\Users\USER\.openjfx\cache\21.0.2+5\amd64\prism_d3d.dll
0x00007ffb87ab0000 - 0x00007ffb87c58000 	C:\WINDOWS\system32\d3d9.dll
0x00007ffc0c4d0000 - 0x00007ffc0c4fb000 	C:\WINDOWS\SYSTEM32\dwmapi.dll
0x00007ffc0c190000 - 0x00007ffc0c1c7000 	C:\WINDOWS\SYSTEM32\dxcore.dll
0x00007ffc0c080000 - 0x00007ffc0c133000 	C:\WINDOWS\system32\uxtheme.dll
0x00007ffc044b0000 - 0x00007ffc04668000 	C:\WINDOWS\System32\DriverStore\FileRepository\u0372326.inf_amd64_b91ab8cfa797c6df\B372145\aticfx64.dll
0x00007ffbeaab0000 - 0x00007ffbeaae4000 	C:\WINDOWS\System32\DriverStore\FileRepository\u0372326.inf_amd64_b91ab8cfa797c6df\B372145\atiu9p64.dll
0x00007ffb990d0000 - 0x00007ffb99e24000 	C:\WINDOWS\System32\DriverStore\FileRepository\u0372326.inf_amd64_b91ab8cfa797c6df\B372145\atiumd64.dll
0x000000005a790000 - 0x000000005b605000 	C:\WINDOWS\System32\DriverStore\FileRepository\u0372326.inf_amd64_b91ab8cfa797c6df\B372145\atiumd6a.dll
0x00007ffc10220000 - 0x00007ffc10694000 	C:\WINDOWS\System32\SETUPAPI.dll
0x00007ffc04480000 - 0x00007ffc044b0000 	C:\WINDOWS\SYSTEM32\amdihk64.dll
0x00007ffc08360000 - 0x00007ffc083a9000 	C:\WINDOWS\SYSTEM32\directxdatabasehelper.dll
0x00007ffb65070000 - 0x00007ffb650b2000 	C:\Users\USER\.openjfx\cache\21.0.2+5\amd64\glass.dll
0x00007ffc11c30000 - 0x00007ffc11d33000 	C:\WINDOWS\System32\COMDLG32.dll
0x00007ffc0fc50000 - 0x00007ffc0fdb0000 	C:\WINDOWS\System32\MSCTF.dll
0x00007ffb968b0000 - 0x00007ffb968c4000 	C:\Users\USER\.openjfx\cache\21.0.2+5\amd64\javafx_font.dll
0x00007ffc096d0000 - 0x00007ffc09948000 	C:\WINDOWS\SYSTEM32\dwrite.dll
0x00007ffc0ff70000 - 0x00007ffc10020000 	C:\WINDOWS\System32\clbcatq.dll
0x00007ffc0be80000 - 0x00007ffc0c032000 	C:\WINDOWS\SYSTEM32\WindowsCodecs.dll
0x00007ffbe0770000 - 0x00007ffbe07ce000 	C:\WINDOWS\system32\dataexchange.dll
0x00007ffc05770000 - 0x00007ffc05a16000 	C:\WINDOWS\system32\twinapi.appcore.dll
0x00007ffb91210000 - 0x00007ffb91242000 	C:\Program Files\Common Files\Microsoft Shared\Ink\rtscom.dll
0x00007ffc02df0000 - 0x00007ffc02f35000 	C:\WINDOWS\SYSTEM32\textinputframework.dll
0x00007ffc0a820000 - 0x00007ffc0a953000 	C:\WINDOWS\SYSTEM32\CoreMessaging.dll
0x00007ffc07bc0000 - 0x00007ffc07f2c000 	C:\WINDOWS\SYSTEM32\CoreUIComponents.dll
0x00007ffc0e6d0000 - 0x00007ffc0e6dc000 	C:\WINDOWS\SYSTEM32\CRYPTBASE.DLL

JVMTI agents: none

dbghelp: loaded successfully - version: 4.0.5 - missing functions: none
symbol engine: initialized successfully - sym options: 0x614 - pdb path: .;C:\Program Files\Java\jdk-25.0.2\bin;C:\WINDOWS\SYSTEM32;C:\WINDOWS\WinSxS\amd64_microsoft.windows.common-controls_6595b64144ccf1df_6.0.22621.6060_none_2712eda17382d24b;C:\Program Files\Java\jdk-25.0.2\bin\server;C:\Users\USER\.openjfx\cache\21.0.2+5\amd64;C:\WINDOWS\System32\DriverStore\FileRepository\u0372326.inf_amd64_b91ab8cfa797c6df\B372145;C:\Program Files\Common Files\Microsoft Shared\Ink

VM Arguments:
jvm_args: -Dfile.encoding=IBM437 --module-path=C:\Users\USER\.m2\repository\org\openjfx\javafx-base\21.0.2\javafx-base-21.0.2-win.jar;C:\Users\USER\.m2\repository\org\openjfx\javafx-base\21.0.2\javafx-base-21.0.2.jar;C:\Users\USER\.m2\repository\org\openjfx\javafx-controls\21.0.2\javafx-controls-21.0.2-win.jar;C:\Users\USER\.m2\repository\org\openjfx\javafx-controls\21.0.2\javafx-controls-21.0.2.jar;C:\Users\USER\.m2\repository\org\openjfx\javafx-fxml\21.0.2\javafx-fxml-21.0.2-win.jar;C:\Users\USER\.m2\repository\org\openjfx\javafx-fxml\21.0.2\javafx-fxml-21.0.2.jar;C:\Users\USER\.m2\repository\org\openjfx\javafx-graphics\21.0.2\javafx-graphics-21.0.2-win.jar;C:\Users\USER\.m2\repository\org\openjfx\javafx-graphics\21.0.2\javafx-graphics-21.0.2.jar --add-modules=javafx.base,javafx.controls,javafx.fxml,javafx.graphics 
java_command: org.kostlink.Main
java_class_path (initial): C:\Users\USER\Downloads\FrontendKostlink (1)\FrontendKostlink\target\classes
Launcher Type: SUN_STANDARD

[Global flags]
     intx CICompilerCount                          = 3                                         {product} {ergonomic}
     uint ConcGCThreads                            = 1                                         {product} {ergonomic}
     uint G1ConcRefinementThreads                  = 4                                         {product} {ergonomic}
   size_t G1HeapRegionSize                         = 1048576                                   {product} {ergonomic}
   size_t InitialHeapSize                          = 58720256                                  {product} {ergonomic}
   size_t MarkStackSize                            = 4194304                                   {product} {ergonomic}
   size_t MarkStackSizeMax                         = 536870912                                 {product} {ergonomic}
   size_t MaxHeapSize                              = 926941184                                 {product} {ergonomic}
   size_t MaxNewSize                               = 555745280                                 {product} {ergonomic}
   size_t MinHeapDeltaBytes                        = 1048576                                   {product} {ergonomic}
   size_t MinHeapSize                              = 8388608                                   {product} {ergonomic}
    uintx NonNMethodCodeHeapSize                   = 5832704                                {pd product} {ergonomic}
    uintx NonProfiledCodeHeapSize                  = 122945536                              {pd product} {ergonomic}
    uintx ProfiledCodeHeapSize                     = 122880000                              {pd product} {ergonomic}
    uintx ReservedCodeCacheSize                    = 251658240                              {pd product} {ergonomic}
     bool SegmentedCodeCache                       = true                                      {product} {ergonomic}
   size_t SoftMaxHeapSize                          = 926941184                              {manageable} {ergonomic}
     bool UseCompressedOops                        = true                           {product lp64_product} {ergonomic}
     bool UseG1GC                                  = true                                      {product} {ergonomic}
     bool UseLargePagesIndividualAllocation        = false                                  {pd product} {ergonomic}

Logging:
Log output configuration:
 #0: stdout all=warning uptime,level,tags foldmultilines=false
 #1: stderr all=off uptime,level,tags foldmultilines=false

Release file:
IMPLEMENTOR="Oracle Corporation" 
JAVA_RUNTIME_VERSION="25.0.2+10-LTS-69" 
JAVA_VERSION="25.0.2" 
JAVA_VERSION_DATE="2026-01-20" 
LIBC="default" 
MODULES="java.base java.compiler java.datatransfer java.xml java.prefs java.desktop java.instrument java.logging java.management java.security.sasl java.naming java.rmi java.management.rmi java.net.http java.scripting java.security.jgss java.transaction.xa java.sql java.sql.rowset java.xml.crypto java.se java.smartcardio jdk.accessibility jdk.internal.jvmstat jdk.attach jdk.charsets jdk.internal.opt jdk.zipfs jdk.compiler jdk.crypto.cryptoki jdk.crypto.ec jdk.crypto.mscapi jdk.dynalink jdk.internal.ed jdk.editpad jdk.internal.vm.ci jdk.graal.compiler jdk.graal.compiler.management jdk.hotspot.agent jdk.httpserver jdk.incubator.vector jdk.internal.le jdk.internal.md jdk.jartool jdk.javadoc jdk.jcmd jdk.management jdk.management.agent jdk.jconsole jdk.jdeps jdk.jdwp.agent jdk.jdi jdk.jfr jdk.jlink jdk.jpackage jdk.jshell jdk.jsobject jdk.jstatd jdk.localedata jdk.management.jfr jdk.naming.dns jdk.naming.rmi jdk.net jdk.nio.mapmode jdk.sctp jdk.security.auth jdk.security.jgss jdk.unsupported jdk.unsupported.desktop jdk.xml.dom" 
OS_ARCH="x86_64" 
OS_NAME="Windows" 
SOURCE=".:git:b75efb40c93a open:git:405a5699ebd0" 

Environment Variables:
JAVA_HOME=C:\Program Files\Java\jdk-25.0.2
JAVA_TOOL_OPTIONS=-Dfile.encoding=IBM437
PATH=C:\Program Files\Common Files\Oracle\Java\javapath;C:\WINDOWS\system32;C:\WINDOWS;C:\WINDOWS\System32\Wbem;C:\WINDOWS\System32\WindowsPowerShell\v1.0\;C:\WINDOWS\System32\OpenSSH\;C:\FPC\3.2.2\bin\i386-Win32;C:\MinGW\bin;C:\Program Files\Git\cmd;C:\Program Files\nodejs\;C:\Program Files\Docker\Docker\resources\bin;C:\Program Files\PostgreSQL\15\bin;C:\Program Files\PostgreSQL\18\bin;C:\Program Files\Java\jdk-25.0.2\bin;C:\Users\USER\AppData\Local\Programs\Python\Python313\Scripts\;C:\Users\USER\AppData\Local\Programs\Python\Python313\;C:\Users\USER\AppData\Local\Programs\Python\Launcher\;C:\Users\USER\AppData\Local\Microsoft\WindowsApps;C:\Users\USER\AppData\Local\Programs\Microsoft VS Code\bin;C:\Users\USER\AppData\Roaming\npm;C:\Users\USER\AppData\Local\GitHubDesktop\bin;C:\Program Files\JetBrains\IntelliJ IDEA 2025.3.2\bin;D:\Antigravity\bin
USERNAME=USER
OS=Windows_NT
PROCESSOR_IDENTIFIER=AMD64 Family 23 Model 24 Stepping 1, AuthenticAMD
TMP=C:\Users\USER\AppData\Local\Temp
TEMP=C:\Users\USER\AppData\Local\Temp




Compilation memory statistics disabled.

Periodic native trim disabled

---------------  S Y S T E M  ---------------

OS:
 Windows 11 , 64 bit Build 22621 (10.0.22621.5415)
OS uptime: 0 days 3:27 hours
Hyper-V role detected

CPU: total 4 (initial active 4) (4 cores per cpu, 2 threads per core) family 23 model 24 stepping 1 microcode 0x0, cx8, cmov, fxsr, ht, mmx, 3dnowpref, sse, sse2, sse3, ssse3, sse4a, sse4.1, sse4.2, popcnt, lzcnt, tsc, tscinvbit, avx, avx2, aes, clmul, bmi1, bmi2, adx, sha, fma, vzeroupper, clflush, clflushopt, hv, rdtscp, f16c
Processor Information for the first 4 processors :
  Max Mhz: 2400, Current Mhz: 2400, Mhz Limit: 2400

Memory: 4k page, system-wide physical 3534M (150M free)
TotalPageFile size 14286M (AvailPageFile size 6M)
current process WorkingSet (physical memory assigned to process): 118M, peak: 124M
current process commit charge ("private bytes"): 223M, peak: 232M

vm_info: Java HotSpot(TM) 64-Bit Server VM (25.0.2+10-LTS-69) for windows-amd64 JRE (25.0.2+10-LTS-69), built on 2025-12-18T11:36:35Z with MS VC++ 17.13 (VS2022)

END.
