#
# There is insufficient memory for the Java Runtime Environment to continue.
# Native memory allocation (malloc) failed to allocate 923016 bytes. Error detail: Chunk::new
# Possible reasons:
#   The system is out of physical RAM or swap space
#   This process is running with CompressedOops enabled, and the Java Heap may be blocking the growth of the native heap
# Possible solutions:
#   Reduce memory load on the system
#   Increase physical memory or swap space
#   Check if swap backing store is full
#   Decrease Java heap size (-Xmx/-Xms)
#   Decrease number of Java threads
#   Decrease Java thread stack sizes (-Xss)
#   Set larger code cache with -XX:ReservedCodeCacheSize=
#   JVM is running with Unscaled Compressed Oops mode in which the Java heap is
#     placed in the first 4GB address space. The Java Heap base address is the
#     maximum limit for the native heap growth. Please use -XX:HeapBaseMinAddress
#     to set the Java Heap base and to place the Java Heap above 4GB virtual address.
# This output file may be truncated or incomplete.
#
#  Out of Memory Error (arena.cpp:186), pid=2488, tid=13832
#
# JRE version: Java(TM) SE Runtime Environment (25.0.2+10) (build 25.0.2+10-LTS-69)
# Java VM: Java HotSpot(TM) 64-Bit Server VM (25.0.2+10-LTS-69, mixed mode, sharing, tiered, compressed oops, compressed class ptrs, g1 gc, windows-amd64)
# No core dump will be written. Minidumps are not enabled by default on client versions of Windows
#

---------------  S U M M A R Y ------------

Command Line: -Dfile.encoding=IBM437 --module-path=C:\Users\USER\.m2\repository\org\openjfx\javafx-base\21.0.2\javafx-base-21.0.2-win.jar;C:\Users\USER\.m2\repository\org\openjfx\javafx-base\21.0.2\javafx-base-21.0.2.jar;C:\Users\USER\.m2\repository\org\openjfx\javafx-controls\21.0.2\javafx-controls-21.0.2-win.jar;C:\Users\USER\.m2\repository\org\openjfx\javafx-controls\21.0.2\javafx-controls-21.0.2.jar;C:\Users\USER\.m2\repository\org\openjfx\javafx-fxml\21.0.2\javafx-fxml-21.0.2-win.jar;C:\Users\USER\.m2\repository\org\openjfx\javafx-fxml\21.0.2\javafx-fxml-21.0.2.jar;C:\Users\USER\.m2\repository\org\openjfx\javafx-graphics\21.0.2\javafx-graphics-21.0.2-win.jar;C:\Users\USER\.m2\repository\org\openjfx\javafx-graphics\21.0.2\javafx-graphics-21.0.2.jar --add-modules=javafx.base,javafx.controls,javafx.fxml,javafx.graphics org.kostlink.Main

Host: AMD Athlon Gold 3150U with Radeon Graphics     , 4 cores, 3G,  Windows 11 , 64 bit Build 22621 (10.0.22621.5415)
Time: Fri May 29 00:15:38 2026 SE Asia Standard Time elapsed time: 655.804293 seconds (0d 0h 10m 55s)

---------------  T H R E A D  ---------------

Current thread (0x000002a233250d90):  JavaThread "C2 CompilerThread0" daemon [_thread_in_native, id=13832, stack(0x000000e267e00000,0x000000e267f00000) (1024K)]


Current CompileTask:
C2:655806 5149       4       javafx.scene.control.skin.LabeledSkinBase::computeMaxHeight (12 bytes)

Stack: [0x000000e267e00000,0x000000e267f00000]
Native frames: (J=compiled Java code, j=interpreted, Vv=VM code, C=native code)
V  [jvm.dll+0x7a70f9]  (no source info available)
V  [jvm.dll+0x772d6d]  (no source info available)
V  [jvm.dll+0x965d53]  (no source info available)
V  [jvm.dll+0x968351]  (no source info available)
V  [jvm.dll+0x968a63]  (no source info available)
V  [jvm.dll+0x2fc846]  (no source info available)
V  [jvm.dll+0x111b16]  (no source info available)
V  [jvm.dll+0x111e3e]  (no source info available)
V  [jvm.dll+0x45276d]  (no source info available)
V  [jvm.dll+0x421aa2]  (no source info available)
V  [jvm.dll+0x420eba]  (no source info available)
V  [jvm.dll+0x2c0979]  (no source info available)
V  [jvm.dll+0x2bfb5f]  (no source info available)
V  [jvm.dll+0x2379a0]  (no source info available)
V  [jvm.dll+0x2cfc86]  (no source info available)
V  [jvm.dll+0x2cdf05]  (no source info available)
V  [jvm.dll+0x48e9d1]  (no source info available)
V  [jvm.dll+0x906fcd]  (no source info available)
V  [jvm.dll+0x7a56d5]  (no source info available)
C  [ucrtbase.dll+0x29333]  (no source info available)
C  [KERNEL32.DLL+0x1259d]  (no source info available)
C  [ntdll.dll+0x5af78]  (no source info available)

Lock stack of current Java thread (top to bottom):


---------------  P R O C E S S  ---------------

Threads class SMR info:
_java_thread_list=0x000002a2380c97b0, length=18, elements={
0x000002a216131a90, 0x000002a2332468c0, 0x000002a2332478a0, 0x000002a23324bb50,
0x000002a23324c710, 0x000002a23324d2d0, 0x000002a23324de90, 0x000002a233250d90,
0x000002a233254230, 0x000002a233361370, 0x000002a23349a540, 0x000002a2385fdf60,
0x000002a23869a970, 0x000002a2386a7570, 0x000002a23d68ab90, 0x000002a23d6879a0,
0x000002a23d67aac0, 0x000002a23d673590
}

Java Threads: ( => current thread )
  0x000002a216131a90 JavaThread "main"                              [_thread_blocked, id=4584, stack(0x000000e267000000,0x000000e267100000) (1024K)]
  0x000002a2332468c0 JavaThread "Reference Handler"          daemon [_thread_blocked, id=19184, stack(0x000000e267800000,0x000000e267900000) (1024K)]
  0x000002a2332478a0 JavaThread "Finalizer"                  daemon [_thread_blocked, id=3884, stack(0x000000e267900000,0x000000e267a00000) (1024K)]
  0x000002a23324bb50 JavaThread "Signal Dispatcher"          daemon [_thread_blocked, id=4636, stack(0x000000e267a00000,0x000000e267b00000) (1024K)]
  0x000002a23324c710 JavaThread "Attach Listener"            daemon [_thread_blocked, id=10380, stack(0x000000e267b00000,0x000000e267c00000) (1024K)]
  0x000002a23324d2d0 JavaThread "Service Thread"             daemon [_thread_blocked, id=19328, stack(0x000000e267c00000,0x000000e267d00000) (1024K)]
  0x000002a23324de90 JavaThread "Monitor Deflation Thread"   daemon [_thread_blocked, id=16912, stack(0x000000e267d00000,0x000000e267e00000) (1024K)]
=>0x000002a233250d90 JavaThread "C2 CompilerThread0"         daemon [_thread_in_native, id=13832, stack(0x000000e267e00000,0x000000e267f00000) (1024K)]
  0x000002a233254230 JavaThread "C1 CompilerThread0"         daemon [_thread_blocked, id=17472, stack(0x000000e267f00000,0x000000e268000000) (1024K)]
  0x000002a233361370 JavaThread "Common-Cleaner"             daemon [_thread_blocked, id=5288, stack(0x000000e268000000,0x000000e268100000) (1024K)]
  0x000002a23349a540 JavaThread "Notification Thread"        daemon [_thread_blocked, id=11372, stack(0x000000e268100000,0x000000e268200000) (1024K)]
  0x000002a2385fdf60 JavaThread "QuantumRenderer-0"          daemon [_thread_blocked, id=9060, stack(0x000000e268200000,0x000000e268300000) (1024K)]
  0x000002a23869a970 JavaThread "InvokeLaterDispatcher"      daemon [_thread_blocked, id=12676, stack(0x000000e268500000,0x000000e268600000) (1024K)]
  0x000002a2386a7570 JavaThread "JavaFX Application Thread"         [_thread_in_Java, id=3028, stack(0x000000e268600000,0x000000e268700000) (1024K)]
  0x000002a23d68ab90 JavaThread "Thread-1"                   daemon [_thread_in_native, id=7544, stack(0x000000e268b00000,0x000000e268c00000) (1024K)]
  0x000002a23d6879a0 JavaThread "JavaFX-Launcher"                   [_thread_blocked, id=5060, stack(0x000000e268c00000,0x000000e268d00000) (1024K)]
  0x000002a23d67aac0 JavaThread "Prism Font Disposer"        daemon [_thread_blocked, id=12076, stack(0x000000e269100000,0x000000e269200000) (1024K)]
  0x000002a23d673590 JavaThread "Cleaner-0"                  daemon [_thread_blocked, id=18740, stack(0x000000e269200000,0x000000e269300000) (1024K)]
Total: 18

Other Threads:
  0x000002a233239120 VMThread "VM Thread"                           [id=7440, stack(0x000000e267700000,0x000000e267800000) (1024K)]
  0x000002a21859ea80 WatcherThread "VM Periodic Task Thread"        [id=7280, stack(0x000000e267600000,0x000000e267700000) (1024K)]
  0x000002a218516af0 WorkerThread "GC Thread#0"                     [id=13024, stack(0x000000e267100000,0x000000e267200000) (1024K)]
  0x000002a23d6c8400 WorkerThread "GC Thread#1"                     [id=7044, stack(0x000000e268d00000,0x000000e268e00000) (1024K)]
  0x000002a23d6da910 WorkerThread "GC Thread#2"                     [id=18276, stack(0x000000e268e00000,0x000000e268f00000) (1024K)]
  0x000002a23d6dad40 WorkerThread "GC Thread#3"                     [id=7692, stack(0x000000e268f00000,0x000000e269000000) (1024K)]
  0x000002a218522180 ConcurrentGCThread "G1 Main Marker"            [id=8032, stack(0x000000e267200000,0x000000e267300000) (1024K)]
  0x000002a218522d20 WorkerThread "G1 Conc#0"                       [id=7316, stack(0x000000e267300000,0x000000e267400000) (1024K)]
  0x000002a218548aa0 ConcurrentGCThread "G1 Refine#0"               [id=4456, stack(0x000000e267400000,0x000000e267500000) (1024K)]
  0x000002a218549830 ConcurrentGCThread "G1 Service"                [id=10948, stack(0x000000e267500000,0x000000e267600000) (1024K)]
Total: 10

Threads with active compile tasks:
C2 CompilerThread0  655914 5149       4       javafx.scene.control.skin.LabeledSkinBase::computeMaxHeight (12 bytes)
Total: 1

VM state: not at safepoint (normal execution)

VM Mutex/Monitor currently owned by a thread: None

Heap address: 0x00000000c8c00000, size: 884 MB, Compressed Oops mode: 32-bit

CDS archive(s) mapped at: [0x0000000024000000-0x0000000024dd0000-0x0000000024dd0000), size 14483456, SharedBaseAddress: 0x0000000024000000, ArchiveRelocationMode: 1.
Compressed class space mapped at: 0x0000000025000000-0x0000000065000000, reserved size: 1073741824
UseCompressedClassPointers 1, UseCompactObjectHeaders 0
Narrow klass pointer bits 32, Max shift 3
Narrow klass base: 0x0000000024000000, Narrow klass shift: 0
Encoding Range: [0x0000000024000000 - 0x0000000124000000), (4294967296 bytes)
Klass Range:    [0x0000000024010000 - 0x0000000065000000), (1090453504 bytes)
Klass ID Range:  [65536 - 1090519033) (1090453497)
Protection zone: [0x0000000024000000 - 0x0000000024010000), (65536 bytes)

GC Precious Log:
 CardTable entry size: 512
 Card Set container configuration: InlinePtr #cards 5 size 8 Array Of Cards #cards 10 size 36 Howl #buckets 4 coarsen threshold 1843 Howl Bitmap #cards 512 size 80 coarsen threshold 460 Card regions per heap region 1 cards per card region 2048
 CPUs: 4 total, 4 available
 Memory: 3534M
 Large Page Support: Disabled
 NUMA Support: Disabled
 Compressed Oops: Enabled (32-bit)
 Heap Region Size: 1M
 Heap Min Capacity: 8M
 Heap Initial Capacity: 56M
 Heap Max Capacity: 884M
 Pre-touch: Disabled
 Parallel Workers: 4
 Concurrent Workers: 1
 Concurrent Refinement Workers: 4
 Periodic GC: Disabled

Heap:
 garbage-first heap   total reserved 905216K, committed 59392K, used 30312K [0x00000000c8c00000, 0x0000000100000000)
  region size 1024K, 20 young (20480K), 3 survivors (3072K)

Heap Regions: E=young(eden), S=young(survivor), O=old, HS=humongous(starts), HC=humongous(continues), CS=collection set, F=free, TAMS=top-at-mark-start, PB=parsable bottom
|   0|0x00000000c8c00000, 0x00000000c8d00000, 0x00000000c8d00000|100%| O|  |TAMS 0x00000000c8c00000| PB 0x00000000c8c00000| Untracked |  0
|   1|0x00000000c8d00000, 0x00000000c8e00000, 0x00000000c8e00000|100%| O|  |TAMS 0x00000000c8d00000| PB 0x00000000c8d00000| Untracked |  1
|   2|0x00000000c8e00000, 0x00000000c8f00000, 0x00000000c8f00000|100%| O|  |TAMS 0x00000000c8e00000| PB 0x00000000c8e00000| Untracked |  0
|   3|0x00000000c8f00000, 0x00000000c9000000, 0x00000000c9000000|100%|HS|  |TAMS 0x00000000c8f00000| PB 0x00000000c8f00000| Complete |  0
|   4|0x00000000c9000000, 0x00000000c9100000, 0x00000000c9100000|100%|HC|  |TAMS 0x00000000c9000000| PB 0x00000000c9000000| Complete |  0
|   5|0x00000000c9100000, 0x00000000c9200000, 0x00000000c9200000|100%| O|  |TAMS 0x00000000c9100000| PB 0x00000000c9100000| Untracked |  0
|   6|0x00000000c9200000, 0x00000000c9300000, 0x00000000c9300000|100%| O|  |TAMS 0x00000000c9200000| PB 0x00000000c9200000| Untracked |  0
|   7|0x00000000c9300000, 0x00000000c9400000, 0x00000000c9400000|100%| O|  |TAMS 0x00000000c9300000| PB 0x00000000c9300000| Untracked |  0
|   8|0x00000000c9400000, 0x00000000c9500000, 0x00000000c9500000|100%| O|  |TAMS 0x00000000c9400000| PB 0x00000000c9400000| Untracked |  0
|   9|0x00000000c9500000, 0x00000000c9594d80, 0x00000000c9600000| 58%| O|  |TAMS 0x00000000c9500000| PB 0x00000000c9500000| Untracked |  0
|  10|0x00000000c9600000, 0x00000000c9600000, 0x00000000c9700000|  0%| F|  |TAMS 0x00000000c9600000| PB 0x00000000c9600000| Untracked |  0
|  11|0x00000000c9700000, 0x00000000c9700000, 0x00000000c9800000|  0%| F|  |TAMS 0x00000000c9700000| PB 0x00000000c9700000| Untracked |  0
|  12|0x00000000c9800000, 0x00000000c9800000, 0x00000000c9900000|  0%| F|  |TAMS 0x00000000c9800000| PB 0x00000000c9800000| Untracked |  0
|  13|0x00000000c9900000, 0x00000000c9900000, 0x00000000c9a00000|  0%| F|  |TAMS 0x00000000c9900000| PB 0x00000000c9900000| Untracked |  0
|  14|0x00000000c9a00000, 0x00000000c9a00000, 0x00000000c9b00000|  0%| F|  |TAMS 0x00000000c9a00000| PB 0x00000000c9a00000| Untracked |  0
|  15|0x00000000c9b00000, 0x00000000c9b00000, 0x00000000c9c00000|  0%| F|  |TAMS 0x00000000c9b00000| PB 0x00000000c9b00000| Untracked |  0
|  16|0x00000000c9c00000, 0x00000000c9c00000, 0x00000000c9d00000|  0%| F|  |TAMS 0x00000000c9c00000| PB 0x00000000c9c00000| Untracked |  0
|  17|0x00000000c9d00000, 0x00000000c9d00000, 0x00000000c9e00000|  0%| F|  |TAMS 0x00000000c9d00000| PB 0x00000000c9d00000| Untracked |  0
|  18|0x00000000c9e00000, 0x00000000c9e00000, 0x00000000c9f00000|  0%| F|  |TAMS 0x00000000c9e00000| PB 0x00000000c9e00000| Untracked |  0
|  19|0x00000000c9f00000, 0x00000000c9f00000, 0x00000000ca000000|  0%| F|  |TAMS 0x00000000c9f00000| PB 0x00000000c9f00000| Untracked |  0
|  20|0x00000000ca000000, 0x00000000ca000000, 0x00000000ca100000|  0%| F|  |TAMS 0x00000000ca000000| PB 0x00000000ca000000| Untracked |  0
|  21|0x00000000ca100000, 0x00000000ca100000, 0x00000000ca200000|  0%| F|  |TAMS 0x00000000ca100000| PB 0x00000000ca100000| Untracked |  0
|  22|0x00000000ca200000, 0x00000000ca200000, 0x00000000ca300000|  0%| F|  |TAMS 0x00000000ca200000| PB 0x00000000ca200000| Untracked |  0
|  23|0x00000000ca300000, 0x00000000ca300000, 0x00000000ca400000|  0%| F|  |TAMS 0x00000000ca300000| PB 0x00000000ca300000| Untracked |  0
|  24|0x00000000ca400000, 0x00000000ca400000, 0x00000000ca500000|  0%| F|  |TAMS 0x00000000ca400000| PB 0x00000000ca400000| Untracked |  0
|  25|0x00000000ca500000, 0x00000000ca500000, 0x00000000ca600000|  0%| F|  |TAMS 0x00000000ca500000| PB 0x00000000ca500000| Untracked |  0
|  26|0x00000000ca600000, 0x00000000ca6dfec0, 0x00000000ca700000| 87%| S|CS|TAMS 0x00000000ca600000| PB 0x00000000ca600000| Complete |  0
|  27|0x00000000ca700000, 0x00000000ca800000, 0x00000000ca800000|100%| S|CS|TAMS 0x00000000ca700000| PB 0x00000000ca700000| Complete |  0
|  28|0x00000000ca800000, 0x00000000ca900000, 0x00000000ca900000|100%| S|CS|TAMS 0x00000000ca800000| PB 0x00000000ca800000| Complete |  0
|  29|0x00000000ca900000, 0x00000000ca900000, 0x00000000caa00000|  0%| F|  |TAMS 0x00000000ca900000| PB 0x00000000ca900000| Untracked |  0
|  30|0x00000000caa00000, 0x00000000caa00000, 0x00000000cab00000|  0%| F|  |TAMS 0x00000000caa00000| PB 0x00000000caa00000| Untracked |  0
|  31|0x00000000cab00000, 0x00000000cab00000, 0x00000000cac00000|  0%| F|  |TAMS 0x00000000cab00000| PB 0x00000000cab00000| Untracked |  0
|  32|0x00000000cac00000, 0x00000000cac00000, 0x00000000cad00000|  0%| F|  |TAMS 0x00000000cac00000| PB 0x00000000cac00000| Untracked |  0
|  33|0x00000000cad00000, 0x00000000cad00000, 0x00000000cae00000|  0%| F|  |TAMS 0x00000000cad00000| PB 0x00000000cad00000| Untracked |  0
|  34|0x00000000cae00000, 0x00000000cae00000, 0x00000000caf00000|  0%| F|  |TAMS 0x00000000cae00000| PB 0x00000000cae00000| Untracked |  0
|  35|0x00000000caf00000, 0x00000000caf00000, 0x00000000cb000000|  0%| F|  |TAMS 0x00000000caf00000| PB 0x00000000caf00000| Untracked |  0
|  36|0x00000000cb000000, 0x00000000cb000000, 0x00000000cb100000|  0%| F|  |TAMS 0x00000000cb000000| PB 0x00000000cb000000| Untracked |  0
|  37|0x00000000cb100000, 0x00000000cb100000, 0x00000000cb200000|  0%| F|  |TAMS 0x00000000cb100000| PB 0x00000000cb100000| Untracked |  0
|  38|0x00000000cb200000, 0x00000000cb200000, 0x00000000cb300000|  0%| F|  |TAMS 0x00000000cb200000| PB 0x00000000cb200000| Untracked |  0
|  39|0x00000000cb300000, 0x00000000cb3cab40, 0x00000000cb400000| 79%| E|  |TAMS 0x00000000cb300000| PB 0x00000000cb300000| Complete |  0
|  40|0x00000000cb400000, 0x00000000cb500000, 0x00000000cb500000|100%| E|CS|TAMS 0x00000000cb400000| PB 0x00000000cb400000| Complete |  0
|  41|0x00000000cb500000, 0x00000000cb600000, 0x00000000cb600000|100%| E|CS|TAMS 0x00000000cb500000| PB 0x00000000cb500000| Complete |  0
|  42|0x00000000cb600000, 0x00000000cb700000, 0x00000000cb700000|100%| E|CS|TAMS 0x00000000cb600000| PB 0x00000000cb600000| Complete |  0
|  43|0x00000000cb700000, 0x00000000cb800000, 0x00000000cb800000|100%| E|CS|TAMS 0x00000000cb700000| PB 0x00000000cb700000| Complete |  0
|  44|0x00000000cb800000, 0x00000000cb900000, 0x00000000cb900000|100%| E|CS|TAMS 0x00000000cb800000| PB 0x00000000cb800000| Complete |  0
|  45|0x00000000cb900000, 0x00000000cba00000, 0x00000000cba00000|100%| E|CS|TAMS 0x00000000cb900000| PB 0x00000000cb900000| Complete |  0
|  46|0x00000000cba00000, 0x00000000cbb00000, 0x00000000cbb00000|100%| E|CS|TAMS 0x00000000cba00000| PB 0x00000000cba00000| Complete |  0
|  47|0x00000000cbb00000, 0x00000000cbc00000, 0x00000000cbc00000|100%| E|CS|TAMS 0x00000000cbb00000| PB 0x00000000cbb00000| Complete |  0
|  48|0x00000000cbc00000, 0x00000000cbd00000, 0x00000000cbd00000|100%| E|CS|TAMS 0x00000000cbc00000| PB 0x00000000cbc00000| Complete |  1
|  49|0x00000000cbd00000, 0x00000000cbe00000, 0x00000000cbe00000|100%| E|CS|TAMS 0x00000000cbd00000| PB 0x00000000cbd00000| Complete |  0
|  50|0x00000000cbe00000, 0x00000000cbf00000, 0x00000000cbf00000|100%| E|CS|TAMS 0x00000000cbe00000| PB 0x00000000cbe00000| Complete |  0
|  51|0x00000000cbf00000, 0x00000000cc000000, 0x00000000cc000000|100%| E|CS|TAMS 0x00000000cbf00000| PB 0x00000000cbf00000| Complete |  0
|  52|0x00000000cc000000, 0x00000000cc100000, 0x00000000cc100000|100%| E|CS|TAMS 0x00000000cc000000| PB 0x00000000cc000000| Complete |  0
|  53|0x00000000cc100000, 0x00000000cc200000, 0x00000000cc200000|100%| E|CS|TAMS 0x00000000cc100000| PB 0x00000000cc100000| Complete |  0
|  54|0x00000000cc200000, 0x00000000cc300000, 0x00000000cc300000|100%| E|CS|TAMS 0x00000000cc200000| PB 0x00000000cc200000| Complete |  0
|  55|0x00000000cc300000, 0x00000000cc400000, 0x00000000cc400000|100%| E|CS|TAMS 0x00000000cc300000| PB 0x00000000cc300000| Complete |  0
| 882|0x00000000ffe00000, 0x00000000fff00000, 0x00000000fff00000|100%| O|  |TAMS 0x00000000ffe00000| PB 0x00000000ffe00000| Untracked |  0
| 883|0x00000000fff00000, 0x00000000fff257b8, 0x0000000100000000| 14%| O|  |TAMS 0x00000000fff00000| PB 0x00000000fff00000| Untracked |  0

Card table byte_map: [0x000002a22fd70000,0x000002a22ff30000] _byte_map_base: 0x000002a22f72a000

Marking Bits: (CMBitMap*) 0x000002a218517280
 Bits: [0x000002a22ff30000, 0x000002a230d00000)

Polling page: 0x000002a216320000

Metaspace:
Metaspace        used 17088K, committed 17280K, reserved 1114112K
 class space     used 2568K, committed 2624K, reserved 1048576K

Usage:
  Non-class:     14.18 MB used.
      Class:      2.51 MB used.
       Both:     16.69 MB used.

Virtual space:
  Non-class space:       64.00 MB reserved,      14.31 MB ( 22%) committed,  1 nodes.
      Class space:        1.00 GB reserved,       2.56 MB ( <1%) committed,  1 nodes.
             Both:        1.06 GB reserved,      16.88 MB (  2%) committed. 

Chunk freelists:
   Non-Class:  1008.00 KB
       Class:  13.45 MB
        Both:  14.43 MB

MaxMetaspaceSize: unlimited
CompressedClassSpaceSize: 1.00 GB
Initial GC threshold: 21.00 MB
Current GC threshold: 21.00 MB
CDS: on
 - commit_granule_bytes: 65536.
 - commit_granule_words: 8192.
 - virtual_space_node_default_size: 8388608.
 - enlarge_chunks_in_place: 1.
UseCompressedClassPointers 1, UseCompactObjectHeaders 0
Narrow klass pointer bits 32, Max shift 3
Narrow klass base: 0x0000000024000000, Narrow klass shift: 0
Encoding Range: [0x0000000024000000 - 0x0000000124000000), (4294967296 bytes)
Klass Range:    [0x0000000024010000 - 0x0000000065000000), (1090453504 bytes)
Klass ID Range:  [65536 - 1090519033) (1090453497)
Protection zone: [0x0000000024000000 - 0x0000000024010000), (65536 bytes)


Internal statistics:

num_allocs_failed_limit: 0.
num_arena_births: 144.
num_arena_deaths: 0.
num_vsnodes_births: 2.
num_vsnodes_deaths: 0.
num_space_committed: 270.
num_space_uncommitted: 0.
num_chunks_returned_to_freelist: 0.
num_chunks_taken_from_freelist: 718.
num_chunk_merges: 0.
num_chunk_splits: 512.
num_chunks_enlarged: 439.
num_inconsistent_stats: 0.

CodeHeap 'non-profiled nmethods': size=120064Kb used=2147Kb max_used=2147Kb free=117916Kb
 bounds [0x000002a228830000, 0x000002a228aa0000, 0x000002a22fd70000]
CodeHeap 'profiled nmethods': size=120000Kb used=8670Kb max_used=8670Kb free=111329Kb
 bounds [0x000002a220d70000, 0x000002a2215f0000, 0x000002a2282a0000]
CodeHeap 'non-nmethods': size=5696Kb used=1736Kb max_used=1828Kb free=3959Kb
 bounds [0x000002a2282a0000, 0x000002a228510000, 0x000002a228830000]
CodeCache: size=245760Kb, used=12553Kb, max_used=12645Kb, free=233204Kb
 total_blobs=6004, nmethods=5141, adapters=764, full_count=0
Compilation: enabled, stopped_count=0, restarted_count=0

Compilation events (20 events):
Event: 87.060 Thread 0x000002a233250d90 nmethod 5144 0x000002a228a47088 code [0x000002a228a47180, 0x000002a228a48bb8]
Event: 90.700 Thread 0x000002a233250d90 5145       4       com.sun.javafx.tk.quantum.QuantumToolkit$$Lambda/0x0000000025075ed0::run (8 bytes)
Event: 90.701 Thread 0x000002a233250d90 nmethod 5145 0x000002a228a48c08 code [0x000002a228a48d00, 0x000002a228a48dc8]
Event: 655.381 Thread 0x000002a233254230 5146   !   3       com.sun.javafx.text.PrismTextLayout::layout (1636 bytes)
Event: 655.388 Thread 0x000002a233250d90 5149       4       javafx.scene.control.skin.LabeledSkinBase::computeMaxHeight (12 bytes)
Event: 655.488 Thread 0x000002a233254230 nmethod 5146 0x000002a2215e0408 code [0x000002a2215e0520, 0x000002a2215e5818]
Event: 655.489 Thread 0x000002a233254230 5147       3       com.sun.javafx.text.TextRun::isTab (15 bytes)
Event: 655.489 Thread 0x000002a233254230 nmethod 5147 0x000002a2215e5888 code [0x000002a2215e5980, 0x000002a2215e5ad8]
Event: 655.489 Thread 0x000002a233254230 5148       3       com.sun.javafx.text.TextRun::isBreak (16 bytes)
Event: 655.490 Thread 0x000002a233254230 nmethod 5148 0x000002a2215e5b88 code [0x000002a2215e5c80, 0x000002a2215e5dd8]
Event: 655.490 Thread 0x000002a233254230 5150       3       com.sun.javafx.text.TextLine::setAlignment (25 bytes)
Event: 655.491 Thread 0x000002a233254230 nmethod 5150 0x000002a2215e5e88 code [0x000002a2215e5f80, 0x000002a2215e6258]
Event: 655.491 Thread 0x000002a233254230 5152       3       javafx.scene.layout.Region$1::doComputeLayoutBounds (8 bytes)
Event: 655.494 Thread 0x000002a233254230 nmethod 5152 0x000002a2215e6288 code [0x000002a2215e6380, 0x000002a2215e6590]
Event: 655.494 Thread 0x000002a233254230 5151       3       com.sun.javafx.scene.layout.RegionHelper::computeLayoutBoundsImpl (10 bytes)
Event: 655.496 Thread 0x000002a233254230 nmethod 5151 0x000002a2215e6608 code [0x000002a2215e6700, 0x000002a2215e69c8]
Event: 655.515 Thread 0x000002a233254230 5153       3       javafx.scene.layout.StackPane::getContentBias (84 bytes)
Event: 655.525 Thread 0x000002a233254230 nmethod 5153 0x000002a2215e6a08 code [0x000002a2215e6b00, 0x000002a2215e7288]
Event: 655.666 Thread 0x000002a233254230 5154       3       javafx.beans.property.ReadOnlyDoubleWrapper::fireValueChangedEvent (19 bytes)
Event: 655.667 Thread 0x000002a233254230 nmethod 5154 0x000002a2215e7308 code [0x000002a2215e7400, 0x000002a2215e7918]

GC Heap Usage History (8 events):
Event: 4.985 {heap Before GC invocations=0 (full 0):
 garbage-first heap   total reserved 905216K, committed 59392K, used 29845K [0x00000000c8c00000, 0x0000000100000000)
  region size 1024K, 28 young (28672K), 0 survivors (0K)
}
Event: 4.996 {heap After GC invocations=1 (full 0):
 garbage-first heap   total reserved 905216K, committed 59392K, used 3477K [0x00000000c8c00000, 0x0000000100000000)
  region size 1024K, 3 young (3072K), 3 survivors (3072K)
}
Event: 7.132 {heap Before GC invocations=1 (full 0):
 garbage-first heap   total reserved 905216K, committed 59392K, used 27029K [0x00000000c8c00000, 0x0000000100000000)
  region size 1024K, 27 young (27648K), 3 survivors (3072K)
}
Event: 7.144 {heap After GC invocations=2 (full 0):
 garbage-first heap   total reserved 905216K, committed 59392K, used 5827K [0x00000000c8c00000, 0x0000000100000000)
  region size 1024K, 3 young (3072K), 3 survivors (3072K)
}
Event: 32.184 {heap Before GC invocations=2 (full 0):
 garbage-first heap   total reserved 905216K, committed 59392K, used 35523K [0x00000000c8c00000, 0x0000000100000000)
  region size 1024K, 31 young (31744K), 3 survivors (3072K)
}
Event: 32.211 {heap After GC invocations=3 (full 0):
 garbage-first heap   total reserved 905216K, committed 59392K, used 11151K [0x00000000c8c00000, 0x0000000100000000)
  region size 1024K, 4 young (4096K), 4 survivors (4096K)
}
Event: 57.573 {heap Before GC invocations=3 (full 0):
 garbage-first heap   total reserved 905216K, committed 59392K, used 38799K [0x00000000c8c00000, 0x0000000100000000)
  region size 1024K, 31 young (31744K), 4 survivors (4096K)
}
Event: 57.584 {heap After GC invocations=4 (full 0):
 garbage-first heap   total reserved 905216K, committed 59392K, used 13928K [0x00000000c8c00000, 0x0000000100000000)
  region size 1024K, 3 young (3072K), 3 survivors (3072K)
}

Metaspace Usage History (8 events):
Event: 4.985 {metaspace Before GC invocations=0 (full 0):
 Metaspace       used 5310K, committed 5504K, reserved 1114112K
  class space    used 694K, committed 768K, reserved 1048576K
}
Event: 4.996 {metaspace After GC invocations=1 (full 0):
 Metaspace       used 5310K, committed 5504K, reserved 1114112K
  class space    used 694K, committed 768K, reserved 1048576K
}
Event: 7.132 {metaspace Before GC invocations=1 (full 0):
 Metaspace       used 9797K, committed 9920K, reserved 1114112K
  class space    used 1480K, committed 1536K, reserved 1048576K
}
Event: 7.144 {metaspace After GC invocations=2 (full 0):
 Metaspace       used 9797K, committed 9920K, reserved 1114112K
  class space    used 1480K, committed 1536K, reserved 1048576K
}
Event: 32.184 {metaspace Before GC invocations=2 (full 0):
 Metaspace       used 14610K, committed 14784K, reserved 1114112K
  class space    used 2297K, committed 2368K, reserved 1048576K
}
Event: 32.211 {metaspace After GC invocations=3 (full 0):
 Metaspace       used 14610K, committed 14784K, reserved 1114112K
  class space    used 2297K, committed 2368K, reserved 1048576K
}
Event: 57.573 {metaspace Before GC invocations=3 (full 0):
 Metaspace       used 16783K, committed 16960K, reserved 1114112K
  class space    used 2560K, committed 2624K, reserved 1048576K
}
Event: 57.584 {metaspace After GC invocations=4 (full 0):
 Metaspace       used 16783K, committed 16960K, reserved 1114112K
  class space    used 2560K, committed 2624K, reserved 1048576K
}

Dll operation events (20 events):
Event: 2.013 Loaded shared library C:\Users\USER\.openjfx\cache\21.0.2+5\amd64\api-ms-win-crt-locale-l1-1-0.dll
Event: 2.032 Loaded shared library C:\Users\USER\.openjfx\cache\21.0.2+5\amd64\api-ms-win-crt-math-l1-1-0.dll
Event: 2.045 Loaded shared library C:\Users\USER\.openjfx\cache\21.0.2+5\amd64\api-ms-win-crt-multibyte-l1-1-0.dll
Event: 2.063 Loaded shared library C:\Users\USER\.openjfx\cache\21.0.2+5\amd64\api-ms-win-crt-private-l1-1-0.dll
Event: 2.080 Loaded shared library C:\Users\USER\.openjfx\cache\21.0.2+5\amd64\api-ms-win-crt-process-l1-1-0.dll
Event: 2.112 Loaded shared library C:\Users\USER\.openjfx\cache\21.0.2+5\amd64\api-ms-win-crt-runtime-l1-1-0.dll
Event: 2.136 Loaded shared library C:\Users\USER\.openjfx\cache\21.0.2+5\amd64\api-ms-win-crt-stdio-l1-1-0.dll
Event: 2.155 Loaded shared library C:\Users\USER\.openjfx\cache\21.0.2+5\amd64\api-ms-win-crt-string-l1-1-0.dll
Event: 2.167 Loaded shared library C:\Users\USER\.openjfx\cache\21.0.2+5\amd64\api-ms-win-crt-time-l1-1-0.dll
Event: 2.179 Loaded shared library C:\Users\USER\.openjfx\cache\21.0.2+5\amd64\api-ms-win-crt-utility-l1-1-0.dll
Event: 2.236 Loaded shared library C:\Users\USER\.openjfx\cache\21.0.2+5\amd64\ucrtbase.dll
Event: 2.253 Loaded shared library C:\Users\USER\.openjfx\cache\21.0.2+5\amd64\vcruntime140.dll
Event: 2.269 Loaded shared library C:\Users\USER\.openjfx\cache\21.0.2+5\amd64\vcruntime140_1.dll
Event: 2.295 Loaded shared library C:\Users\USER\.openjfx\cache\21.0.2+5\amd64\msvcp140.dll
Event: 2.304 Loaded shared library C:\Users\USER\.openjfx\cache\21.0.2+5\amd64\msvcp140_1.dll
Event: 2.796 Loaded shared library C:\Users\USER\.openjfx\cache\21.0.2+5\amd64\msvcp140_2.dll
Event: 3.488 Loaded shared library C:\Users\USER\.openjfx\cache\21.0.2+5\amd64\prism_d3d.dll
Event: 4.231 Loaded shared library C:\Users\USER\.openjfx\cache\21.0.2+5\amd64\glass.dll
Event: 5.033 Loaded shared library C:\Program Files\Java\jdk-25.0.2\bin\jimage.dll
Event: 5.077 Loaded shared library C:\Users\USER\.openjfx\cache\21.0.2+5\amd64\javafx_font.dll

Deoptimization events (20 events):
Event: 69.402 Thread 0x000002a2385fdf60 DEOPT PACKING pc=0x000002a22158dc6f sp=0x000000e2682fe440
Event: 69.402 Thread 0x000002a2385fdf60 DEOPT UNPACKING pc=0x000002a2282f1702 sp=0x000000e2682fd910 mode 0
Event: 69.403 Thread 0x000002a2385fdf60 DEOPT PACKING pc=0x000002a22158dc6f sp=0x000000e2682fe440
Event: 69.403 Thread 0x000002a2385fdf60 DEOPT UNPACKING pc=0x000002a2282f1702 sp=0x000000e2682fd910 mode 0
Event: 69.404 Thread 0x000002a2385fdf60 DEOPT PACKING pc=0x000002a22158dc6f sp=0x000000e2682fe440
Event: 69.404 Thread 0x000002a2385fdf60 DEOPT UNPACKING pc=0x000002a2282f1702 sp=0x000000e2682fd910 mode 0
Event: 69.420 Thread 0x000002a2385fdf60 DEOPT PACKING pc=0x000002a22158dc6f sp=0x000000e2682fe440
Event: 69.420 Thread 0x000002a2385fdf60 DEOPT UNPACKING pc=0x000002a2282f1702 sp=0x000000e2682fd910 mode 0
Event: 69.421 Thread 0x000002a2385fdf60 DEOPT PACKING pc=0x000002a22158dc6f sp=0x000000e2682fe440
Event: 69.421 Thread 0x000002a2385fdf60 DEOPT UNPACKING pc=0x000002a2282f1702 sp=0x000000e2682fd910 mode 0
Event: 69.423 Thread 0x000002a2385fdf60 DEOPT PACKING pc=0x000002a22158dc6f sp=0x000000e2682fe440
Event: 69.423 Thread 0x000002a2385fdf60 DEOPT UNPACKING pc=0x000002a2282f1702 sp=0x000000e2682fd910 mode 0
Event: 72.101 Thread 0x000002a2386a7570 Uncommon trap: trap_request=0xffffffcc fr.pc=0x000002a228a3ac44 relative=0x0000000000002f24
Event: 72.102 Thread 0x000002a2386a7570 Uncommon trap: reason=intrinsic_or_type_checked_inlining action=make_not_entrant pc=0x000002a228a3ac44 method=java.util.ArrayList.toArray([Ljava/lang/Object;)[Ljava/lang/Object; @ 36 c2
Event: 72.102 Thread 0x000002a2386a7570 DEOPT PACKING pc=0x000002a228a3ac44 sp=0x000000e2686fd140
Event: 72.102 Thread 0x000002a2386a7570 DEOPT UNPACKING pc=0x000002a228329102 sp=0x000000e2686fcfe0 mode 2
Event: 655.087 Thread 0x000002a2386a7570 Uncommon trap: trap_request=0xffffff45 fr.pc=0x000002a228a42fbc relative=0x000000000000341c
Event: 655.090 Thread 0x000002a2386a7570 Uncommon trap: reason=unstable_if action=reinterpret pc=0x000002a228a42fbc method=com.sun.javafx.text.PrismTextLayout.layout()V @ 284 c2
Event: 655.091 Thread 0x000002a2386a7570 DEOPT PACKING pc=0x000002a228a42fbc sp=0x000000e2686fcc50
Event: 655.104 Thread 0x000002a2386a7570 DEOPT UNPACKING pc=0x000002a228329102 sp=0x000000e2686fcb78 mode 2

Classes loaded (20 events):
Event: 53.171 Loading class sun/util/resources/LocaleData$SupplementaryStrategy
Event: 53.171 Loading class sun/util/resources/LocaleData$SupplementaryStrategy done
Event: 53.172 Loading class sun/text/resources/JavaTimeSupplementary
Event: 53.172 Loading class sun/util/resources/OpenListResourceBundle
Event: 53.173 Loading class sun/util/resources/OpenListResourceBundle done
Event: 53.173 Loading class sun/text/resources/JavaTimeSupplementary done
Event: 53.174 Loading class sun/util/resources/ParallelListResourceBundle$KeySet
Event: 53.175 Loading class sun/util/resources/ParallelListResourceBundle$KeySet done
Event: 53.177 Loading class java/util/regex/Pattern$BnM
Event: 53.177 Loading class java/util/regex/Pattern$BnM done
Event: 53.177 Loading class java/util/regex/Pattern$SliceS
Event: 53.178 Loading class java/util/regex/Pattern$SliceS done
Event: 53.180 Loading class sun/util/locale/provider/CalendarDataUtility$CalendarFieldValueNameGetter
Event: 53.180 Loading class sun/util/locale/provider/CalendarDataUtility$CalendarFieldValueNameGetter done
Event: 53.194 Loading class java/time/Year
Event: 53.195 Loading class java/time/Year done
Event: 53.211 Loading class java/nio/BufferOverflowException
Event: 53.211 Loading class java/nio/BufferOverflowException done
Event: 62.325 Loading class java/lang/foreign/MemorySegment
Event: 62.327 Loading class java/lang/foreign/MemorySegment done

Classes unloaded (0 events):
No events

Classes redefined (0 events):
No events

Internal exceptions (20 events):
Event: 7.929 Thread 0x000002a2386a7570 Exception <a 'java/io/FileNotFoundException'{0x00000000cb8fc388}> (0x00000000cb8fc388) 
thrown [s\open\src\hotspot\share\prims\jni.cpp, line 516]
Event: 7.929 Thread 0x000002a2386a7570 Exception <a 'java/io/FileNotFoundException'{0x00000000cb8fd728}> (0x00000000cb8fd728) 
thrown [s\open\src\hotspot\share\prims\jni.cpp, line 516]
Event: 7.980 Thread 0x000002a2386a7570 Exception <a 'java/lang/NoSuchMethodError'{0x00000000cb637fb8}: 'java.lang.Object java.lang.invoke.DirectMethodHandle$Holder.invokeStatic(java.lang.Object, java.lang.Object, java.lang.Object, java.lang.Object, int)'> (0x00000000cb637fb8) 
thrown [s\open\src\hotspot\share\interpreter\linkResolver.cpp, line 804]
Event: 8.037 Thread 0x000002a2386a7570 Exception <a 'java/lang/NoSuchMethodError'{0x00000000cb6e3ba0}: 'java.lang.Object java.lang.invoke.DirectMethodHandle$Holder.newInvokeSpecial(java.lang.Object, java.lang.Object, int)'> (0x00000000cb6e3ba0) 
thrown [s\open\src\hotspot\share\interpreter\linkResolver.cpp, line 804]
Event: 8.190 Thread 0x000002a2385fdf60 Exception <a 'java/lang/NoSuchMethodError'{0x00000000cb5efa78}: 'int java.lang.invoke.DirectMethodHandle$Holder.invokeStaticInit(java.lang.Object, java.lang.Object)'> (0x00000000cb5efa78) 
thrown [s\open\src\hotspot\share\interpreter\linkResolver.cpp, line 804]
Event: 8.251 Thread 0x000002a2385fdf60 Exception <a 'java/lang/NoSuchMethodError'{0x00000000cb383098}: 'java.lang.Object java.lang.invoke.Invokers$Holder.invokeExact_MT(java.lang.Object, java.lang.Object, java.lang.Object, java.lang.Object, java.lang.Object)'> (0x00000000cb383098) 
thrown [s\open\src\hotspot\share\interpreter\linkResolver.cpp, line 804]
Event: 8.275 Thread 0x000002a2385fdf60 Exception <a 'java/lang/NoSuchMethodError'{0x00000000cb3cd1f8}: 'java.lang.Object java.lang.invoke.DirectMethodHandle$Holder.invokeStaticInit(java.lang.Object, int)'> (0x00000000cb3cd1f8) 
thrown [s\open\src\hotspot\share\interpreter\linkResolver.cpp, line 804]
Event: 8.440 Thread 0x000002a2386a7570 Exception <a 'java/lang/NoSuchMethodError'{0x00000000cb1be368}: 'long java.lang.invoke.DirectMethodHandle$Holder.invokeStaticInit(java.lang.Object, java.lang.Object, java.lang.Object)'> (0x00000000cb1be368) 
thrown [s\open\src\hotspot\share\interpreter\linkResolver.cpp, line 804]
Event: 8.445 Thread 0x000002a2386a7570 Exception <a 'java/lang/NoSuchMethodError'{0x00000000cb0091c8}: 'java.lang.Object java.lang.invoke.DirectMethodHandle$Holder.newInvokeSpecial(java.lang.Object, java.lang.Object, long)'> (0x00000000cb0091c8) 
thrown [s\open\src\hotspot\share\interpreter\linkResolver.cpp, line 804]
Event: 8.446 Thread 0x000002a2386a7570 Exception <a 'java/lang/NoSuchMethodError'{0x00000000cb011e18}: 'java.lang.Object java.lang.invoke.Invokers$Holder.linkToTargetMethod(java.lang.Object, long, java.lang.Object)'> (0x00000000cb011e18) 
thrown [s\open\src\hotspot\share\interpreter\linkResolver.cpp, line 804]
Event: 38.466 Thread 0x000002a2386a7570 Exception <a 'java/io/FileNotFoundException'{0x00000000cba6a410}> (0x00000000cba6a410) 
thrown [s\open\src\hotspot\share\prims\jni.cpp, line 516]
Event: 38.467 Thread 0x000002a2386a7570 Exception <a 'java/io/FileNotFoundException'{0x00000000cba6b7b0}> (0x00000000cba6b7b0) 
thrown [s\open\src\hotspot\share\prims\jni.cpp, line 516]
Event: 38.468 Thread 0x000002a2386a7570 Exception <a 'java/io/FileNotFoundException'{0x00000000cba6cb68}> (0x00000000cba6cb68) 
thrown [s\open\src\hotspot\share\prims\jni.cpp, line 516]
Event: 38.468 Thread 0x000002a2386a7570 Exception <a 'java/io/FileNotFoundException'{0x00000000cba6df08}> (0x00000000cba6df08) 
thrown [s\open\src\hotspot\share\prims\jni.cpp, line 516]
Event: 38.470 Thread 0x000002a2386a7570 Exception <a 'java/io/FileNotFoundException'{0x00000000cba71718}> (0x00000000cba71718) 
thrown [s\open\src\hotspot\share\prims\jni.cpp, line 516]
Event: 53.347 Thread 0x000002a2386a7570 Exception <a 'java/io/FileNotFoundException'{0x00000000caf66ab8}> (0x00000000caf66ab8) 
thrown [s\open\src\hotspot\share\prims\jni.cpp, line 516]
Event: 54.596 Thread 0x000002a2386a7570 Exception <a 'java/lang/NoSuchMethodError'{0x00000000cad49208}: 'java.lang.Object java.lang.invoke.DirectMethodHandle$Holder.newInvokeSpecial(java.lang.Object, java.lang.Object, java.lang.Object, double, double, double, double, int, int, int, int, int, int, int, int, int)'> (0x00000000cad49208) 
thrown [s\open\src\hotspot\share\interpreter\linkResolver.cpp, line 804]
Event: 54.613 Thread 0x000002a2386a7570 Implicit null exception at 0x000002a2289175ec to 0x000002a228917e6c
Event: 62.323 Thread 0x000002a2386a7570 Implicit null exception at 0x000002a22893d417 to 0x000002a22893e6cc
Event: 63.594 Thread 0x000002a2386a7570 Implicit null exception at 0x000002a2289639f9 to 0x000002a228964024

VM Operations (20 events):
Event: 32.167 Executing non-safepoint VM operation: HandshakeAllThreads (Deoptimize)
Event: 32.168 Executing non-safepoint VM operation: HandshakeAllThreads (Deoptimize) done
Event: 32.182 Executing safepoint VM operation: G1CollectForAllocation (G1 Evacuation Pause)
Event: 32.212 Executing safepoint VM operation: G1CollectForAllocation (G1 Evacuation Pause) done
Event: 53.430 Executing non-safepoint VM operation: HandshakeAllThreads (Deoptimize)
Event: 53.431 Executing non-safepoint VM operation: HandshakeAllThreads (Deoptimize) done
Event: 53.471 Executing non-safepoint VM operation: HandshakeAllThreads (Deoptimize)
Event: 53.471 Executing non-safepoint VM operation: HandshakeAllThreads (Deoptimize) done
Event: 57.573 Executing safepoint VM operation: G1CollectForAllocation (G1 Evacuation Pause)
Event: 57.584 Executing safepoint VM operation: G1CollectForAllocation (G1 Evacuation Pause) done
Event: 60.236 Executing non-safepoint VM operation: HandshakeAllThreads (HandshakeForDeflation)
Event: 60.236 Executing non-safepoint VM operation: HandshakeAllThreads (HandshakeForDeflation) done
Event: 60.236 Executing non-safepoint VM operation: RendezvousGCThreads
Event: 60.236 Executing non-safepoint VM operation: RendezvousGCThreads done
Event: 63.693 Executing non-safepoint VM operation: HandshakeAllThreads (Deoptimize)
Event: 63.693 Executing non-safepoint VM operation: HandshakeAllThreads (Deoptimize) done
Event: 120.593 Executing non-safepoint VM operation: HandshakeAllThreads (HandshakeForDeflation)
Event: 120.650 Executing non-safepoint VM operation: HandshakeAllThreads (HandshakeForDeflation) done
Event: 120.651 Executing non-safepoint VM operation: RendezvousGCThreads
Event: 120.654 Executing non-safepoint VM operation: RendezvousGCThreads done

Memory protections (0 events):
No events

Nmethod flushes (0 events):
No events

Events (20 events):
Event: 0.123 Thread 0x000002a216131a90 Thread added: 0x000002a216131a90
Event: 0.234 Thread 0x000002a216131a90 Thread added: 0x000002a2332468c0
Event: 0.234 Thread 0x000002a216131a90 Thread added: 0x000002a2332478a0
Event: 0.235 Thread 0x000002a216131a90 Thread added: 0x000002a23324bb50
Event: 0.235 Thread 0x000002a216131a90 Thread added: 0x000002a23324c710
Event: 0.235 Thread 0x000002a216131a90 Thread added: 0x000002a23324d2d0
Event: 0.235 Thread 0x000002a216131a90 Thread added: 0x000002a23324de90
Event: 0.236 Thread 0x000002a216131a90 Thread added: 0x000002a233250d90
Event: 0.245 Thread 0x000002a216131a90 Thread added: 0x000002a233254230
Event: 0.382 Thread 0x000002a216131a90 Thread added: 0x000002a233361370
Event: 0.752 Thread 0x000002a216131a90 Thread added: 0x000002a23349a540
Event: 3.268 Thread 0x000002a216131a90 Thread added: 0x000002a2385fdf60
Event: 4.236 Thread 0x000002a216131a90 Thread added: 0x000002a23869a970
Event: 4.251 Thread 0x000002a216131a90 Thread added: 0x000002a2386a7570
Event: 4.703 Thread 0x000002a23d68ab90 Thread added: 0x000002a23d68ab90
Event: 4.736 Thread 0x000002a216131a90 Thread added: 0x000002a23d6879a0
Event: 7.011 Thread 0x000002a2386a7570 Thread added: 0x000002a23d67aac0
Event: 8.479 Thread 0x000002a2385fdf60 Thread added: 0x000002a23d673590
Event: 27.246 Thread 0x000002a233254230 Thread added: 0x000002a238248b20
Event: 27.575 Thread 0x000002a238248b20 Thread exited: 0x000002a238248b20


Dynamic libraries:
0x00007ff74bce0000 - 0x00007ff74bcf0000 	C:\Program Files\Java\jdk-25.0.2\bin\java.exe
0x00007ffc11eb0000 - 0x00007ffc120c8000 	C:\WINDOWS\SYSTEM32\ntdll.dll
0x00007ffc11050000 - 0x00007ffc11114000 	C:\WINDOWS\System32\KERNEL32.DLL
0x00007ffc0f680000 - 0x00007ffc0fa53000 	C:\WINDOWS\System32\KERNELBASE.dll
0x00007ffc0f560000 - 0x00007ffc0f671000 	C:\WINDOWS\System32\ucrtbase.dll
0x00007ffc081e0000 - 0x00007ffc081f7000 	C:\Program Files\Java\jdk-25.0.2\bin\jli.dll
0x00007ffc106a0000 - 0x00007ffc10852000 	C:\WINDOWS\System32\USER32.dll
0x00007ffc0f390000 - 0x00007ffc0f3b6000 	C:\WINDOWS\System32\win32u.dll
0x00007ffc0fc20000 - 0x00007ffc0fc49000 	C:\WINDOWS\System32\GDI32.dll
0x00007ffc0f440000 - 0x00007ffc0f55b000 	C:\WINDOWS\System32\gdi32full.dll
0x00007ffc0f100000 - 0x00007ffc0f19a000 	C:\WINDOWS\System32\msvcp_win.dll
0x00007ffc08600000 - 0x00007ffc0861e000 	C:\Program Files\Java\jdk-25.0.2\bin\VCRUNTIME140.dll
0x00007ffbfee70000 - 0x00007ffbff10c000 	C:\WINDOWS\WinSxS\amd64_microsoft.windows.common-controls_6595b64144ccf1df_6.0.22621.6060_none_2712eda17382d24b\COMCTL32.dll
0x00007ffc11120000 - 0x00007ffc111c7000 	C:\WINDOWS\System32\msvcrt.dll
0x00007ffc11290000 - 0x00007ffc112c1000 	C:\WINDOWS\System32\IMM32.DLL
0x00007ffc0aa20000 - 0x00007ffc0aa2c000 	C:\Program Files\Java\jdk-25.0.2\bin\vcruntime140_1.dll
0x00007ffc08150000 - 0x00007ffc081dd000 	C:\Program Files\Java\jdk-25.0.2\bin\msvcp140.dll
0x00007ffb44db0000 - 0x00007ffb45c0f000 	C:\Program Files\Java\jdk-25.0.2\bin\server\jvm.dll
0x00007ffc111d0000 - 0x00007ffc11281000 	C:\WINDOWS\System32\ADVAPI32.dll
0x00007ffc11b80000 - 0x00007ffc11c28000 	C:\WINDOWS\System32\sechost.dll
0x00007ffc0fa60000 - 0x00007ffc0fa88000 	C:\WINDOWS\System32\bcrypt.dll
0x00007ffc10940000 - 0x00007ffc10a58000 	C:\WINDOWS\System32\RPCRT4.dll
0x00007ffc11dc0000 - 0x00007ffc11e31000 	C:\WINDOWS\System32\WS2_32.dll
0x00007ffc0ee90000 - 0x00007ffc0eedd000 	C:\WINDOWS\SYSTEM32\POWRPROF.dll
0x00007ffc0aeb0000 - 0x00007ffc0aee4000 	C:\WINDOWS\SYSTEM32\WINMM.dll
0x00007ffc09050000 - 0x00007ffc0905a000 	C:\WINDOWS\SYSTEM32\VERSION.dll
0x00007ffc0ee70000 - 0x00007ffc0ee83000 	C:\WINDOWS\SYSTEM32\UMPDC.dll
0x00007ffc0df70000 - 0x00007ffc0df88000 	C:\WINDOWS\SYSTEM32\kernel.appcore.dll
0x00007ffc09060000 - 0x00007ffc0906a000 	C:\Program Files\Java\jdk-25.0.2\bin\jimage.dll
0x00007ffc0c850000 - 0x00007ffc0ca83000 	C:\WINDOWS\SYSTEM32\DBGHELP.DLL
0x00007ffc10c40000 - 0x00007ffc10fd1000 	C:\WINDOWS\System32\combase.dll
0x00007ffc10860000 - 0x00007ffc10938000 	C:\WINDOWS\System32\OLEAUT32.dll
0x00007ffbf52b0000 - 0x00007ffbf52e2000 	C:\WINDOWS\SYSTEM32\dbgcore.DLL
0x00007ffc0f1a0000 - 0x00007ffc0f21b000 	C:\WINDOWS\System32\bcryptPrimitives.dll
0x00007ffc07f50000 - 0x00007ffc07f6f000 	C:\Program Files\Java\jdk-25.0.2\bin\java.dll
0x00007ffc10a60000 - 0x00007ffc10c01000 	C:\WINDOWS\System32\ole32.dll
0x00007ffc112d0000 - 0x00007ffc11b6c000 	C:\WINDOWS\System32\SHELL32.dll
0x00007ffc0efc0000 - 0x00007ffc0f0ff000 	C:\WINDOWS\System32\wintypes.dll
0x00007ffc0cd00000 - 0x00007ffc0d61a000 	C:\WINDOWS\SYSTEM32\windows.storage.dll
0x00007ffc10020000 - 0x00007ffc10124000 	C:\WINDOWS\System32\SHCORE.dll
0x00007ffc10fe0000 - 0x00007ffc11049000 	C:\WINDOWS\System32\shlwapi.dll
0x00007ffc0eef0000 - 0x00007ffc0ef15000 	C:\WINDOWS\SYSTEM32\profapi.dll
0x00007ffc06da0000 - 0x00007ffc06db2000 	C:\Program Files\Java\jdk-25.0.2\bin\net.dll
0x00007ffc0e460000 - 0x00007ffc0e4c9000 	C:\WINDOWS\system32\mswsock.dll
0x00007ffbfbb80000 - 0x00007ffbfbb96000 	C:\Program Files\Java\jdk-25.0.2\bin\nio.dll
0x00007ffbfb160000 - 0x00007ffbfb177000 	C:\Program Files\Java\jdk-25.0.2\bin\zip.dll
0x000002a216380000 - 0x000002a216383000 	C:\Users\USER\.openjfx\cache\21.0.2+5\amd64\api-ms-win-core-console-l1-1-0.dll
0x000002a216390000 - 0x000002a216393000 	C:\Users\USER\.openjfx\cache\21.0.2+5\amd64\api-ms-win-core-console-l1-2-0.dll
0x000002a2163a0000 - 0x000002a2163a3000 	C:\Users\USER\.openjfx\cache\21.0.2+5\amd64\api-ms-win-core-datetime-l1-1-0.dll
0x000002a2163b0000 - 0x000002a2163b3000 	C:\Users\USER\.openjfx\cache\21.0.2+5\amd64\api-ms-win-core-debug-l1-1-0.dll
0x000002a2163c0000 - 0x000002a2163c3000 	C:\Users\USER\.openjfx\cache\21.0.2+5\amd64\api-ms-win-core-errorhandling-l1-1-0.dll
0x000002a2163d0000 - 0x000002a2163d4000 	C:\Users\USER\.openjfx\cache\21.0.2+5\amd64\api-ms-win-core-file-l1-1-0.dll
0x000002a218480000 - 0x000002a218483000 	C:\Users\USER\.openjfx\cache\21.0.2+5\amd64\api-ms-win-core-file-l1-2-0.dll
0x000002a218490000 - 0x000002a218493000 	C:\Users\USER\.openjfx\cache\21.0.2+5\amd64\api-ms-win-core-file-l2-1-0.dll
0x000002a2338a0000 - 0x000002a2338a3000 	C:\Users\USER\.openjfx\cache\21.0.2+5\amd64\api-ms-win-core-handle-l1-1-0.dll
0x000002a2338b0000 - 0x000002a2338b3000 	C:\Users\USER\.openjfx\cache\21.0.2+5\amd64\api-ms-win-core-heap-l1-1-0.dll
0x000002a2338c0000 - 0x000002a2338c3000 	C:\Users\USER\.openjfx\cache\21.0.2+5\amd64\api-ms-win-core-interlocked-l1-1-0.dll
0x000002a2338d0000 - 0x000002a2338d3000 	C:\Users\USER\.openjfx\cache\21.0.2+5\amd64\api-ms-win-core-libraryloader-l1-1-0.dll
0x000002a2338e0000 - 0x000002a2338e3000 	C:\Users\USER\.openjfx\cache\21.0.2+5\amd64\api-ms-win-core-localization-l1-2-0.dll
0x000002a2338f0000 - 0x000002a2338f3000 	C:\Users\USER\.openjfx\cache\21.0.2+5\amd64\api-ms-win-core-memory-l1-1-0.dll
0x000002a233900000 - 0x000002a233903000 	C:\Users\USER\.openjfx\cache\21.0.2+5\amd64\api-ms-win-core-namedpipe-l1-1-0.dll
0x000002a233910000 - 0x000002a233913000 	C:\Users\USER\.openjfx\cache\21.0.2+5\amd64\api-ms-win-core-processenvironment-l1-1-0.dll
0x000002a233920000 - 0x000002a233923000 	C:\Users\USER\.openjfx\cache\21.0.2+5\amd64\api-ms-win-core-processthreads-l1-1-0.dll
0x000002a233930000 - 0x000002a233933000 	C:\Users\USER\.openjfx\cache\21.0.2+5\amd64\api-ms-win-core-processthreads-l1-1-1.dll
0x000002a233940000 - 0x000002a233943000 	C:\Users\USER\.openjfx\cache\21.0.2+5\amd64\api-ms-win-core-profile-l1-1-0.dll
0x000002a233950000 - 0x000002a233953000 	C:\Users\USER\.openjfx\cache\21.0.2+5\amd64\api-ms-win-core-rtlsupport-l1-1-0.dll
0x000002a233960000 - 0x000002a233963000 	C:\Users\USER\.openjfx\cache\21.0.2+5\amd64\api-ms-win-core-string-l1-1-0.dll
0x000002a233970000 - 0x000002a233973000 	C:\Users\USER\.openjfx\cache\21.0.2+5\amd64\api-ms-win-core-synch-l1-1-0.dll
0x000002a233980000 - 0x000002a233983000 	C:\Users\USER\.openjfx\cache\21.0.2+5\amd64\api-ms-win-core-synch-l1-2-0.dll
0x000002a233990000 - 0x000002a233993000 	C:\Users\USER\.openjfx\cache\21.0.2+5\amd64\api-ms-win-core-sysinfo-l1-1-0.dll
0x000002a2339a0000 - 0x000002a2339a3000 	C:\Users\USER\.openjfx\cache\21.0.2+5\amd64\api-ms-win-core-timezone-l1-1-0.dll
0x000002a2339b0000 - 0x000002a2339b3000 	C:\Users\USER\.openjfx\cache\21.0.2+5\amd64\api-ms-win-core-util-l1-1-0.dll
0x000002a2339c0000 - 0x000002a2339c3000 	C:\Users\USER\.openjfx\cache\21.0.2+5\amd64\api-ms-win-crt-conio-l1-1-0.dll
0x000002a2339d0000 - 0x000002a2339d4000 	C:\Users\USER\.openjfx\cache\21.0.2+5\amd64\api-ms-win-crt-convert-l1-1-0.dll
0x000002a2339e0000 - 0x000002a2339e3000 	C:\Users\USER\.openjfx\cache\21.0.2+5\amd64\api-ms-win-crt-environment-l1-1-0.dll
0x000002a2339f0000 - 0x000002a2339f3000 	C:\Users\USER\.openjfx\cache\21.0.2+5\amd64\api-ms-win-crt-filesystem-l1-1-0.dll
0x000002a233a00000 - 0x000002a233a03000 	C:\Users\USER\.openjfx\cache\21.0.2+5\amd64\api-ms-win-crt-heap-l1-1-0.dll
0x000002a233a10000 - 0x000002a233a13000 	C:\Users\USER\.openjfx\cache\21.0.2+5\amd64\api-ms-win-crt-locale-l1-1-0.dll
0x000002a233a20000 - 0x000002a233a25000 	C:\Users\USER\.openjfx\cache\21.0.2+5\amd64\api-ms-win-crt-math-l1-1-0.dll
0x000002a233a30000 - 0x000002a233a35000 	C:\Users\USER\.openjfx\cache\21.0.2+5\amd64\api-ms-win-crt-multibyte-l1-1-0.dll
0x000002a233a40000 - 0x000002a233a50000 	C:\Users\USER\.openjfx\cache\21.0.2+5\amd64\api-ms-win-crt-private-l1-1-0.dll
0x000002a233a50000 - 0x000002a233a53000 	C:\Users\USER\.openjfx\cache\21.0.2+5\amd64\api-ms-win-crt-process-l1-1-0.dll
0x000002a233a60000 - 0x000002a233a64000 	C:\Users\USER\.openjfx\cache\21.0.2+5\amd64\api-ms-win-crt-runtime-l1-1-0.dll
0x000002a233a70000 - 0x000002a233a74000 	C:\Users\USER\.openjfx\cache\21.0.2+5\amd64\api-ms-win-crt-stdio-l1-1-0.dll
0x000002a233a80000 - 0x000002a233a84000 	C:\Users\USER\.openjfx\cache\21.0.2+5\amd64\api-ms-win-crt-string-l1-1-0.dll
0x000002a233a90000 - 0x000002a233a93000 	C:\Users\USER\.openjfx\cache\21.0.2+5\amd64\api-ms-win-crt-time-l1-1-0.dll
0x000002a233aa0000 - 0x000002a233aa3000 	C:\Users\USER\.openjfx\cache\21.0.2+5\amd64\api-ms-win-crt-utility-l1-1-0.dll
0x00007ffb96b70000 - 0x00007ffb96c6c000 	C:\Users\USER\.openjfx\cache\21.0.2+5\amd64\ucrtbase.dll
0x00007ffc0a9f0000 - 0x00007ffc0aa0b000 	C:\Users\USER\.openjfx\cache\21.0.2+5\amd64\vcruntime140.dll
0x00007ffc0a9e0000 - 0x00007ffc0a9ec000 	C:\Users\USER\.openjfx\cache\21.0.2+5\amd64\vcruntime140_1.dll
0x00007ffbfae20000 - 0x00007ffbfaeae000 	C:\Users\USER\.openjfx\cache\21.0.2+5\amd64\msvcp140.dll
0x00007ffc0a9d0000 - 0x00007ffc0a9d9000 	C:\Users\USER\.openjfx\cache\21.0.2+5\amd64\msvcp140_1.dll
0x00007ffbd43b0000 - 0x00007ffbd43f1000 	C:\Users\USER\.openjfx\cache\21.0.2+5\amd64\msvcp140_2.dll
0x00007ffbcb400000 - 0x00007ffbcb430000 	C:\Users\USER\.openjfx\cache\21.0.2+5\amd64\prism_d3d.dll
0x00007ffb87ab0000 - 0x00007ffb87c58000 	C:\WINDOWS\system32\d3d9.dll
0x00007ffc0c4d0000 - 0x00007ffc0c4fb000 	C:\WINDOWS\SYSTEM32\dwmapi.dll
0x00007ffc0c190000 - 0x00007ffc0c1c7000 	C:\WINDOWS\SYSTEM32\dxcore.dll
0x00007ffc0c080000 - 0x00007ffc0c133000 	C:\WINDOWS\system32\uxtheme.dll
0x00007ffc044b0000 - 0x00007ffc04668000 	C:\WINDOWS\System32\DriverStore\FileRepository\u0372326.inf_amd64_b91ab8cfa797c6df\B372145\aticfx64.dll
0x00007ffbeaab0000 - 0x00007ffbeaae4000 	C:\WINDOWS\System32\DriverStore\FileRepository\u0372326.inf_amd64_b91ab8cfa797c6df\B372145\atiu9p64.dll
0x00007ffb990d0000 - 0x00007ffb99e24000 	C:\WINDOWS\System32\DriverStore\FileRepository\u0372326.inf_amd64_b91ab8cfa797c6df\B372145\atiumd64.dll
0x0000000000fa0000 - 0x0000000001e15000 	C:\WINDOWS\System32\DriverStore\FileRepository\u0372326.inf_amd64_b91ab8cfa797c6df\B372145\atiumd6a.dll
0x00007ffc10220000 - 0x00007ffc10694000 	C:\WINDOWS\System32\SETUPAPI.dll
0x00007ffc04480000 - 0x00007ffc044b0000 	C:\WINDOWS\SYSTEM32\amdihk64.dll
0x00007ffc08360000 - 0x00007ffc083a9000 	C:\WINDOWS\SYSTEM32\directxdatabasehelper.dll
0x00007ffb9a360000 - 0x00007ffb9a3a2000 	C:\Users\USER\.openjfx\cache\21.0.2+5\amd64\glass.dll
0x00007ffc11c30000 - 0x00007ffc11d33000 	C:\WINDOWS\System32\COMDLG32.dll
0x00007ffc0fc50000 - 0x00007ffc0fdb0000 	C:\WINDOWS\System32\MSCTF.dll
0x00007ffbfb0f0000 - 0x00007ffbfb104000 	C:\Users\USER\.openjfx\cache\21.0.2+5\amd64\javafx_font.dll
0x00007ffc096d0000 - 0x00007ffc09948000 	C:\WINDOWS\SYSTEM32\dwrite.dll
0x00007ffc0ff70000 - 0x00007ffc10020000 	C:\WINDOWS\System32\clbcatq.dll
0x00007ffc0be80000 - 0x00007ffc0c032000 	C:\WINDOWS\SYSTEM32\WindowsCodecs.dll
0x00007ffbe0770000 - 0x00007ffbe07ce000 	C:\WINDOWS\system32\dataexchange.dll
0x00007ffc05770000 - 0x00007ffc05a16000 	C:\WINDOWS\system32\twinapi.appcore.dll
0x00007ffb9afd0000 - 0x00007ffb9b002000 	C:\Program Files\Common Files\Microsoft Shared\Ink\rtscom.dll
0x00007ffc02df0000 - 0x00007ffc02f35000 	C:\WINDOWS\SYSTEM32\textinputframework.dll
0x00007ffc0a820000 - 0x00007ffc0a953000 	C:\WINDOWS\SYSTEM32\CoreMessaging.dll
0x00007ffc07bc0000 - 0x00007ffc07f2c000 	C:\WINDOWS\SYSTEM32\CoreUIComponents.dll
0x00007ffc0e6d0000 - 0x00007ffc0e6dc000 	C:\WINDOWS\SYSTEM32\CRYPTBASE.DLL
0x00007ffbef050000 - 0x00007ffbef0bd000 	C:\WINDOWS\system32\Ninput.dll
0x00007ffc03830000 - 0x00007ffc038f1000 	C:\WINDOWS\SYSTEM32\TextShaping.dll

JVMTI agents: none

dbghelp: loaded successfully - version: 4.0.5 - missing functions: none
symbol engine: initialized successfully - sym options: 0x614 - pdb path: .;C:\Program Files\Java\jdk-25.0.2\bin;C:\WINDOWS\SYSTEM32;C:\WINDOWS\WinSxS\amd64_microsoft.windows.common-controls_6595b64144ccf1df_6.0.22621.6060_none_2712eda17382d24b;C:\Program Files\Java\jdk-25.0.2\bin\server;C:\Users\USER\.openjfx\cache\21.0.2+5\amd64;C:\WINDOWS\System32\DriverStore\FileRepository\u0372326.inf_amd64_b91ab8cfa797c6df\B372145;C:\Program Files\Common Files\Microsoft Shared\Ink

VM Arguments:
jvm_args: -Dfile.encoding=IBM437 --module-path=C:\Users\USER\.m2\repository\org\openjfx\javafx-base\21.0.2\javafx-base-21.0.2-win.jar;C:\Users\USER\.m2\repository\org\openjfx\javafx-base\21.0.2\javafx-base-21.0.2.jar;C:\Users\USER\.m2\repository\org\openjfx\javafx-controls\21.0.2\javafx-controls-21.0.2-win.jar;C:\Users\USER\.m2\repository\org\openjfx\javafx-controls\21.0.2\javafx-controls-21.0.2.jar;C:\Users\USER\.m2\repository\org\openjfx\javafx-fxml\21.0.2\javafx-fxml-21.0.2-win.jar;C:\Users\USER\.m2\repository\org\openjfx\javafx-fxml\21.0.2\javafx-fxml-21.0.2.jar;C:\Users\USER\.m2\repository\org\openjfx\javafx-graphics\21.0.2\javafx-graphics-21.0.2-win.jar;C:\Users\USER\.m2\repository\org\openjfx\javafx-graphics\21.0.2\javafx-graphics-21.0.2.jar --add-modules=javafx.base,javafx.controls,javafx.fxml,javafx.graphics 
java_command: org.kostlink.Main
java_class_path (initial): C:\Users\USER\Downloads\FrontendKostlink (1)\FrontendKostlink\target\classes
Launcher Type: SUN_STANDARD

[Global flags]
     intx CICompilerCount                          = 3                                         {product} {ergonomic}
     uint ConcGCThreads                            = 1                                         {product} {ergonomic}
     uint G1ConcRefinementThreads                  = 4                                         {product} {ergonomic}
   size_t G1HeapRegionSize                         = 1048576                                   {product} {ergonomic}
   size_t InitialHeapSize                          = 58720256                                  {product} {ergonomic}
   size_t MarkStackSize                            = 4194304                                   {product} {ergonomic}
   size_t MarkStackSizeMax                         = 536870912                                 {product} {ergonomic}
   size_t MaxHeapSize                              = 926941184                                 {product} {ergonomic}
   size_t MaxNewSize                               = 555745280                                 {product} {ergonomic}
   size_t MinHeapDeltaBytes                        = 1048576                                   {product} {ergonomic}
   size_t MinHeapSize                              = 8388608                                   {product} {ergonomic}
    uintx NonNMethodCodeHeapSize                   = 5832704                                {pd product} {ergonomic}
    uintx NonProfiledCodeHeapSize                  = 122945536                              {pd product} {ergonomic}
    uintx ProfiledCodeHeapSize                     = 122880000                              {pd product} {ergonomic}
    uintx ReservedCodeCacheSize                    = 251658240                              {pd product} {ergonomic}
     bool SegmentedCodeCache                       = true                                      {product} {ergonomic}
   size_t SoftMaxHeapSize                          = 926941184                              {manageable} {ergonomic}
     bool UseCompressedOops                        = true                           {product lp64_product} {ergonomic}
     bool UseG1GC                                  = true                                      {product} {ergonomic}
     bool UseLargePagesIndividualAllocation        = false                                  {pd product} {ergonomic}

Logging:
Log output configuration:
 #0: stdout all=warning uptime,level,tags foldmultilines=false
 #1: stderr all=off uptime,level,tags foldmultilines=false

Release file:
IMPLEMENTOR="Oracle Corporation" 
JAVA_RUNTIME_VERSION="25.0.2+10-LTS-69" 
JAVA_VERSION="25.0.2" 
JAVA_VERSION_DATE="2026-01-20" 
LIBC="default" 
MODULES="java.base java.compiler java.datatransfer java.xml java.prefs java.desktop java.instrument java.logging java.management java.security.sasl java.naming java.rmi java.management.rmi java.net.http java.scripting java.security.jgss java.transaction.xa java.sql java.sql.rowset java.xml.crypto java.se java.smartcardio jdk.accessibility jdk.internal.jvmstat jdk.attach jdk.charsets jdk.internal.opt jdk.zipfs jdk.compiler jdk.crypto.cryptoki jdk.crypto.ec jdk.crypto.mscapi jdk.dynalink jdk.internal.ed jdk.editpad jdk.internal.vm.ci jdk.graal.compiler jdk.graal.compiler.management jdk.hotspot.agent jdk.httpserver jdk.incubator.vector jdk.internal.le jdk.internal.md jdk.jartool jdk.javadoc jdk.jcmd jdk.management jdk.management.agent jdk.jconsole jdk.jdeps jdk.jdwp.agent jdk.jdi jdk.jfr jdk.jlink jdk.jpackage jdk.jshell jdk.jsobject jdk.jstatd jdk.localedata jdk.management.jfr jdk.naming.dns jdk.naming.rmi jdk.net jdk.nio.mapmode jdk.sctp jdk.security.auth jdk.security.jgss jdk.unsupported jdk.unsupported.desktop jdk.xml.dom" 
OS_ARCH="x86_64" 
OS_NAME="Windows" 
SOURCE=".:git:b75efb40c93a open:git:405a5699ebd0" 

Environment Variables:
JAVA_HOME=C:\Program Files\Java\jdk-25.0.2
JAVA_TOOL_OPTIONS=-Dfile.encoding=IBM437
PATH=C:\Program Files\Common Files\Oracle\Java\javapath;C:\WINDOWS\system32;C:\WINDOWS;C:\WINDOWS\System32\Wbem;C:\WINDOWS\System32\WindowsPowerShell\v1.0\;C:\WINDOWS\System32\OpenSSH\;C:\FPC\3.2.2\bin\i386-Win32;C:\MinGW\bin;C:\Program Files\Git\cmd;C:\Program Files\nodejs\;C:\Program Files\Docker\Docker\resources\bin;C:\Program Files\PostgreSQL\15\bin;C:\Program Files\PostgreSQL\18\bin;C:\Program Files\Java\jdk-25.0.2\bin;C:\Users\USER\AppData\Local\Programs\Python\Python313\Scripts\;C:\Users\USER\AppData\Local\Programs\Python\Python313\;C:\Users\USER\AppData\Local\Programs\Python\Launcher\;C:\Users\USER\AppData\Local\Microsoft\WindowsApps;C:\Users\USER\AppData\Local\Programs\Microsoft VS Code\bin;C:\Users\USER\AppData\Roaming\npm;C:\Users\USER\AppData\Local\GitHubDesktop\bin;C:\Program Files\JetBrains\IntelliJ IDEA 2025.3.2\bin;D:\Antigravity\bin
USERNAME=USER
OS=Windows_NT
PROCESSOR_IDENTIFIER=AMD64 Family 23 Model 24 Stepping 1, AuthenticAMD
TMP=C:\Users\USER\AppData\Local\Temp
TEMP=C:\Users\USER\AppData\Local\Temp




Compilation memory statistics disabled.

Periodic native trim disabled

---------------  S Y S T E M  ---------------

OS:
 Windows 11 , 64 bit Build 22621 (10.0.22621.5415)
OS uptime: 0 days 6:41 hours
Hyper-V role detected

CPU: total 4 (initial active 4) (4 cores per cpu, 2 threads per core) family 23 model 24 stepping 1 microcode 0x0, cx8, cmov, fxsr, ht, mmx, 3dnowpref, sse, sse2, sse3, ssse3, sse4a, sse4.1, sse4.2, popcnt, lzcnt, tsc, tscinvbit, avx, avx2, aes, clmul, bmi1, bmi2, adx, sha, fma, vzeroupper, clflush, clflushopt, hv, rdtscp, f16c
Processor Information for the first 4 processors :
  Max Mhz: 2400, Current Mhz: 2400, Mhz Limit: 2400

Memory: 4k page, system-wide physical 3534M (30M free)
TotalPageFile size 14286M (AvailPageFile size 0M)
current process WorkingSet (physical memory assigned to process): 39M, peak: 140M
current process commit charge ("private bytes"): 282M, peak: 296M

vm_info: Java HotSpot(TM) 64-Bit Server VM (25.0.2+10-LTS-69) for windows-amd64 JRE (25.0.2+10-LTS-69), built on 2025-12-18T11:36:35Z with MS VC++ 17.13 (VS2022)

END.
