#
# There is insufficient memory for the Java Runtime Environment to continue.
# Native memory allocation (malloc) failed to allocate 420464 bytes. Error detail: Chunk::new
# Possible reasons:
#   The system is out of physical RAM or swap space
#   This process is running with CompressedOops enabled, and the Java Heap may be blocking the growth of the native heap
# Possible solutions:
#   Reduce memory load on the system
#   Increase physical memory or swap space
#   Check if swap backing store is full
#   Decrease Java heap size (-Xmx/-Xms)
#   Decrease number of Java threads
#   Decrease Java thread stack sizes (-Xss)
#   Set larger code cache with -XX:ReservedCodeCacheSize=
#   JVM is running with Unscaled Compressed Oops mode in which the Java heap is
#     placed in the first 4GB address space. The Java Heap base address is the
#     maximum limit for the native heap growth. Please use -XX:HeapBaseMinAddress
#     to set the Java Heap base and to place the Java Heap above 4GB virtual address.
# This output file may be truncated or incomplete.
#
#  Out of Memory Error (arena.cpp:186), pid=14164, tid=17072
#
# JRE version: Java(TM) SE Runtime Environment (25.0.2+10) (build 25.0.2+10-LTS-69)
# Java VM: Java HotSpot(TM) 64-Bit Server VM (25.0.2+10-LTS-69, mixed mode, sharing, tiered, compressed oops, compressed class ptrs, g1 gc, windows-amd64)
# No core dump will be written. Minidumps are not enabled by default on client versions of Windows
#

---------------  S U M M A R Y ------------

Command Line: -Dfile.encoding=IBM437 --module-path=C:\Users\USER\.m2\repository\org\openjfx\javafx-base\21.0.2\javafx-base-21.0.2-win.jar;C:\Users\USER\.m2\repository\org\openjfx\javafx-base\21.0.2\javafx-base-21.0.2.jar;C:\Users\USER\.m2\repository\org\openjfx\javafx-controls\21.0.2\javafx-controls-21.0.2-win.jar;C:\Users\USER\.m2\repository\org\openjfx\javafx-controls\21.0.2\javafx-controls-21.0.2.jar;C:\Users\USER\.m2\repository\org\openjfx\javafx-fxml\21.0.2\javafx-fxml-21.0.2-win.jar;C:\Users\USER\.m2\repository\org\openjfx\javafx-fxml\21.0.2\javafx-fxml-21.0.2.jar;C:\Users\USER\.m2\repository\org\openjfx\javafx-graphics\21.0.2\javafx-graphics-21.0.2-win.jar;C:\Users\USER\.m2\repository\org\openjfx\javafx-graphics\21.0.2\javafx-graphics-21.0.2.jar --add-modules=javafx.base,javafx.controls,javafx.fxml,javafx.graphics org.kostlink.Main

Host: AMD Athlon Gold 3150U with Radeon Graphics     , 4 cores, 3G,  Windows 11 , 64 bit Build 22621 (10.0.22621.5415)
Time: Thu May 28 22:13:03 2026 SE Asia Standard Time elapsed time: 67.781830 seconds (0d 0h 1m 7s)

---------------  T H R E A D  ---------------

Current thread (0x000001cffb4e0d20):  JavaThread "C2 CompilerThread0" daemon [_thread_in_native, id=17072, stack(0x000000af5fe00000,0x000000af5ff00000) (1024K)]


Current CompileTask:
C2:67782 1896   !   4       java.util.zip.InflaterInputStream::read (129 bytes)

Stack: [0x000000af5fe00000,0x000000af5ff00000]
Native frames: (J=compiled Java code, j=interpreted, Vv=VM code, C=native code)
V  [jvm.dll+0x7a70f9]  (no source info available)
V  [jvm.dll+0x772d6d]  (no source info available)
V  [jvm.dll+0x965d53]  (no source info available)
V  [jvm.dll+0x968351]  (no source info available)
V  [jvm.dll+0x968a63]  (no source info available)
V  [jvm.dll+0x2fc846]  (no source info available)
V  [jvm.dll+0x111b16]  (no source info available)
V  [jvm.dll+0x111e3e]  (no source info available)
V  [jvm.dll+0x4527a7]  (no source info available)
V  [jvm.dll+0x421aa2]  (no source info available)
V  [jvm.dll+0x420eba]  (no source info available)
V  [jvm.dll+0x2c0979]  (no source info available)
V  [jvm.dll+0x2bfb5f]  (no source info available)
V  [jvm.dll+0x2379a0]  (no source info available)
V  [jvm.dll+0x2cfc86]  (no source info available)
V  [jvm.dll+0x2cdf05]  (no source info available)
V  [jvm.dll+0x48e9d1]  (no source info available)
V  [jvm.dll+0x906fcd]  (no source info available)
V  [jvm.dll+0x7a56d5]  (no source info available)
C  [ucrtbase.dll+0x29333]  (no source info available)
C  [KERNEL32.DLL+0x1259d]  (no source info available)
C  [ntdll.dll+0x5af78]  (no source info available)

Lock stack of current Java thread (top to bottom):


---------------  P R O C E S S  ---------------

Threads class SMR info:
_java_thread_list=0x000001cf8a6c15b0, length=17, elements={
0x000001cfde4336b0, 0x000001cffb4d5fd0, 0x000001cffb4d79b0, 0x000001cffb4ddaf0,
0x000001cffb4de6b0, 0x000001cffb4df270, 0x000001cffb4dfe30, 0x000001cffb4e0d20,
0x000001cffb556b20, 0x000001cffb5b0f30, 0x000001cf842fced0, 0x000001cf842b18e0,
0x000001cffb57b830, 0x000001cf843e4c80, 0x000001cf844af680, 0x000001cf848f6230,
0x000001cf84518280
}

Java Threads: ( => current thread )
  0x000001cfde4336b0 JavaThread "main"                              [_thread_blocked, id=14724, stack(0x000000af5f000000,0x000000af5f100000) (1024K)]
  0x000001cffb4d5fd0 JavaThread "Reference Handler"          daemon [_thread_blocked, id=11200, stack(0x000000af5f800000,0x000000af5f900000) (1024K)]
  0x000001cffb4d79b0 JavaThread "Finalizer"                  daemon [_thread_blocked, id=16396, stack(0x000000af5f900000,0x000000af5fa00000) (1024K)]
  0x000001cffb4ddaf0 JavaThread "Signal Dispatcher"          daemon [_thread_blocked, id=17308, stack(0x000000af5fa00000,0x000000af5fb00000) (1024K)]
  0x000001cffb4de6b0 JavaThread "Attach Listener"            daemon [_thread_blocked, id=18372, stack(0x000000af5fb00000,0x000000af5fc00000) (1024K)]
  0x000001cffb4df270 JavaThread "Service Thread"             daemon [_thread_blocked, id=14340, stack(0x000000af5fc00000,0x000000af5fd00000) (1024K)]
  0x000001cffb4dfe30 JavaThread "Monitor Deflation Thread"   daemon [_thread_blocked, id=18668, stack(0x000000af5fd00000,0x000000af5fe00000) (1024K)]
=>0x000001cffb4e0d20 JavaThread "C2 CompilerThread0"         daemon [_thread_in_native, id=17072, stack(0x000000af5fe00000,0x000000af5ff00000) (1024K)]
  0x000001cffb556b20 JavaThread "C1 CompilerThread0"         daemon [_thread_blocked, id=10612, stack(0x000000af5ff00000,0x000000af60000000) (1024K)]
  0x000001cffb5b0f30 JavaThread "Common-Cleaner"             daemon [_thread_blocked, id=13952, stack(0x000000af60000000,0x000000af60100000) (1024K)]
  0x000001cf842fced0 JavaThread "Notification Thread"        daemon [_thread_blocked, id=17664, stack(0x000000af60100000,0x000000af60200000) (1024K)]
  0x000001cf842b18e0 JavaThread "QuantumRenderer-0"          daemon [_thread_in_vm, id=13140, stack(0x000000af60200000,0x000000af60300000) (1024K)]
  0x000001cffb57b830 JavaThread "InvokeLaterDispatcher"      daemon [_thread_blocked, id=15460, stack(0x000000af60500000,0x000000af60600000) (1024K)]
  0x000001cf843e4c80 JavaThread "JavaFX Application Thread"         [_thread_blocked, id=15152, stack(0x000000af60600000,0x000000af60700000) (1024K)]
  0x000001cf844af680 JavaThread "Thread-1"                   daemon [_thread_in_native, id=13376, stack(0x000000af60d00000,0x000000af60e00000) (1024K)]
  0x000001cf848f6230 JavaThread "JavaFX-Launcher"                   [_thread_blocked, id=16528, stack(0x000000af60e00000,0x000000af60f00000) (1024K)]
  0x000001cf84518280 JavaThread "Prism Font Disposer"        daemon [_thread_blocked, id=9460, stack(0x000000af61300000,0x000000af61400000) (1024K)]
Total: 17

Other Threads:
  0x000001cffb4c6820 VMThread "VM Thread"                           [id=18580, stack(0x000000af5f700000,0x000000af5f800000) (1024K)]
  0x000001cffb4bc6a0 WatcherThread "VM Periodic Task Thread"        [id=13052, stack(0x000000af5f600000,0x000000af5f700000) (1024K)]
  0x000001cfe0707290 WorkerThread "GC Thread#0"                     [id=15508, stack(0x000000af5f100000,0x000000af5f200000) (1024K)]
  0x000001cf84741500 WorkerThread "GC Thread#1"                     [id=14000, stack(0x000000af60f00000,0x000000af61000000) (1024K)]
  0x000001cf84741930 WorkerThread "GC Thread#2"                     [id=12036, stack(0x000000af61000000,0x000000af61100000) (1024K)]
  0x000001cf84741d60 WorkerThread "GC Thread#3"                     [id=18220, stack(0x000000af61100000,0x000000af61200000) (1024K)]
  0x000001cfe0712920 ConcurrentGCThread "G1 Main Marker"            [id=17096, stack(0x000000af5f200000,0x000000af5f300000) (1024K)]
  0x000001cfe0713640 WorkerThread "G1 Conc#0"                       [id=19008, stack(0x000000af5f300000,0x000000af5f400000) (1024K)]
  0x000001cfe073ca30 ConcurrentGCThread "G1 Refine#0"               [id=6508, stack(0x000000af5f400000,0x000000af5f500000) (1024K)]
  0x000001cfe073d640 ConcurrentGCThread "G1 Service"                [id=15692, stack(0x000000af5f500000,0x000000af5f600000) (1024K)]
Total: 10

Threads with active compile tasks:
C2 CompilerThread0  68001 1896   !   4       java.util.zip.InflaterInputStream::read (129 bytes)
Total: 1

VM state: not at safepoint (normal execution)

VM Mutex/Monitor currently owned by a thread: None

Heap address: 0x00000000c8c00000, size: 884 MB, Compressed Oops mode: 32-bit

CDS archive(s) mapped at: [0x000000001a000000-0x000000001add0000-0x000000001add0000), size 14483456, SharedBaseAddress: 0x000000001a000000, ArchiveRelocationMode: 1.
Compressed class space mapped at: 0x000000001b000000-0x000000005b000000, reserved size: 1073741824
UseCompressedClassPointers 1, UseCompactObjectHeaders 0
Narrow klass pointer bits 32, Max shift 3
Narrow klass base: 0x000000001a000000, Narrow klass shift: 0
Encoding Range: [0x000000001a000000 - 0x000000011a000000), (4294967296 bytes)
Klass Range:    [0x000000001a010000 - 0x000000005b000000), (1090453504 bytes)
Klass ID Range:  [65536 - 1090519033) (1090453497)
Protection zone: [0x000000001a000000 - 0x000000001a010000), (65536 bytes)

GC Precious Log:
 CardTable entry size: 512
 Card Set container configuration: InlinePtr #cards 5 size 8 Array Of Cards #cards 10 size 36 Howl #buckets 4 coarsen threshold 1843 Howl Bitmap #cards 512 size 80 coarsen threshold 460 Card regions per heap region 1 cards per card region 2048
 CPUs: 4 total, 4 available
 Memory: 3534M
 Large Page Support: Disabled
 NUMA Support: Disabled
 Compressed Oops: Enabled (32-bit)
 Heap Region Size: 1M
 Heap Min Capacity: 8M
 Heap Initial Capacity: 56M
 Heap Max Capacity: 884M
 Pre-touch: Disabled
 Parallel Workers: 4
 Concurrent Workers: 1
 Concurrent Refinement Workers: 4
 Periodic GC: Disabled

Heap:
 garbage-first heap   total reserved 905216K, committed 59392K, used 26118K [0x00000000c8c00000, 0x0000000100000000)
  region size 1024K, 25 young (25600K), 3 survivors (3072K)

Heap Regions: E=young(eden), S=young(survivor), O=old, HS=humongous(starts), HC=humongous(continues), CS=collection set, F=free, TAMS=top-at-mark-start, PB=parsable bottom
|   0|0x00000000c8c00000, 0x00000000c8d00000, 0x00000000c8d00000|100%| O|  |TAMS 0x00000000c8c00000| PB 0x00000000c8c00000| Untracked |  0
|   1|0x00000000c8d00000, 0x00000000c8e00000, 0x00000000c8e00000|100%| O|  |TAMS 0x00000000c8d00000| PB 0x00000000c8d00000| Untracked |  0
|   2|0x00000000c8e00000, 0x00000000c8e14280, 0x00000000c8f00000|  7%| O|  |TAMS 0x00000000c8e00000| PB 0x00000000c8e00000| Untracked |  0
|   3|0x00000000c8f00000, 0x00000000c8f00000, 0x00000000c9000000|  0%| F|  |TAMS 0x00000000c8f00000| PB 0x00000000c8f00000| Untracked |  0
|   4|0x00000000c9000000, 0x00000000c9000000, 0x00000000c9100000|  0%| F|  |TAMS 0x00000000c9000000| PB 0x00000000c9000000| Untracked |  0
|   5|0x00000000c9100000, 0x00000000c9100000, 0x00000000c9200000|  0%| F|  |TAMS 0x00000000c9100000| PB 0x00000000c9100000| Untracked |  0
|   6|0x00000000c9200000, 0x00000000c9200000, 0x00000000c9300000|  0%| F|  |TAMS 0x00000000c9200000| PB 0x00000000c9200000| Untracked |  0
|   7|0x00000000c9300000, 0x00000000c9300000, 0x00000000c9400000|  0%| F|  |TAMS 0x00000000c9300000| PB 0x00000000c9300000| Untracked |  0
|   8|0x00000000c9400000, 0x00000000c9400000, 0x00000000c9500000|  0%| F|  |TAMS 0x00000000c9400000| PB 0x00000000c9400000| Untracked |  0
|   9|0x00000000c9500000, 0x00000000c9500000, 0x00000000c9600000|  0%| F|  |TAMS 0x00000000c9500000| PB 0x00000000c9500000| Untracked |  0
|  10|0x00000000c9600000, 0x00000000c9600000, 0x00000000c9700000|  0%| F|  |TAMS 0x00000000c9600000| PB 0x00000000c9600000| Untracked |  0
|  11|0x00000000c9700000, 0x00000000c9700000, 0x00000000c9800000|  0%| F|  |TAMS 0x00000000c9700000| PB 0x00000000c9700000| Untracked |  0
|  12|0x00000000c9800000, 0x00000000c9800000, 0x00000000c9900000|  0%| F|  |TAMS 0x00000000c9800000| PB 0x00000000c9800000| Untracked |  0
|  13|0x00000000c9900000, 0x00000000c9900000, 0x00000000c9a00000|  0%| F|  |TAMS 0x00000000c9900000| PB 0x00000000c9900000| Untracked |  0
|  14|0x00000000c9a00000, 0x00000000c9a00000, 0x00000000c9b00000|  0%| F|  |TAMS 0x00000000c9a00000| PB 0x00000000c9a00000| Untracked |  0
|  15|0x00000000c9b00000, 0x00000000c9b00000, 0x00000000c9c00000|  0%| F|  |TAMS 0x00000000c9b00000| PB 0x00000000c9b00000| Untracked |  0
|  16|0x00000000c9c00000, 0x00000000c9c00000, 0x00000000c9d00000|  0%| F|  |TAMS 0x00000000c9c00000| PB 0x00000000c9c00000| Untracked |  0
|  17|0x00000000c9d00000, 0x00000000c9d00000, 0x00000000c9e00000|  0%| F|  |TAMS 0x00000000c9d00000| PB 0x00000000c9d00000| Untracked |  0
|  18|0x00000000c9e00000, 0x00000000c9e00000, 0x00000000c9f00000|  0%| F|  |TAMS 0x00000000c9e00000| PB 0x00000000c9e00000| Untracked |  0
|  19|0x00000000c9f00000, 0x00000000c9f00000, 0x00000000ca000000|  0%| F|  |TAMS 0x00000000c9f00000| PB 0x00000000c9f00000| Untracked |  0
|  20|0x00000000ca000000, 0x00000000ca000000, 0x00000000ca100000|  0%| F|  |TAMS 0x00000000ca000000| PB 0x00000000ca000000| Untracked |  0
|  21|0x00000000ca100000, 0x00000000ca100000, 0x00000000ca200000|  0%| F|  |TAMS 0x00000000ca100000| PB 0x00000000ca100000| Untracked |  0
|  22|0x00000000ca200000, 0x00000000ca200000, 0x00000000ca300000|  0%| F|  |TAMS 0x00000000ca200000| PB 0x00000000ca200000| Untracked |  0
|  23|0x00000000ca300000, 0x00000000ca300000, 0x00000000ca400000|  0%| F|  |TAMS 0x00000000ca300000| PB 0x00000000ca300000| Untracked |  0
|  24|0x00000000ca400000, 0x00000000ca400000, 0x00000000ca500000|  0%| F|  |TAMS 0x00000000ca400000| PB 0x00000000ca400000| Untracked |  0
|  25|0x00000000ca500000, 0x00000000ca500000, 0x00000000ca600000|  0%| F|  |TAMS 0x00000000ca500000| PB 0x00000000ca500000| Untracked |  0
|  26|0x00000000ca600000, 0x00000000ca600000, 0x00000000ca700000|  0%| F|  |TAMS 0x00000000ca600000| PB 0x00000000ca600000| Untracked |  0
|  27|0x00000000ca700000, 0x00000000ca700000, 0x00000000ca800000|  0%| F|  |TAMS 0x00000000ca700000| PB 0x00000000ca700000| Untracked |  0
|  28|0x00000000ca800000, 0x00000000ca800000, 0x00000000ca900000|  0%| F|  |TAMS 0x00000000ca800000| PB 0x00000000ca800000| Untracked |  0
|  29|0x00000000ca900000, 0x00000000ca900000, 0x00000000caa00000|  0%| F|  |TAMS 0x00000000ca900000| PB 0x00000000ca900000| Untracked |  0
|  30|0x00000000caa00000, 0x00000000caa00000, 0x00000000cab00000|  0%| F|  |TAMS 0x00000000caa00000| PB 0x00000000caa00000| Untracked |  0
|  31|0x00000000cab00000, 0x00000000cab34200, 0x00000000cac00000| 20%| E|  |TAMS 0x00000000cab00000| PB 0x00000000cab00000| Complete |  0
|  32|0x00000000cac00000, 0x00000000cac47f18, 0x00000000cad00000| 28%| S|CS|TAMS 0x00000000cac00000| PB 0x00000000cac00000| Complete |  0
|  33|0x00000000cad00000, 0x00000000cae00000, 0x00000000cae00000|100%| S|CS|TAMS 0x00000000cad00000| PB 0x00000000cad00000| Complete |  0
|  34|0x00000000cae00000, 0x00000000caf00000, 0x00000000caf00000|100%| S|CS|TAMS 0x00000000cae00000| PB 0x00000000cae00000| Complete |  0
|  35|0x00000000caf00000, 0x00000000cb000000, 0x00000000cb000000|100%| E|CS|TAMS 0x00000000caf00000| PB 0x00000000caf00000| Complete |  0
|  36|0x00000000cb000000, 0x00000000cb100000, 0x00000000cb100000|100%| E|CS|TAMS 0x00000000cb000000| PB 0x00000000cb000000| Complete |  0
|  37|0x00000000cb100000, 0x00000000cb200000, 0x00000000cb200000|100%| E|  |TAMS 0x00000000cb100000| PB 0x00000000cb100000| Complete |  0
|  38|0x00000000cb200000, 0x00000000cb300000, 0x00000000cb300000|100%| E|CS|TAMS 0x00000000cb200000| PB 0x00000000cb200000| Complete |  0
|  39|0x00000000cb300000, 0x00000000cb400000, 0x00000000cb400000|100%| E|CS|TAMS 0x00000000cb300000| PB 0x00000000cb300000| Complete |  0
|  40|0x00000000cb400000, 0x00000000cb500000, 0x00000000cb500000|100%| E|CS|TAMS 0x00000000cb400000| PB 0x00000000cb400000| Complete |  0
|  41|0x00000000cb500000, 0x00000000cb600000, 0x00000000cb600000|100%| E|CS|TAMS 0x00000000cb500000| PB 0x00000000cb500000| Complete |  0
|  42|0x00000000cb600000, 0x00000000cb700000, 0x00000000cb700000|100%| E|CS|TAMS 0x00000000cb600000| PB 0x00000000cb600000| Complete |  0
|  43|0x00000000cb700000, 0x00000000cb800000, 0x00000000cb800000|100%| E|CS|TAMS 0x00000000cb700000| PB 0x00000000cb700000| Complete |  0
|  44|0x00000000cb800000, 0x00000000cb900000, 0x00000000cb900000|100%| E|CS|TAMS 0x00000000cb800000| PB 0x00000000cb800000| Complete |  0
|  45|0x00000000cb900000, 0x00000000cba00000, 0x00000000cba00000|100%| E|CS|TAMS 0x00000000cb900000| PB 0x00000000cb900000| Complete |  0
|  46|0x00000000cba00000, 0x00000000cbb00000, 0x00000000cbb00000|100%| E|CS|TAMS 0x00000000cba00000| PB 0x00000000cba00000| Complete |  0
|  47|0x00000000cbb00000, 0x00000000cbc00000, 0x00000000cbc00000|100%| E|CS|TAMS 0x00000000cbb00000| PB 0x00000000cbb00000| Complete |  0
|  48|0x00000000cbc00000, 0x00000000cbd00000, 0x00000000cbd00000|100%| E|CS|TAMS 0x00000000cbc00000| PB 0x00000000cbc00000| Complete |  0
|  49|0x00000000cbd00000, 0x00000000cbe00000, 0x00000000cbe00000|100%| E|CS|TAMS 0x00000000cbd00000| PB 0x00000000cbd00000| Complete |  0
|  50|0x00000000cbe00000, 0x00000000cbf00000, 0x00000000cbf00000|100%| E|CS|TAMS 0x00000000cbe00000| PB 0x00000000cbe00000| Complete |  0
|  51|0x00000000cbf00000, 0x00000000cc000000, 0x00000000cc000000|100%| E|CS|TAMS 0x00000000cbf00000| PB 0x00000000cbf00000| Complete |  0
|  52|0x00000000cc000000, 0x00000000cc100000, 0x00000000cc100000|100%| E|CS|TAMS 0x00000000cc000000| PB 0x00000000cc000000| Complete |  0
|  53|0x00000000cc100000, 0x00000000cc200000, 0x00000000cc200000|100%| E|CS|TAMS 0x00000000cc100000| PB 0x00000000cc100000| Complete |  0
|  54|0x00000000cc200000, 0x00000000cc300000, 0x00000000cc300000|100%| E|CS|TAMS 0x00000000cc200000| PB 0x00000000cc200000| Complete |  0
|  55|0x00000000cc300000, 0x00000000cc400000, 0x00000000cc400000|100%| E|CS|TAMS 0x00000000cc300000| PB 0x00000000cc300000| Complete |  0
| 882|0x00000000ffe00000, 0x00000000fff00000, 0x00000000fff00000|100%| O|  |TAMS 0x00000000ffe00000| PB 0x00000000ffe00000| Untracked |  0
| 883|0x00000000fff00000, 0x00000000fff257b8, 0x0000000100000000| 14%| O|  |TAMS 0x00000000fff00000| PB 0x00000000fff00000| Untracked |  0

Card table byte_map: [0x000001cff8120000,0x000001cff82e0000] _byte_map_base: 0x000001cff7ada000

Marking Bits: (CMBitMap*) 0x000001cfe0707a20
 Bits: [0x000001cff82e0000, 0x000001cff90b0000)

Polling page: 0x000001cfdfe90000

Metaspace:
Metaspace        used 12671K, committed 12864K, reserved 1114112K
 class space     used 2103K, committed 2176K, reserved 1048576K

Usage:
  Non-class:     10.32 MB used.
      Class:      2.05 MB used.
       Both:     12.37 MB used.

Virtual space:
  Non-class space:       64.00 MB reserved,      10.44 MB ( 16%) committed,  1 nodes.
      Class space:        1.00 GB reserved,       2.12 MB ( <1%) committed,  1 nodes.
             Both:        1.06 GB reserved,      12.56 MB (  1%) committed. 

Chunk freelists:
   Non-Class:  4.20 MB
       Class:  13.88 MB
        Both:  18.08 MB

MaxMetaspaceSize: unlimited
CompressedClassSpaceSize: 1.00 GB
Initial GC threshold: 21.00 MB
Current GC threshold: 21.00 MB
CDS: on
 - commit_granule_bytes: 65536.
 - commit_granule_words: 8192.
 - virtual_space_node_default_size: 8388608.
 - enlarge_chunks_in_place: 1.
UseCompressedClassPointers 1, UseCompactObjectHeaders 0
Narrow klass pointer bits 32, Max shift 3
Narrow klass base: 0x000000001a000000, Narrow klass shift: 0
Encoding Range: [0x000000001a000000 - 0x000000011a000000), (4294967296 bytes)
Klass Range:    [0x000000001a010000 - 0x000000005b000000), (1090453504 bytes)
Klass ID Range:  [65536 - 1090519033) (1090453497)
Protection zone: [0x000000001a000000 - 0x000000001a010000), (65536 bytes)


Internal statistics:

num_allocs_failed_limit: 0.
num_arena_births: 120.
num_arena_deaths: 0.
num_vsnodes_births: 2.
num_vsnodes_deaths: 0.
num_space_committed: 201.
num_space_uncommitted: 0.
num_chunks_returned_to_freelist: 0.
num_chunks_taken_from_freelist: 532.
num_chunk_merges: 0.
num_chunk_splits: 383.
num_chunks_enlarged: 326.
num_inconsistent_stats: 0.

CodeHeap 'non-profiled nmethods': size=120064Kb used=537Kb max_used=537Kb free=119526Kb
 bounds [0x000001cff0a20000, 0x000001cff0c90000, 0x000001cff7f60000]
CodeHeap 'profiled nmethods': size=120000Kb used=2726Kb max_used=2726Kb free=117274Kb
 bounds [0x000001cfe8f60000, 0x000001cfe9210000, 0x000001cff0490000]
CodeHeap 'non-nmethods': size=5696Kb used=1636Kb max_used=1643Kb free=4059Kb
 bounds [0x000001cff0490000, 0x000001cff0700000, 0x000001cff0a20000]
CodeCache: size=245760Kb, used=4899Kb, max_used=4906Kb, free=240859Kb
 total_blobs=2644, nmethods=1879, adapters=668, full_count=0
Compilation: enabled, stopped_count=0, restarted_count=0

Compilation events (20 events):
Event: 67.401 Thread 0x000001cffb4e0d20 nmethod 1884 0x000001cff0aa5988 code [0x000001cff0aa5a80, 0x000001cff0aa5b40]
Event: 67.408 Thread 0x000001cffb556b20 1885       3       java.lang.PublicMethods$Key::matches (31 bytes)
Event: 67.459 Thread 0x000001cffb556b20 nmethod 1885 0x000001cfe9205c08 code [0x000001cfe9205d00, 0x000001cfe9206110]
Event: 67.459 Thread 0x000001cffb556b20 1887       3       javafx.scene.Node::getClip (21 bytes)
Event: 67.460 Thread 0x000001cffb556b20 nmethod 1887 0x000001cfe9206188 code [0x000001cfe9206280, 0x000001cfe92067d0]
Event: 67.465 Thread 0x000001cffb556b20 1888   !   3       java.util.ImmutableCollections$ListItr::next (34 bytes)
Event: 67.465 Thread 0x000001cffb556b20 nmethod 1888 0x000001cfe9206808 code [0x000001cfe9206900, 0x000001cfe9206be0]
Event: 67.465 Thread 0x000001cffb556b20 1889       3       jdk.internal.classfile.impl.StackMapGenerator$Frame::getLocalRawInternal (13 bytes)
Event: 67.466 Thread 0x000001cffb556b20 nmethod 1889 0x000001cfe9206c08 code [0x000001cfe9206d00, 0x000001cfe9206f00]
Event: 67.472 Thread 0x000001cffb556b20 1890       3       java.lang.String::startsWith (123 bytes)
Event: 67.473 Thread 0x000001cffb556b20 nmethod 1890 0x000001cfe9206f08 code [0x000001cfe9207000, 0x000001cfe92079f0]
Event: 67.583 Thread 0x000001cffb4e0d20 1891       4       jdk.internal.classfile.impl.BufWriterImpl::cpIndex (33 bytes)
Event: 67.583 Thread 0x000001cffb556b20 1892       3       jdk.internal.classfile.impl.DirectCodeBuilder::localAccess (37 bytes)
Event: 67.585 Thread 0x000001cffb556b20 nmethod 1892 0x000001cfe9207a08 code [0x000001cfe9207b00, 0x000001cfe9209428]
Event: 67.587 Thread 0x000001cffb4e0d20 nmethod 1891 0x000001cff0aa5c88 code [0x000001cff0aa5d80, 0x000001cff0aa5fe8]
Event: 67.598 Thread 0x000001cffb556b20 1894       1       com.sun.prism.paint.Color::getAlpha (5 bytes)
Event: 67.599 Thread 0x000001cffb556b20 nmethod 1894 0x000001cff0aa6308 code [0x000001cff0aa6400, 0x000001cff0aa64c8]
Event: 67.732 Thread 0x000001cffb556b20 1895       3       java.lang.invoke.BoundMethodHandle$Species_L::make (11 bytes)
Event: 67.732 Thread 0x000001cffb556b20 nmethod 1895 0x000001cfe9209488 code [0x000001cfe9209580, 0x000001cfe92097d8]
Event: 67.733 Thread 0x000001cffb4e0d20 1896   !   4       java.util.zip.InflaterInputStream::read (129 bytes)

GC Heap Usage History (4 events):
Event: 53.338 {heap Before GC invocations=0 (full 0):
 garbage-first heap   total reserved 905216K, committed 59392K, used 29845K [0x00000000c8c00000, 0x0000000100000000)
  region size 1024K, 28 young (28672K), 0 survivors (0K)
}
Event: 54.331 {heap After GC invocations=1 (full 0):
 garbage-first heap   total reserved 905216K, committed 59392K, used 3349K [0x00000000c8c00000, 0x0000000100000000)
  region size 1024K, 3 young (3072K), 3 survivors (3072K)
}
Event: 59.200 {heap Before GC invocations=1 (full 0):
 garbage-first heap   total reserved 905216K, committed 59392K, used 24853K [0x00000000c8c00000, 0x0000000100000000)
  region size 1024K, 24 young (24576K), 3 survivors (3072K)
}
Event: 59.215 {heap After GC invocations=2 (full 0):
 garbage-first heap   total reserved 905216K, committed 59392K, used 5638K [0x00000000c8c00000, 0x0000000100000000)
  region size 1024K, 3 young (3072K), 3 survivors (3072K)
}

Metaspace Usage History (4 events):
Event: 53.339 {metaspace Before GC invocations=0 (full 0):
 Metaspace       used 5289K, committed 5440K, reserved 1114112K
  class space    used 693K, committed 768K, reserved 1048576K
}
Event: 54.331 {metaspace After GC invocations=1 (full 0):
 Metaspace       used 5289K, committed 5440K, reserved 1114112K
  class space    used 693K, committed 768K, reserved 1048576K
}
Event: 59.200 {metaspace Before GC invocations=1 (full 0):
 Metaspace       used 9300K, committed 9472K, reserved 1114112K
  class space    used 1382K, committed 1472K, reserved 1048576K
}
Event: 59.215 {metaspace After GC invocations=2 (full 0):
 Metaspace       used 9300K, committed 9472K, reserved 1114112K
  class space    used 1382K, committed 1472K, reserved 1048576K
}

Dll operation events (20 events):
Event: 25.580 Loaded shared library C:\Users\USER\.openjfx\cache\21.0.2+5\amd64\api-ms-win-crt-locale-l1-1-0.dll
Event: 25.594 Loaded shared library C:\Users\USER\.openjfx\cache\21.0.2+5\amd64\api-ms-win-crt-math-l1-1-0.dll
Event: 25.609 Loaded shared library C:\Users\USER\.openjfx\cache\21.0.2+5\amd64\api-ms-win-crt-multibyte-l1-1-0.dll
Event: 26.199 Loaded shared library C:\Users\USER\.openjfx\cache\21.0.2+5\amd64\api-ms-win-crt-private-l1-1-0.dll
Event: 26.210 Loaded shared library C:\Users\USER\.openjfx\cache\21.0.2+5\amd64\api-ms-win-crt-process-l1-1-0.dll
Event: 26.224 Loaded shared library C:\Users\USER\.openjfx\cache\21.0.2+5\amd64\api-ms-win-crt-runtime-l1-1-0.dll
Event: 26.235 Loaded shared library C:\Users\USER\.openjfx\cache\21.0.2+5\amd64\api-ms-win-crt-stdio-l1-1-0.dll
Event: 26.481 Loaded shared library C:\Users\USER\.openjfx\cache\21.0.2+5\amd64\api-ms-win-crt-string-l1-1-0.dll
Event: 26.670 Loaded shared library C:\Users\USER\.openjfx\cache\21.0.2+5\amd64\api-ms-win-crt-time-l1-1-0.dll
Event: 26.938 Loaded shared library C:\Users\USER\.openjfx\cache\21.0.2+5\amd64\api-ms-win-crt-utility-l1-1-0.dll
Event: 28.319 Loaded shared library C:\Users\USER\.openjfx\cache\21.0.2+5\amd64\ucrtbase.dll
Event: 28.909 Loaded shared library C:\Users\USER\.openjfx\cache\21.0.2+5\amd64\vcruntime140.dll
Event: 28.940 Loaded shared library C:\Users\USER\.openjfx\cache\21.0.2+5\amd64\vcruntime140_1.dll
Event: 29.870 Loaded shared library C:\Users\USER\.openjfx\cache\21.0.2+5\amd64\msvcp140.dll
Event: 30.326 Loaded shared library C:\Users\USER\.openjfx\cache\21.0.2+5\amd64\msvcp140_1.dll
Event: 30.418 Loaded shared library C:\Users\USER\.openjfx\cache\21.0.2+5\amd64\msvcp140_2.dll
Event: 35.183 Loaded shared library C:\Users\USER\.openjfx\cache\21.0.2+5\amd64\prism_d3d.dll
Event: 41.774 Loaded shared library C:\Users\USER\.openjfx\cache\21.0.2+5\amd64\glass.dll
Event: 55.074 Loaded shared library C:\Program Files\Java\jdk-25.0.2\bin\jimage.dll
Event: 56.198 Loaded shared library C:\Users\USER\.openjfx\cache\21.0.2+5\amd64\javafx_font.dll

Deoptimization events (20 events):
Event: 64.760 Thread 0x000001cf843e4c80 Uncommon trap: trap_request=0xffffff45 fr.pc=0x000001cff0a69cc0 relative=0x0000000000000140
Event: 64.760 Thread 0x000001cf843e4c80 Uncommon trap: reason=unstable_if action=reinterpret pc=0x000001cff0a69cc0 method=java.lang.String.indexOf(I)I @ 4 c2
Event: 64.787 Thread 0x000001cf843e4c80 DEOPT PACKING pc=0x000001cff0a69cc0 sp=0x000000af606fd570
Event: 64.787 Thread 0x000001cf843e4c80 DEOPT UNPACKING pc=0x000001cff0519102 sp=0x000000af606fd510 mode 2
Event: 64.851 Thread 0x000001cf843e4c80 Uncommon trap: trap_request=0xffffff45 fr.pc=0x000001cff0a55180 relative=0x0000000000000200
Event: 64.851 Thread 0x000001cf843e4c80 Uncommon trap: reason=unstable_if action=reinterpret pc=0x000001cff0a55180 method=java.lang.String.startsWith(Ljava/lang/String;I)Z @ 50 c2
Event: 64.851 Thread 0x000001cf843e4c80 DEOPT PACKING pc=0x000001cff0a55180 sp=0x000000af606fd510
Event: 64.851 Thread 0x000001cf843e4c80 DEOPT UNPACKING pc=0x000001cff0519102 sp=0x000000af606fd498 mode 2
Event: 67.589 Thread 0x000001cf842b18e0 Uncommon trap: trap_request=0xffffffde fr.pc=0x000001cff0a6f0dc relative=0x000000000000085c
Event: 67.589 Thread 0x000001cf842b18e0 Uncommon trap: reason=class_check action=maybe_recompile pc=0x000001cff0a6f0dc method=java.io.BufferedInputStream.read([BII)I @ 100 c2
Event: 67.589 Thread 0x000001cf842b18e0 DEOPT PACKING pc=0x000001cff0a6f0dc sp=0x000000af602fe150
Event: 67.589 Thread 0x000001cf842b18e0 DEOPT UNPACKING pc=0x000001cff0519102 sp=0x000000af602fe128 mode 2
Event: 67.589 Thread 0x000001cf842b18e0 Uncommon trap: trap_request=0xffffff45 fr.pc=0x000001cff0a6c180 relative=0x0000000000000080
Event: 67.589 Thread 0x000001cf842b18e0 Uncommon trap: reason=unstable_if action=reinterpret pc=0x000001cff0a6c180 method=java.io.BufferedInputStream.getBufIfOpen(Z)[B @ 13 c2
Event: 67.589 Thread 0x000001cf842b18e0 DEOPT PACKING pc=0x000001cff0a6c180 sp=0x000000af602fe060
Event: 67.589 Thread 0x000001cf842b18e0 DEOPT UNPACKING pc=0x000001cff0519102 sp=0x000000af602fdfe0 mode 2
Event: 67.589 Thread 0x000001cf842b18e0 Uncommon trap: trap_request=0xffffff45 fr.pc=0x000001cff0a6ef30 relative=0x00000000000006b0
Event: 67.589 Thread 0x000001cf842b18e0 Uncommon trap: reason=unstable_if action=reinterpret pc=0x000001cff0a6ef30 method=java.io.BufferedInputStream.read([BII)I @ 55 c2
Event: 67.589 Thread 0x000001cf842b18e0 DEOPT PACKING pc=0x000001cff0a6ef30 sp=0x000000af602fe150
Event: 67.589 Thread 0x000001cf842b18e0 DEOPT UNPACKING pc=0x000001cff0519102 sp=0x000000af602fe128 mode 2

Classes loaded (20 events):
Event: 66.393 Loading class java/util/WeakHashMap$EntryIterator
Event: 66.393 Loading class java/util/WeakHashMap$EntryIterator done
Event: 67.284 Loading class java/util/concurrent/ConcurrentLinkedQueue
Event: 67.286 Loading class java/util/concurrent/ConcurrentLinkedQueue done
Event: 67.286 Loading class java/util/concurrent/ConcurrentLinkedQueue$Node
Event: 67.286 Loading class java/util/concurrent/ConcurrentLinkedQueue$Node done
Event: 67.403 Loading class java/nio/DirectByteBuffer$Deallocator
Event: 67.404 Loading class java/nio/DirectByteBuffer$Deallocator done
Event: 67.405 Loading class java/nio/ShortBuffer
Event: 67.406 Loading class java/nio/ShortBuffer done
Event: 67.406 Loading class java/nio/FloatBuffer
Event: 67.407 Loading class java/nio/FloatBuffer done
Event: 67.407 Loading class java/nio/DoubleBuffer
Event: 67.408 Loading class java/nio/DoubleBuffer done
Event: 67.466 Loading class java/nio/DirectFloatBufferU
Event: 67.467 Loading class java/nio/DirectFloatBufferU done
Event: 67.593 Loading class java/lang/FdLibm$Atan2
Event: 67.596 Loading class java/lang/FdLibm$Atan2 done
Event: 67.596 Loading class java/lang/FdLibm$Atan
Event: 67.596 Loading class java/lang/FdLibm$Atan done

Classes unloaded (0 events):
No events

Classes redefined (0 events):
No events

Internal exceptions (20 events):
Event: 58.009 Thread 0x000001cf843e4c80 Implicit null exception at 0x000001cff0a72b4a to 0x000001cff0a72dc4
Event: 58.009 Thread 0x000001cf843e4c80 Implicit null exception at 0x000001cff0a3f91d to 0x000001cff0a3f995
Event: 59.375 Thread 0x000001cf843e4c80 Exception <a 'java/lang/NoSuchMethodError'{0x00000000cc244860}: 'java.lang.Object java.lang.invoke.DirectMethodHandle$Holder.invokeInterface(java.lang.Object, java.lang.Object, java.lang.Object)'> (0x00000000cc244860) 
thrown [s\open\src\hotspot\share\interpreter\linkResolver.cpp, line 804]
Event: 59.390 Thread 0x000001cf843e4c80 Exception <a 'java/lang/IncompatibleClassChangeError'{0x00000000cc24c8f0}: Found class java.lang.Object, but interface was expected> (0x00000000cc24c8f0) 
thrown [s\open\src\hotspot\share\interpreter\linkResolver.cpp, line 871]
Event: 59.641 Thread 0x000001cf843e4c80 Exception <a 'java/lang/ClassNotFoundException'{0x00000000cc0f7ac0}: com/sun/javafx/scene/control/skin/resources/controls> (0x00000000cc0f7ac0) 
thrown [s\open\src\hotspot\share\prims\jni.cpp, line 534]
Event: 59.646 Thread 0x000001cf843e4c80 Exception <a 'java/lang/ClassNotFoundException'{0x00000000cbf050f0}: com/sun/javafx/scene/control/skin/resources/controls_en> (0x00000000cbf050f0) 
thrown [s\open\src\hotspot\share\prims\jni.cpp, line 534]
Event: 59.648 Thread 0x000001cf843e4c80 Exception <a 'java/lang/ClassNotFoundException'{0x00000000cbf062b8}: com/sun/javafx/scene/control/skin/resources/controls_en_US> (0x00000000cbf062b8) 
thrown [s\open\src\hotspot\share\prims\jni.cpp, line 534]
Event: 60.281 Thread 0x000001cf843e4c80 Exception <a 'java/lang/NoSuchMethodError'{0x00000000cbcbed18}: 'void java.lang.invoke.DirectMethodHandle$Holder.invokeSpecial(java.lang.Object, java.lang.Object, java.lang.Object, java.lang.Object, java.lang.Object, java.lang.Object)'> (0x00000000cbcbed18) 
thrown [s\open\src\hotspot\share\interpreter\linkResolver.cpp, line 804]
Event: 63.376 Thread 0x000001cf843e4c80 Exception <a 'java/io/FileNotFoundException'{0x00000000cb5971c8}> (0x00000000cb5971c8) 
thrown [s\open\src\hotspot\share\prims\jni.cpp, line 516]
Event: 63.384 Thread 0x000001cf843e4c80 Exception <a 'java/io/FileNotFoundException'{0x00000000cb598ac8}> (0x00000000cb598ac8) 
thrown [s\open\src\hotspot\share\prims\jni.cpp, line 516]
Event: 63.682 Thread 0x000001cf843e4c80 Exception <a 'java/io/FileNotFoundException'{0x00000000cb5c7438}> (0x00000000cb5c7438) 
thrown [s\open\src\hotspot\share\prims\jni.cpp, line 516]
Event: 63.683 Thread 0x000001cf843e4c80 Exception <a 'java/io/FileNotFoundException'{0x00000000cb5c87d8}> (0x00000000cb5c87d8) 
thrown [s\open\src\hotspot\share\prims\jni.cpp, line 516]
Event: 64.519 Thread 0x000001cf843e4c80 Exception <a 'java/lang/NoSuchMethodError'{0x00000000cb4df588}: 'java.lang.Object java.lang.invoke.DirectMethodHandle$Holder.invokeStatic(java.lang.Object, java.lang.Object, java.lang.Object, java.lang.Object, int)'> (0x00000000cb4df588) 
thrown [s\open\src\hotspot\share\interpreter\linkResolver.cpp, line 804]
Event: 65.320 Thread 0x000001cf843e4c80 Exception <a 'java/lang/NoSuchMethodError'{0x00000000cb388328}: 'java.lang.Object java.lang.invoke.DirectMethodHandle$Holder.newInvokeSpecial(java.lang.Object, java.lang.Object, int)'> (0x00000000cb388328) 
thrown [s\open\src\hotspot\share\interpreter\linkResolver.cpp, line 804]
Event: 67.220 Thread 0x000001cf842b18e0 Exception <a 'java/lang/NoSuchMethodError'{0x00000000cb280038}: 'int java.lang.invoke.DirectMethodHandle$Holder.invokeStaticInit(java.lang.Object, java.lang.Object)'> (0x00000000cb280038) 
thrown [s\open\src\hotspot\share\interpreter\linkResolver.cpp, line 804]
Event: 67.290 Thread 0x000001cf843e4c80 Exception <a 'java/lang/NoSuchMethodError'{0x00000000cb11f210}: 'long java.lang.invoke.DirectMethodHandle$Holder.invokeStaticInit(java.lang.Object, java.lang.Object, java.lang.Object)'> (0x00000000cb11f210) 
thrown [s\open\src\hotspot\share\interpreter\linkResolver.cpp, line 804]
Event: 67.302 Thread 0x000001cf843e4c80 Exception <a 'java/lang/NoSuchMethodError'{0x00000000cb16a200}: 'java.lang.Object java.lang.invoke.DirectMethodHandle$Holder.newInvokeSpecial(java.lang.Object, java.lang.Object, long)'> (0x00000000cb16a200) 
thrown [s\open\src\hotspot\share\interpreter\linkResolver.cpp, line 804]
Event: 67.304 Thread 0x000001cf843e4c80 Exception <a 'java/lang/NoSuchMethodError'{0x00000000cb172e50}: 'java.lang.Object java.lang.invoke.Invokers$Holder.linkToTargetMethod(java.lang.Object, long, java.lang.Object)'> (0x00000000cb172e50) 
thrown [s\open\src\hotspot\share\interpreter\linkResolver.cpp, line 804]
Event: 67.587 Thread 0x000001cf842b18e0 Exception <a 'java/lang/NoSuchMethodError'{0x00000000caf084c8}: 'java.lang.Object java.lang.invoke.Invokers$Holder.invokeExact_MT(java.lang.Object, java.lang.Object, java.lang.Object, java.lang.Object, java.lang.Object)'> (0x00000000caf084c8) 
thrown [s\open\src\hotspot\share\interpreter\linkResolver.cpp, line 804]
Event: 67.688 Thread 0x000001cf842b18e0 Exception <a 'java/lang/NoSuchMethodError'{0x00000000caf519e8}: 'java.lang.Object java.lang.invoke.DirectMethodHandle$Holder.invokeStaticInit(java.lang.Object, int)'> (0x00000000caf519e8) 
thrown [s\open\src\hotspot\share\interpreter\linkResolver.cpp, line 804]

VM Operations (18 events):
Event: 7.611 Executing non-safepoint VM operation: HandshakeAllThreads (Deoptimize)
Event: 7.611 Executing non-safepoint VM operation: HandshakeAllThreads (Deoptimize) done
Event: 9.594 Executing non-safepoint VM operation: HandshakeAllThreads (Deoptimize)
Event: 9.594 Executing non-safepoint VM operation: HandshakeAllThreads (Deoptimize) done
Event: 41.215 Executing non-safepoint VM operation: HandshakeAllThreads (Deoptimize)
Event: 41.216 Executing non-safepoint VM operation: HandshakeAllThreads (Deoptimize) done
Event: 53.336 Executing safepoint VM operation: G1CollectForAllocation (G1 Evacuation Pause)
Event: 54.333 Executing safepoint VM operation: G1CollectForAllocation (G1 Evacuation Pause) done
Event: 57.132 Executing non-safepoint VM operation: HandshakeAllThreads (Deoptimize)
Event: 57.132 Executing non-safepoint VM operation: HandshakeAllThreads (Deoptimize) done
Event: 59.200 Executing safepoint VM operation: G1CollectForAllocation (G1 Evacuation Pause)
Event: 59.215 Executing safepoint VM operation: G1CollectForAllocation (G1 Evacuation Pause) done
Event: 60.363 Executing non-safepoint VM operation: HandshakeAllThreads (HandshakeForDeflation)
Event: 60.364 Executing non-safepoint VM operation: HandshakeAllThreads (HandshakeForDeflation) done
Event: 60.364 Executing non-safepoint VM operation: RendezvousGCThreads
Event: 60.364 Executing non-safepoint VM operation: RendezvousGCThreads done
Event: 62.258 Executing non-safepoint VM operation: HandshakeAllThreads (Deoptimize)
Event: 62.258 Executing non-safepoint VM operation: HandshakeAllThreads (Deoptimize) done

Memory protections (0 events):
No events

Nmethod flushes (0 events):
No events

Events (17 events):
Event: 0.575 Thread 0x000001cfde4336b0 Thread added: 0x000001cfde4336b0
Event: 2.593 Thread 0x000001cfde4336b0 Thread added: 0x000001cffb4d5fd0
Event: 2.594 Thread 0x000001cfde4336b0 Thread added: 0x000001cffb4d79b0
Event: 2.603 Thread 0x000001cfde4336b0 Thread added: 0x000001cffb4ddaf0
Event: 2.604 Thread 0x000001cfde4336b0 Thread added: 0x000001cffb4de6b0
Event: 2.608 Thread 0x000001cfde4336b0 Thread added: 0x000001cffb4df270
Event: 2.608 Thread 0x000001cfde4336b0 Thread added: 0x000001cffb4dfe30
Event: 2.619 Thread 0x000001cfde4336b0 Thread added: 0x000001cffb4e0d20
Event: 2.809 Thread 0x000001cfde4336b0 Thread added: 0x000001cffb556b20
Event: 4.738 Thread 0x000001cfde4336b0 Thread added: 0x000001cffb5b0f30
Event: 9.676 Thread 0x000001cfde4336b0 Thread added: 0x000001cf842fced0
Event: 34.003 Thread 0x000001cfde4336b0 Thread added: 0x000001cf842b18e0
Event: 42.390 Thread 0x000001cfde4336b0 Thread added: 0x000001cffb57b830
Event: 42.410 Thread 0x000001cfde4336b0 Thread added: 0x000001cf843e4c80
Event: 49.412 Thread 0x000001cf844af680 Thread added: 0x000001cf844af680
Event: 49.706 Thread 0x000001cfde4336b0 Thread added: 0x000001cf848f6230
Event: 59.322 Thread 0x000001cf843e4c80 Thread added: 0x000001cf84518280


Dynamic libraries:
0x00007ff62d070000 - 0x00007ff62d080000 	C:\Program Files\Java\jdk-25.0.2\bin\java.exe
0x00007ffc11eb0000 - 0x00007ffc120c8000 	C:\WINDOWS\SYSTEM32\ntdll.dll
0x00007ffc11050000 - 0x00007ffc11114000 	C:\WINDOWS\System32\KERNEL32.DLL
0x00007ffc0f680000 - 0x00007ffc0fa53000 	C:\WINDOWS\System32\KERNELBASE.dll
0x00007ffc0f560000 - 0x00007ffc0f671000 	C:\WINDOWS\System32\ucrtbase.dll
0x00007ffbce7b0000 - 0x00007ffbce7ce000 	C:\Program Files\Java\jdk-25.0.2\bin\VCRUNTIME140.dll
0x00007ffbd4040000 - 0x00007ffbd4057000 	C:\Program Files\Java\jdk-25.0.2\bin\jli.dll
0x00007ffc106a0000 - 0x00007ffc10852000 	C:\WINDOWS\System32\USER32.dll
0x00007ffbfee70000 - 0x00007ffbff10c000 	C:\WINDOWS\WinSxS\amd64_microsoft.windows.common-controls_6595b64144ccf1df_6.0.22621.6060_none_2712eda17382d24b\COMCTL32.dll
0x00007ffc0f390000 - 0x00007ffc0f3b6000 	C:\WINDOWS\System32\win32u.dll
0x00007ffc0fc20000 - 0x00007ffc0fc49000 	C:\WINDOWS\System32\GDI32.dll
0x00007ffc0f440000 - 0x00007ffc0f55b000 	C:\WINDOWS\System32\gdi32full.dll
0x00007ffc0f100000 - 0x00007ffc0f19a000 	C:\WINDOWS\System32\msvcp_win.dll
0x00007ffc11120000 - 0x00007ffc111c7000 	C:\WINDOWS\System32\msvcrt.dll
0x00007ffc11290000 - 0x00007ffc112c1000 	C:\WINDOWS\System32\IMM32.DLL
0x00007ffbfb140000 - 0x00007ffbfb14c000 	C:\Program Files\Java\jdk-25.0.2\bin\vcruntime140_1.dll
0x00007ffb989f0000 - 0x00007ffb98a7d000 	C:\Program Files\Java\jdk-25.0.2\bin\msvcp140.dll
0x00007ffb3b180000 - 0x00007ffb3bfdf000 	C:\Program Files\Java\jdk-25.0.2\bin\server\jvm.dll
0x00007ffc111d0000 - 0x00007ffc11281000 	C:\WINDOWS\System32\ADVAPI32.dll
0x00007ffc11b80000 - 0x00007ffc11c28000 	C:\WINDOWS\System32\sechost.dll
0x00007ffc0fa60000 - 0x00007ffc0fa88000 	C:\WINDOWS\System32\bcrypt.dll
0x00007ffc10940000 - 0x00007ffc10a58000 	C:\WINDOWS\System32\RPCRT4.dll
0x00007ffc11dc0000 - 0x00007ffc11e31000 	C:\WINDOWS\System32\WS2_32.dll
0x00007ffc0ee90000 - 0x00007ffc0eedd000 	C:\WINDOWS\SYSTEM32\POWRPROF.dll
0x00007ffc0aeb0000 - 0x00007ffc0aee4000 	C:\WINDOWS\SYSTEM32\WINMM.dll
0x00007ffc09050000 - 0x00007ffc0905a000 	C:\WINDOWS\SYSTEM32\VERSION.dll
0x00007ffc0ee70000 - 0x00007ffc0ee83000 	C:\WINDOWS\SYSTEM32\UMPDC.dll
0x00007ffc0df70000 - 0x00007ffc0df88000 	C:\WINDOWS\SYSTEM32\kernel.appcore.dll
0x00007ffbfaf20000 - 0x00007ffbfaf2a000 	C:\Program Files\Java\jdk-25.0.2\bin\jimage.dll
0x00007ffc0c850000 - 0x00007ffc0ca83000 	C:\WINDOWS\SYSTEM32\DBGHELP.DLL
0x00007ffc10c40000 - 0x00007ffc10fd1000 	C:\WINDOWS\System32\combase.dll
0x00007ffc10860000 - 0x00007ffc10938000 	C:\WINDOWS\System32\OLEAUT32.dll
0x00007ffbf52b0000 - 0x00007ffbf52e2000 	C:\WINDOWS\SYSTEM32\dbgcore.DLL
0x00007ffc0f1a0000 - 0x00007ffc0f21b000 	C:\WINDOWS\System32\bcryptPrimitives.dll
0x00007ffbcb410000 - 0x00007ffbcb42f000 	C:\Program Files\Java\jdk-25.0.2\bin\java.dll
0x00007ffc10a60000 - 0x00007ffc10c01000 	C:\WINDOWS\System32\ole32.dll
0x00007ffc112d0000 - 0x00007ffc11b6c000 	C:\WINDOWS\System32\SHELL32.dll
0x00007ffc0efc0000 - 0x00007ffc0f0ff000 	C:\WINDOWS\System32\wintypes.dll
0x00007ffc0cd00000 - 0x00007ffc0d61a000 	C:\WINDOWS\SYSTEM32\windows.storage.dll
0x00007ffc10020000 - 0x00007ffc10124000 	C:\WINDOWS\System32\SHCORE.dll
0x00007ffc10fe0000 - 0x00007ffc11049000 	C:\WINDOWS\System32\shlwapi.dll
0x00007ffc0eef0000 - 0x00007ffc0ef15000 	C:\WINDOWS\SYSTEM32\profapi.dll
0x00007ffbcb350000 - 0x00007ffbcb362000 	C:\Program Files\Java\jdk-25.0.2\bin\net.dll
0x00007ffc0e460000 - 0x00007ffc0e4c9000 	C:\WINDOWS\system32\mswsock.dll
0x00007ffba96c0000 - 0x00007ffba96d6000 	C:\Program Files\Java\jdk-25.0.2\bin\nio.dll
0x00007ffba8000000 - 0x00007ffba8017000 	C:\Program Files\Java\jdk-25.0.2\bin\zip.dll
0x000001cf84d60000 - 0x000001cf84d63000 	C:\Users\USER\.openjfx\cache\21.0.2+5\amd64\api-ms-win-core-console-l1-1-0.dll
0x000001cf84d70000 - 0x000001cf84d73000 	C:\Users\USER\.openjfx\cache\21.0.2+5\amd64\api-ms-win-core-console-l1-2-0.dll
0x000001cf84d80000 - 0x000001cf84d83000 	C:\Users\USER\.openjfx\cache\21.0.2+5\amd64\api-ms-win-core-datetime-l1-1-0.dll
0x000001cf84d90000 - 0x000001cf84d93000 	C:\Users\USER\.openjfx\cache\21.0.2+5\amd64\api-ms-win-core-debug-l1-1-0.dll
0x000001cf84da0000 - 0x000001cf84da3000 	C:\Users\USER\.openjfx\cache\21.0.2+5\amd64\api-ms-win-core-errorhandling-l1-1-0.dll
0x000001cf84db0000 - 0x000001cf84db4000 	C:\Users\USER\.openjfx\cache\21.0.2+5\amd64\api-ms-win-core-file-l1-1-0.dll
0x000001cf84dc0000 - 0x000001cf84dc3000 	C:\Users\USER\.openjfx\cache\21.0.2+5\amd64\api-ms-win-core-file-l1-2-0.dll
0x000001cf84dd0000 - 0x000001cf84dd3000 	C:\Users\USER\.openjfx\cache\21.0.2+5\amd64\api-ms-win-core-file-l2-1-0.dll
0x000001cf84de0000 - 0x000001cf84de3000 	C:\Users\USER\.openjfx\cache\21.0.2+5\amd64\api-ms-win-core-handle-l1-1-0.dll
0x000001cf84df0000 - 0x000001cf84df3000 	C:\Users\USER\.openjfx\cache\21.0.2+5\amd64\api-ms-win-core-heap-l1-1-0.dll
0x000001cf84e00000 - 0x000001cf84e03000 	C:\Users\USER\.openjfx\cache\21.0.2+5\amd64\api-ms-win-core-interlocked-l1-1-0.dll
0x000001cf84e10000 - 0x000001cf84e13000 	C:\Users\USER\.openjfx\cache\21.0.2+5\amd64\api-ms-win-core-libraryloader-l1-1-0.dll
0x000001cf84e20000 - 0x000001cf84e23000 	C:\Users\USER\.openjfx\cache\21.0.2+5\amd64\api-ms-win-core-localization-l1-2-0.dll
0x000001cf84e30000 - 0x000001cf84e33000 	C:\Users\USER\.openjfx\cache\21.0.2+5\amd64\api-ms-win-core-memory-l1-1-0.dll
0x000001cf84e40000 - 0x000001cf84e43000 	C:\Users\USER\.openjfx\cache\21.0.2+5\amd64\api-ms-win-core-namedpipe-l1-1-0.dll
0x000001cf84e50000 - 0x000001cf84e53000 	C:\Users\USER\.openjfx\cache\21.0.2+5\amd64\api-ms-win-core-processenvironment-l1-1-0.dll
0x000001cf84e60000 - 0x000001cf84e63000 	C:\Users\USER\.openjfx\cache\21.0.2+5\amd64\api-ms-win-core-processthreads-l1-1-0.dll
0x000001cf84e70000 - 0x000001cf84e73000 	C:\Users\USER\.openjfx\cache\21.0.2+5\amd64\api-ms-win-core-processthreads-l1-1-1.dll
0x000001cf84e80000 - 0x000001cf84e83000 	C:\Users\USER\.openjfx\cache\21.0.2+5\amd64\api-ms-win-core-profile-l1-1-0.dll
0x000001cf84e90000 - 0x000001cf84e93000 	C:\Users\USER\.openjfx\cache\21.0.2+5\amd64\api-ms-win-core-rtlsupport-l1-1-0.dll
0x000001cf84ea0000 - 0x000001cf84ea3000 	C:\Users\USER\.openjfx\cache\21.0.2+5\amd64\api-ms-win-core-string-l1-1-0.dll
0x000001cf84eb0000 - 0x000001cf84eb3000 	C:\Users\USER\.openjfx\cache\21.0.2+5\amd64\api-ms-win-core-synch-l1-1-0.dll
0x000001cf84ec0000 - 0x000001cf84ec3000 	C:\Users\USER\.openjfx\cache\21.0.2+5\amd64\api-ms-win-core-synch-l1-2-0.dll
0x000001cf84ed0000 - 0x000001cf84ed3000 	C:\Users\USER\.openjfx\cache\21.0.2+5\amd64\api-ms-win-core-sysinfo-l1-1-0.dll
0x000001cf84ee0000 - 0x000001cf84ee3000 	C:\Users\USER\.openjfx\cache\21.0.2+5\amd64\api-ms-win-core-timezone-l1-1-0.dll
0x000001cf84ef0000 - 0x000001cf84ef3000 	C:\Users\USER\.openjfx\cache\21.0.2+5\amd64\api-ms-win-core-util-l1-1-0.dll
0x000001cf84f00000 - 0x000001cf84f03000 	C:\Users\USER\.openjfx\cache\21.0.2+5\amd64\api-ms-win-crt-conio-l1-1-0.dll
0x000001cf84f10000 - 0x000001cf84f14000 	C:\Users\USER\.openjfx\cache\21.0.2+5\amd64\api-ms-win-crt-convert-l1-1-0.dll
0x000001cf84f20000 - 0x000001cf84f23000 	C:\Users\USER\.openjfx\cache\21.0.2+5\amd64\api-ms-win-crt-environment-l1-1-0.dll
0x000001cf84f30000 - 0x000001cf84f33000 	C:\Users\USER\.openjfx\cache\21.0.2+5\amd64\api-ms-win-crt-filesystem-l1-1-0.dll
0x000001cf84f40000 - 0x000001cf84f43000 	C:\Users\USER\.openjfx\cache\21.0.2+5\amd64\api-ms-win-crt-heap-l1-1-0.dll
0x000001cf84f50000 - 0x000001cf84f53000 	C:\Users\USER\.openjfx\cache\21.0.2+5\amd64\api-ms-win-crt-locale-l1-1-0.dll
0x000001cf84f60000 - 0x000001cf84f65000 	C:\Users\USER\.openjfx\cache\21.0.2+5\amd64\api-ms-win-crt-math-l1-1-0.dll
0x000001cf84f70000 - 0x000001cf84f75000 	C:\Users\USER\.openjfx\cache\21.0.2+5\amd64\api-ms-win-crt-multibyte-l1-1-0.dll
0x000001cf84f80000 - 0x000001cf84f90000 	C:\Users\USER\.openjfx\cache\21.0.2+5\amd64\api-ms-win-crt-private-l1-1-0.dll
0x000001cf84f90000 - 0x000001cf84f93000 	C:\Users\USER\.openjfx\cache\21.0.2+5\amd64\api-ms-win-crt-process-l1-1-0.dll
0x000001cf84fa0000 - 0x000001cf84fa4000 	C:\Users\USER\.openjfx\cache\21.0.2+5\amd64\api-ms-win-crt-runtime-l1-1-0.dll
0x000001cf84fb0000 - 0x000001cf84fb4000 	C:\Users\USER\.openjfx\cache\21.0.2+5\amd64\api-ms-win-crt-stdio-l1-1-0.dll
0x000001cf84fc0000 - 0x000001cf84fc4000 	C:\Users\USER\.openjfx\cache\21.0.2+5\amd64\api-ms-win-crt-string-l1-1-0.dll
0x000001cf84fd0000 - 0x000001cf84fd3000 	C:\Users\USER\.openjfx\cache\21.0.2+5\amd64\api-ms-win-crt-time-l1-1-0.dll
0x000001cf84fe0000 - 0x000001cf84fe3000 	C:\Users\USER\.openjfx\cache\21.0.2+5\amd64\api-ms-win-crt-utility-l1-1-0.dll
0x00007ffb926f0000 - 0x00007ffb927ec000 	C:\Users\USER\.openjfx\cache\21.0.2+5\amd64\ucrtbase.dll
0x00007ffb9a390000 - 0x00007ffb9a3ab000 	C:\Users\USER\.openjfx\cache\21.0.2+5\amd64\vcruntime140.dll
0x00007ffbe7800000 - 0x00007ffbe780c000 	C:\Users\USER\.openjfx\cache\21.0.2+5\amd64\vcruntime140_1.dll
0x00007ffb91e40000 - 0x00007ffb91ece000 	C:\Users\USER\.openjfx\cache\21.0.2+5\amd64\msvcp140.dll
0x00007ffbe7230000 - 0x00007ffbe7239000 	C:\Users\USER\.openjfx\cache\21.0.2+5\amd64\msvcp140_1.dll
0x00007ffb98950000 - 0x00007ffb98991000 	C:\Users\USER\.openjfx\cache\21.0.2+5\amd64\msvcp140_2.dll
0x00007ffb9a060000 - 0x00007ffb9a090000 	C:\Users\USER\.openjfx\cache\21.0.2+5\amd64\prism_d3d.dll
0x00007ffb87ab0000 - 0x00007ffb87c58000 	C:\WINDOWS\system32\d3d9.dll
0x00007ffc0c4d0000 - 0x00007ffc0c4fb000 	C:\WINDOWS\SYSTEM32\dwmapi.dll
0x00007ffc0c190000 - 0x00007ffc0c1c7000 	C:\WINDOWS\SYSTEM32\dxcore.dll
0x00007ffc0c080000 - 0x00007ffc0c133000 	C:\WINDOWS\system32\uxtheme.dll
0x00007ffc044b0000 - 0x00007ffc04668000 	C:\WINDOWS\System32\DriverStore\FileRepository\u0372326.inf_amd64_b91ab8cfa797c6df\B372145\aticfx64.dll
0x00007ffbeaab0000 - 0x00007ffbeaae4000 	C:\WINDOWS\System32\DriverStore\FileRepository\u0372326.inf_amd64_b91ab8cfa797c6df\B372145\atiu9p64.dll
0x00007ffb990d0000 - 0x00007ffb99e24000 	C:\WINDOWS\System32\DriverStore\FileRepository\u0372326.inf_amd64_b91ab8cfa797c6df\B372145\atiumd64.dll
0x0000000000250000 - 0x00000000010c5000 	C:\WINDOWS\System32\DriverStore\FileRepository\u0372326.inf_amd64_b91ab8cfa797c6df\B372145\atiumd6a.dll
0x00007ffc10220000 - 0x00007ffc10694000 	C:\WINDOWS\System32\SETUPAPI.dll
0x00007ffc04480000 - 0x00007ffc044b0000 	C:\WINDOWS\SYSTEM32\amdihk64.dll
0x00007ffc08360000 - 0x00007ffc083a9000 	C:\WINDOWS\SYSTEM32\directxdatabasehelper.dll
0x00007ffb95ed0000 - 0x00007ffb95f12000 	C:\Users\USER\.openjfx\cache\21.0.2+5\amd64\glass.dll
0x00007ffc11c30000 - 0x00007ffc11d33000 	C:\WINDOWS\System32\COMDLG32.dll
0x00007ffc0fc50000 - 0x00007ffc0fdb0000 	C:\WINDOWS\System32\MSCTF.dll
0x00007ffb968b0000 - 0x00007ffb968c4000 	C:\Users\USER\.openjfx\cache\21.0.2+5\amd64\javafx_font.dll
0x00007ffc096d0000 - 0x00007ffc09948000 	C:\WINDOWS\SYSTEM32\dwrite.dll
0x00007ffc0ff70000 - 0x00007ffc10020000 	C:\WINDOWS\System32\clbcatq.dll
0x00007ffc0be80000 - 0x00007ffc0c032000 	C:\WINDOWS\SYSTEM32\WindowsCodecs.dll
0x00007ffbe0770000 - 0x00007ffbe07ce000 	C:\WINDOWS\system32\dataexchange.dll
0x00007ffc05770000 - 0x00007ffc05a16000 	C:\WINDOWS\system32\twinapi.appcore.dll
0x00007ffb926b0000 - 0x00007ffb926e2000 	C:\Program Files\Common Files\Microsoft Shared\Ink\rtscom.dll
0x00007ffc02df0000 - 0x00007ffc02f35000 	C:\WINDOWS\SYSTEM32\textinputframework.dll

JVMTI agents: none

dbghelp: loaded successfully - version: 4.0.5 - missing functions: none
symbol engine: initialized successfully - sym options: 0x614 - pdb path: .;C:\Program Files\Java\jdk-25.0.2\bin;C:\WINDOWS\SYSTEM32;C:\WINDOWS\WinSxS\amd64_microsoft.windows.common-controls_6595b64144ccf1df_6.0.22621.6060_none_2712eda17382d24b;C:\Program Files\Java\jdk-25.0.2\bin\server;C:\Users\USER\.openjfx\cache\21.0.2+5\amd64;C:\WINDOWS\System32\DriverStore\FileRepository\u0372326.inf_amd64_b91ab8cfa797c6df\B372145;C:\Program Files\Common Files\Microsoft Shared\Ink

VM Arguments:
jvm_args: -Dfile.encoding=IBM437 --module-path=C:\Users\USER\.m2\repository\org\openjfx\javafx-base\21.0.2\javafx-base-21.0.2-win.jar;C:\Users\USER\.m2\repository\org\openjfx\javafx-base\21.0.2\javafx-base-21.0.2.jar;C:\Users\USER\.m2\repository\org\openjfx\javafx-controls\21.0.2\javafx-controls-21.0.2-win.jar;C:\Users\USER\.m2\repository\org\openjfx\javafx-controls\21.0.2\javafx-controls-21.0.2.jar;C:\Users\USER\.m2\repository\org\openjfx\javafx-fxml\21.0.2\javafx-fxml-21.0.2-win.jar;C:\Users\USER\.m2\repository\org\openjfx\javafx-fxml\21.0.2\javafx-fxml-21.0.2.jar;C:\Users\USER\.m2\repository\org\openjfx\javafx-graphics\21.0.2\javafx-graphics-21.0.2-win.jar;C:\Users\USER\.m2\repository\org\openjfx\javafx-graphics\21.0.2\javafx-graphics-21.0.2.jar --add-modules=javafx.base,javafx.controls,javafx.fxml,javafx.graphics 
java_command: org.kostlink.Main
java_class_path (initial): C:\Users\USER\Downloads\FrontendKostlink (1)\FrontendKostlink\target\classes
Launcher Type: SUN_STANDARD

[Global flags]
     intx CICompilerCount                          = 3                                         {product} {ergonomic}
     uint ConcGCThreads                            = 1                                         {product} {ergonomic}
     uint G1ConcRefinementThreads                  = 4                                         {product} {ergonomic}
   size_t G1HeapRegionSize                         = 1048576                                   {product} {ergonomic}
   size_t InitialHeapSize                          = 58720256                                  {product} {ergonomic}
   size_t MarkStackSize                            = 4194304                                   {product} {ergonomic}
   size_t MarkStackSizeMax                         = 536870912                                 {product} {ergonomic}
   size_t MaxHeapSize                              = 926941184                                 {product} {ergonomic}
   size_t MaxNewSize                               = 555745280                                 {product} {ergonomic}
   size_t MinHeapDeltaBytes                        = 1048576                                   {product} {ergonomic}
   size_t MinHeapSize                              = 8388608                                   {product} {ergonomic}
    uintx NonNMethodCodeHeapSize                   = 5832704                                {pd product} {ergonomic}
    uintx NonProfiledCodeHeapSize                  = 122945536                              {pd product} {ergonomic}
    uintx ProfiledCodeHeapSize                     = 122880000                              {pd product} {ergonomic}
    uintx ReservedCodeCacheSize                    = 251658240                              {pd product} {ergonomic}
     bool SegmentedCodeCache                       = true                                      {product} {ergonomic}
   size_t SoftMaxHeapSize                          = 926941184                              {manageable} {ergonomic}
     bool UseCompressedOops                        = true                           {product lp64_product} {ergonomic}
     bool UseG1GC                                  = true                                      {product} {ergonomic}
     bool UseLargePagesIndividualAllocation        = false                                  {pd product} {ergonomic}

Logging:
Log output configuration:
 #0: stdout all=warning uptime,level,tags foldmultilines=false
 #1: stderr all=off uptime,level,tags foldmultilines=false

Release file:
IMPLEMENTOR="Oracle Corporation" 
JAVA_RUNTIME_VERSION="25.0.2+10-LTS-69" 
JAVA_VERSION="25.0.2" 
JAVA_VERSION_DATE="2026-01-20" 
LIBC="default" 
MODULES="java.base java.compiler java.datatransfer java.xml java.prefs java.desktop java.instrument java.logging java.management java.security.sasl java.naming java.rmi java.management.rmi java.net.http java.scripting java.security.jgss java.transaction.xa java.sql java.sql.rowset java.xml.crypto java.se java.smartcardio jdk.accessibility jdk.internal.jvmstat jdk.attach jdk.charsets jdk.internal.opt jdk.zipfs jdk.compiler jdk.crypto.cryptoki jdk.crypto.ec jdk.crypto.mscapi jdk.dynalink jdk.internal.ed jdk.editpad jdk.internal.vm.ci jdk.graal.compiler jdk.graal.compiler.management jdk.hotspot.agent jdk.httpserver jdk.incubator.vector jdk.internal.le jdk.internal.md jdk.jartool jdk.javadoc jdk.jcmd jdk.management jdk.management.agent jdk.jconsole jdk.jdeps jdk.jdwp.agent jdk.jdi jdk.jfr jdk.jlink jdk.jpackage jdk.jshell jdk.jsobject jdk.jstatd jdk.localedata jdk.management.jfr jdk.naming.dns jdk.naming.rmi jdk.net jdk.nio.mapmode jdk.sctp jdk.security.auth jdk.security.jgss jdk.unsupported jdk.unsupported.desktop jdk.xml.dom" 
OS_ARCH="x86_64" 
OS_NAME="Windows" 
SOURCE=".:git:b75efb40c93a open:git:405a5699ebd0" 

Environment Variables:
JAVA_HOME=C:\Program Files\Java\jdk-25.0.2
JAVA_TOOL_OPTIONS=-Dfile.encoding=IBM437
PATH=C:\Program Files\Common Files\Oracle\Java\javapath;C:\WINDOWS\system32;C:\WINDOWS;C:\WINDOWS\System32\Wbem;C:\WINDOWS\System32\WindowsPowerShell\v1.0\;C:\WINDOWS\System32\OpenSSH\;C:\FPC\3.2.2\bin\i386-Win32;C:\MinGW\bin;C:\Program Files\Git\cmd;C:\Program Files\nodejs\;C:\Program Files\Docker\Docker\resources\bin;C:\Program Files\PostgreSQL\15\bin;C:\Program Files\PostgreSQL\18\bin;C:\Program Files\Java\jdk-25.0.2\bin;C:\Users\USER\AppData\Local\Programs\Python\Python313\Scripts\;C:\Users\USER\AppData\Local\Programs\Python\Python313\;C:\Users\USER\AppData\Local\Programs\Python\Launcher\;C:\Users\USER\AppData\Local\Microsoft\WindowsApps;C:\Users\USER\AppData\Local\Programs\Microsoft VS Code\bin;C:\Users\USER\AppData\Roaming\npm;C:\Users\USER\AppData\Local\GitHubDesktop\bin;C:\Program Files\JetBrains\IntelliJ IDEA 2025.3.2\bin;D:\Antigravity\bin
USERNAME=USER
OS=Windows_NT
PROCESSOR_IDENTIFIER=AMD64 Family 23 Model 24 Stepping 1, AuthenticAMD
TMP=C:\Users\USER\AppData\Local\Temp
TEMP=C:\Users\USER\AppData\Local\Temp




Compilation memory statistics disabled.

Periodic native trim disabled

---------------  S Y S T E M  ---------------

OS:
 Windows 11 , 64 bit Build 22621 (10.0.22621.5415)
OS uptime: 0 days 4:39 hours
Hyper-V role detected

CPU: total 4 (initial active 4) (4 cores per cpu, 2 threads per core) family 23 model 24 stepping 1 microcode 0x0, cx8, cmov, fxsr, ht, mmx, 3dnowpref, sse, sse2, sse3, ssse3, sse4a, sse4.1, sse4.2, popcnt, lzcnt, tsc, tscinvbit, avx, avx2, aes, clmul, bmi1, bmi2, adx, sha, fma, vzeroupper, clflush, clflushopt, hv, rdtscp, f16c
Processor Information for the first 4 processors :
  Max Mhz: 2400, Current Mhz: 2400, Mhz Limit: 2400

Memory: 4k page, system-wide physical 3534M (116M free)
TotalPageFile size 14286M (AvailPageFile size 0M)
current process WorkingSet (physical memory assigned to process): 106M, peak: 106M
current process commit charge ("private bytes"): 188M, peak: 189M

vm_info: Java HotSpot(TM) 64-Bit Server VM (25.0.2+10-LTS-69) for windows-amd64 JRE (25.0.2+10-LTS-69), built on 2025-12-18T11:36:35Z with MS VC++ 17.13 (VS2022)

END.
